{"meta": {"format": 3, "version": "7.15.3", "timestamp": "2026-08-05T09:26:34.313209", "branch_coverage": true, "show_contexts": false}, "files": {"engine/__init__.py": {"executed_lines": [], "summary": {"covered_lines": 0, "num_statements": 0, "percent_covered": 100.0, "percent_covered_display": "100", "missing_lines": 0, "excluded_lines": 0, "percent_statements_covered": 100.0, "percent_statements_covered_display": "100", "num_branches": 0, "num_partial_branches": 0, "covered_branches": 0, "missing_branches": 0, "percent_branches_covered": 100.0, "percent_branches_covered_display": "100"}, "missing_lines": [], "excluded_lines": [], "executed_branches": [], "missing_branches": [], "functions": {"": {"executed_lines": [], "summary": {"covered_lines": 0, "num_statements": 0, "percent_covered": 100.0, "percent_covered_display": "100", "missing_lines": 0, "excluded_lines": 0, "percent_statements_covered": 100.0, "percent_statements_covered_display": "100", "num_branches": 0, "num_partial_branches": 0, "covered_branches": 0, "missing_branches": 0, "percent_branches_covered": 100.0, "percent_branches_covered_display": "100"}, "missing_lines": [], "excluded_lines": [], "start_line": 1, "executed_branches": [], "missing_branches": []}}, "classes": {"": {"executed_lines": [], "summary": {"covered_lines": 0, "num_statements": 0, "percent_covered": 100.0, "percent_covered_display": "100", "missing_lines": 0, "excluded_lines": 0, "percent_statements_covered": 100.0, "percent_statements_covered_display": "100", "num_branches": 0, "num_partial_branches": 0, "covered_branches": 0, "missing_branches": 0, "percent_branches_covered": 100.0, "percent_branches_covered_display": "100"}, "missing_lines": [], "excluded_lines": [], "start_line": 1, "executed_branches": [], "missing_branches": []}}}, "engine/config.py": {"executed_lines": [2, 3, 4, 6, 8, 29, 36, 38, 39, 40, 41, 43, 44, 45, 47, 50, 54, 55, 56, 57, 58, 59, 62, 63, 64, 67, 68, 69, 72, 73, 74, 77, 78, 79, 82, 85, 86, 87, 88, 90, 91, 94, 95, 96, 99, 102, 103, 104, 105, 107, 108, 111, 112, 115, 116, 119, 120, 123, 130, 131, 132, 133, 134, 135, 138, 144, 145, 147, 151, 154, 157, 158, 161, 165, 168, 173, 174, 175, 176, 177, 178, 179, 180, 183, 185, 186, 187, 188, 189, 190, 191, 193, 196, 198, 199, 200, 201, 202, 203, 204, 206], "summary": {"covered_lines": 101, "num_statements": 104, "percent_covered": 95.16129032258064, "percent_covered_display": "95", "missing_lines": 3, "excluded_lines": 0, "percent_statements_covered": 97.11538461538461, "percent_statements_covered_display": "97", "num_branches": 20, "num_partial_branches": 3, "covered_branches": 17, "missing_branches": 3, "percent_branches_covered": 85.0, "percent_branches_covered_display": "85"}, "missing_lines": [42, 192, 205], "excluded_lines": [], "executed_branches": [[39, 40], [39, 47], [41, 43], [43, 39], [43, 44], [57, 58], [57, 59], [87, 88], [87, 91], [104, 105], [104, 108], [145, 147], [145, 151], [158, 161], [158, 165], [191, 193], [204, 206]], "missing_branches": [[41, 42], [191, 192], [204, 205]], "functions": {"_code_files": {"executed_lines": [38, 39, 40, 41, 43, 44, 45, 47], "summary": {"covered_lines": 8, "num_statements": 9, "percent_covered": 86.66666666666667, "percent_covered_display": "87", "missing_lines": 1, "excluded_lines": 0, "percent_statements_covered": 88.88888888888889, "percent_statements_covered_display": "89", "num_branches": 6, "num_partial_branches": 1, "covered_branches": 5, "missing_branches": 1, "percent_branches_covered": 83.33333333333333, "percent_branches_covered_display": "83"}, "missing_lines": [42], "excluded_lines": [], "start_line": 36, "executed_branches": [[39, 40], [39, 47], [41, 43], [43, 39], [43, 44]], "missing_branches": [[41, 42]]}, "_reject_dupes": {"executed_lines": [55, 56, 57, 58, 59], "summary": {"covered_lines": 5, "num_statements": 5, "percent_covered": 100.0, "percent_covered_display": "100", "missing_lines": 0, "excluded_lines": 0, "percent_statements_covered": 100.0, "percent_statements_covered_display": "100", "num_branches": 2, "num_partial_branches": 0, "covered_branches": 2, "missing_branches": 0, "percent_branches_covered": 100.0, "percent_branches_covered_display": "100"}, "missing_lines": [], "excluded_lines": [], "start_line": 54, "executed_branches": [[57, 58], [57, 59]], "missing_branches": []}, "load_json": {"executed_lines": [63, 64], "summary": {"covered_lines": 2, "num_statements": 2, "percent_covered": 100.0, "percent_covered_display": "100", "missing_lines": 0, "excluded_lines": 0, "percent_statements_covered": 100.0, "percent_statements_covered_display": "100", "num_branches": 0, "num_partial_branches": 0, "covered_branches": 0, "missing_branches": 0, "percent_branches_covered": 100.0, "percent_branches_covered_display": "100"}, "missing_lines": [], "excluded_lines": [], "start_line": 62, "executed_branches": [], "missing_branches": []}, "load_text": {"executed_lines": [68, 69], "summary": {"covered_lines": 2, "num_statements": 2, "percent_covered": 100.0, "percent_covered_display": "100", "missing_lines": 0, "excluded_lines": 0, "percent_statements_covered": 100.0, "percent_statements_covered_display": "100", "num_branches": 0, "num_partial_branches": 0, "covered_branches": 0, "missing_branches": 0, "percent_branches_covered": 100.0, "percent_branches_covered_display": "100"}, "missing_lines": [], "excluded_lines": [], "start_line": 67, "executed_branches": [], "missing_branches": []}, "file_hash": {"executed_lines": [73, 74], "summary": {"covered_lines": 2, "num_statements": 2, "percent_covered": 100.0, "percent_covered_display": "100", "missing_lines": 0, "excluded_lines": 0, "percent_statements_covered": 100.0, "percent_statements_covered_display": "100", "num_branches": 0, "num_partial_branches": 0, "covered_branches": 0, "missing_branches": 0, "percent_branches_covered": 100.0, "percent_branches_covered_display": "100"}, "missing_lines": [], "excluded_lines": [], "start_line": 72, "executed_branches": [], "missing_branches": []}, "build_manifest": {"executed_lines": [78, 79, 82], "summary": {"covered_lines": 3, "num_statements": 3, "percent_covered": 100.0, "percent_covered_display": "100", "missing_lines": 0, "excluded_lines": 0, "percent_statements_covered": 100.0, "percent_statements_covered_display": "100", "num_branches": 0, "num_partial_branches": 0, "covered_branches": 0, "missing_branches": 0, "percent_branches_covered": 100.0, "percent_branches_covered_display": "100"}, "missing_lines": [], "excluded_lines": [], "start_line": 77, "executed_branches": [], "missing_branches": []}, "verify_integrity": {"executed_lines": [86, 87, 88, 90, 91], "summary": {"covered_lines": 5, "num_statements": 5, "percent_covered": 100.0, "percent_covered_display": "100", "missing_lines": 0, "excluded_lines": 0, "percent_statements_covered": 100.0, "percent_statements_covered_display": "100", "num_branches": 2, "num_partial_branches": 0, "covered_branches": 2, "missing_branches": 0, "percent_branches_covered": 100.0, "percent_branches_covered_display": "100"}, "missing_lines": [], "excluded_lines": [], "start_line": 85, "executed_branches": [[87, 88], [87, 91]], "missing_branches": []}, "build_site_manifest": {"executed_lines": [95, 96, 99], "summary": {"covered_lines": 3, "num_statements": 3, "percent_covered": 100.0, "percent_covered_display": "100", "missing_lines": 0, "excluded_lines": 0, "percent_statements_covered": 100.0, "percent_statements_covered_display": "100", "num_branches": 0, "num_partial_branches": 0, "covered_branches": 0, "missing_branches": 0, "percent_branches_covered": 100.0, "percent_branches_covered_display": "100"}, "missing_lines": [], "excluded_lines": [], "start_line": 94, "executed_branches": [], "missing_branches": []}, "verify_site_integrity": {"executed_lines": [103, 104, 105, 107, 108], "summary": {"covered_lines": 5, "num_statements": 5, "percent_covered": 100.0, "percent_covered_display": "100", "missing_lines": 0, "excluded_lines": 0, "percent_statements_covered": 100.0, "percent_statements_covered_display": "100", "num_branches": 2, "num_partial_branches": 0, "covered_branches": 2, "missing_branches": 0, "percent_branches_covered": 100.0, "percent_branches_covered_display": "100"}, "missing_lines": [], "excluded_lines": [], "start_line": 102, "executed_branches": [[104, 105], [104, 108]], "missing_branches": []}, "load_config": {"executed_lines": [112], "summary": {"covered_lines": 1, "num_statements": 1, "percent_covered": 100.0, "percent_covered_display": "100", "missing_lines": 0, "excluded_lines": 0, "percent_statements_covered": 100.0, "percent_statements_covered_display": "100", "num_branches": 0, "num_partial_branches": 0, "covered_branches": 0, "missing_branches": 0, "percent_branches_covered": 100.0, "percent_branches_covered_display": "100"}, "missing_lines": [], "excluded_lines": [], "start_line": 111, "executed_branches": [], "missing_branches": []}, "load_schema": {"executed_lines": [116], "summary": {"covered_lines": 1, "num_statements": 1, "percent_covered": 100.0, "percent_covered_display": "100", "missing_lines": 0, "excluded_lines": 0, "percent_statements_covered": 100.0, "percent_statements_covered_display": "100", "num_branches": 0, "num_partial_branches": 0, "covered_branches": 0, "missing_branches": 0, "percent_branches_covered": 100.0, "percent_branches_covered_display": "100"}, "missing_lines": [], "excluded_lines": [], "start_line": 115, "executed_branches": [], "missing_branches": []}, "write_launch_manifest": {"executed_lines": [130, 131, 132, 133, 134, 135], "summary": {"covered_lines": 6, "num_statements": 6, "percent_covered": 100.0, "percent_covered_display": "100", "missing_lines": 0, "excluded_lines": 0, "percent_statements_covered": 100.0, "percent_statements_covered_display": "100", "num_branches": 0, "num_partial_branches": 0, "covered_branches": 0, "missing_branches": 0, "percent_branches_covered": 100.0, "percent_branches_covered_display": "100"}, "missing_lines": [], "excluded_lines": [], "start_line": 123, "executed_branches": [], "missing_branches": []}, "check_approved_digest": {"executed_lines": [144, 145, 147, 151], "summary": {"covered_lines": 4, "num_statements": 4, "percent_covered": 100.0, "percent_covered_display": "100", "missing_lines": 0, "excluded_lines": 0, "percent_statements_covered": 100.0, "percent_statements_covered_display": "100", "num_branches": 2, "num_partial_branches": 0, "covered_branches": 2, "missing_branches": 0, "percent_branches_covered": 100.0, "percent_branches_covered_display": "100"}, "missing_lines": [], "excluded_lines": [], "start_line": 138, "executed_branches": [[145, 147], [145, 151]], "missing_branches": []}, "check_approved_site_digest": {"executed_lines": [157, 158, 161, 165], "summary": {"covered_lines": 4, "num_statements": 4, "percent_covered": 100.0, "percent_covered_display": "100", "missing_lines": 0, "excluded_lines": 0, "percent_statements_covered": 100.0, "percent_statements_covered_display": "100", "num_branches": 2, "num_partial_branches": 0, "covered_branches": 2, "missing_branches": 0, "percent_branches_covered": 100.0, "percent_branches_covered_display": "100"}, "missing_lines": [], "excluded_lines": [], "start_line": 154, "executed_branches": [[158, 161], [158, 165]], "missing_branches": []}, "provision_store": {"executed_lines": [173, 174, 175, 176, 177, 178, 179, 180], "summary": {"covered_lines": 8, "num_statements": 8, "percent_covered": 100.0, "percent_covered_display": "100", "missing_lines": 0, "excluded_lines": 0, "percent_statements_covered": 100.0, "percent_statements_covered_display": "100", "num_branches": 0, "num_partial_branches": 0, "covered_branches": 0, "missing_branches": 0, "percent_branches_covered": 100.0, "percent_branches_covered_display": "100"}, "missing_lines": [], "excluded_lines": [], "start_line": 168, "executed_branches": [], "missing_branches": []}, "load_site_manifest": {"executed_lines": [185, 186, 187, 188, 189, 190, 191, 193], "summary": {"covered_lines": 8, "num_statements": 9, "percent_covered": 81.81818181818181, "percent_covered_display": "82", "missing_lines": 1, "excluded_lines": 0, "percent_statements_covered": 88.88888888888889, "percent_statements_covered_display": "89", "num_branches": 2, "num_partial_branches": 1, "covered_branches": 1, "missing_branches": 1, "percent_branches_covered": 50.0, "percent_branches_covered_display": "50"}, "missing_lines": [192], "excluded_lines": [], "start_line": 183, "executed_branches": [[191, 193]], "missing_branches": [[191, 192]]}, "load_launch_manifest": {"executed_lines": [198, 199, 200, 201, 202, 203, 204, 206], "summary": {"covered_lines": 8, "num_statements": 9, "percent_covered": 81.81818181818181, "percent_covered_display": "82", "missing_lines": 1, "excluded_lines": 0, "percent_statements_covered": 88.88888888888889, "percent_statements_covered_display": "89", "num_branches": 2, "num_partial_branches": 1, "covered_branches": 1, "missing_branches": 1, "percent_branches_covered": 50.0, "percent_branches_covered_display": "50"}, "missing_lines": [205], "excluded_lines": [], "start_line": 196, "executed_branches": [[204, 206]], "missing_branches": [[204, 205]]}, "": {"executed_lines": [2, 3, 4, 6, 8, 29, 36, 50, 54, 62, 67, 72, 77, 85, 94, 102, 111, 115, 119, 120, 123, 138, 154, 168, 183, 196], "summary": {"covered_lines": 26, "num_statements": 26, "percent_covered": 100.0, "percent_covered_display": "100", "missing_lines": 0, "excluded_lines": 0, "percent_statements_covered": 100.0, "percent_statements_covered_display": "100", "num_branches": 0, "num_partial_branches": 0, "covered_branches": 0, "missing_branches": 0, "percent_branches_covered": 100.0, "percent_branches_covered_display": "100"}, "missing_lines": [], "excluded_lines": [], "start_line": 1, "executed_branches": [], "missing_branches": []}}, "classes": {"IntegrityError": {"executed_lines": [], "summary": {"covered_lines": 0, "num_statements": 0, "percent_covered": 100.0, "percent_covered_display": "100", "missing_lines": 0, "excluded_lines": 0, "percent_statements_covered": 100.0, "percent_statements_covered_display": "100", "num_branches": 0, "num_partial_branches": 0, "covered_branches": 0, "missing_branches": 0, "percent_branches_covered": 100.0, "percent_branches_covered_display": "100"}, "missing_lines": [], "excluded_lines": [], "start_line": 50, "executed_branches": [], "missing_branches": []}, "": {"executed_lines": [2, 3, 4, 6, 8, 29, 36, 38, 39, 40, 41, 43, 44, 45, 47, 50, 54, 55, 56, 57, 58, 59, 62, 63, 64, 67, 68, 69, 72, 73, 74, 77, 78, 79, 82, 85, 86, 87, 88, 90, 91, 94, 95, 96, 99, 102, 103, 104, 105, 107, 108, 111, 112, 115, 116, 119, 120, 123, 130, 131, 132, 133, 134, 135, 138, 144, 145, 147, 151, 154, 157, 158, 161, 165, 168, 173, 174, 175, 176, 177, 178, 179, 180, 183, 185, 186, 187, 188, 189, 190, 191, 193, 196, 198, 199, 200, 201, 202, 203, 204, 206], "summary": {"covered_lines": 101, "num_statements": 104, "percent_covered": 95.16129032258064, "percent_covered_display": "95", "missing_lines": 3, "excluded_lines": 0, "percent_statements_covered": 97.11538461538461, "percent_statements_covered_display": "97", "num_branches": 20, "num_partial_branches": 3, "covered_branches": 17, "missing_branches": 3, "percent_branches_covered": 85.0, "percent_branches_covered_display": "85"}, "missing_lines": [42, 192, 205], "excluded_lines": [], "start_line": 1, "executed_branches": [[39, 40], [39, 47], [41, 43], [43, 39], [43, 44], [57, 58], [57, 59], [87, 88], [87, 91], [104, 105], [104, 108], [145, 147], [145, 151], [158, 161], [158, 165], [191, 193], [204, 206]], "missing_branches": [[41, 42], [191, 192], [204, 205]]}}}, "engine/dashboard.py": {"executed_lines": [8, 10, 12, 15, 16, 17, 18, 19, 24, 25, 26, 27, 29, 30, 31, 56, 57, 58, 59, 61, 63, 64, 65, 66, 67, 68, 69, 72, 76, 77, 78, 80, 81, 82, 83, 84, 92, 93], "summary": {"covered_lines": 38, "num_statements": 38, "percent_covered": 100.0, "percent_covered_display": "100", "missing_lines": 0, "excluded_lines": 0, "percent_statements_covered": 100.0, "percent_statements_covered_display": "100", "num_branches": 16, "num_partial_branches": 0, "covered_branches": 16, "missing_branches": 0, "percent_branches_covered": 100.0, "percent_branches_covered_display": "100"}, "missing_lines": [], "excluded_lines": [], "executed_branches": [[18, 19], [18, 24], [24, 25], [24, 26], [26, 27], [26, 29], [57, 58], [57, 59], [59, 61], [59, 63], [64, 65], [64, 66], [76, 77], [76, 78], [81, 82], [81, 92]], "missing_branches": [], "functions": {"_account_detail": {"executed_lines": [16, 17, 18, 19, 24, 25, 26, 27, 29, 30, 31], "summary": {"covered_lines": 11, "num_statements": 11, "percent_covered": 100.0, "percent_covered_display": "100", "missing_lines": 0, "excluded_lines": 0, "percent_statements_covered": 100.0, "percent_statements_covered_display": "100", "num_branches": 6, "num_partial_branches": 0, "covered_branches": 6, "missing_branches": 0, "percent_branches_covered": 100.0, "percent_branches_covered_display": "100"}, "missing_lines": [], "excluded_lines": [], "start_line": 15, "executed_branches": [[18, 19], [18, 24], [24, 25], [24, 26], [26, 27], [26, 29]], "missing_branches": []}, "_account_row": {"executed_lines": [57, 58, 59, 61, 63, 64, 65, 66, 67, 68, 69], "summary": {"covered_lines": 11, "num_statements": 11, "percent_covered": 100.0, "percent_covered_display": "100", "missing_lines": 0, "excluded_lines": 0, "percent_statements_covered": 100.0, "percent_statements_covered_display": "100", "num_branches": 6, "num_partial_branches": 0, "covered_branches": 6, "missing_branches": 0, "percent_branches_covered": 100.0, "percent_branches_covered_display": "100"}, "missing_lines": [], "excluded_lines": [], "start_line": 56, "executed_branches": [[57, 58], [57, 59], [59, 61], [59, 63], [64, 65], [64, 66]], "missing_branches": []}, "payload": {"executed_lines": [76, 77, 78, 80, 81, 82, 83, 84, 92, 93], "summary": {"covered_lines": 10, "num_statements": 10, "percent_covered": 100.0, "percent_covered_display": "100", "missing_lines": 0, "excluded_lines": 0, "percent_statements_covered": 100.0, "percent_statements_covered_display": "100", "num_branches": 4, "num_partial_branches": 0, "covered_branches": 4, "missing_branches": 0, "percent_branches_covered": 100.0, "percent_branches_covered_display": "100"}, "missing_lines": [], "excluded_lines": [], "start_line": 72, "executed_branches": [[76, 77], [76, 78], [81, 82], [81, 92]], "missing_branches": []}, "": {"executed_lines": [8, 10, 12, 15, 56, 72], "summary": {"covered_lines": 6, "num_statements": 6, "percent_covered": 100.0, "percent_covered_display": "100", "missing_lines": 0, "excluded_lines": 0, "percent_statements_covered": 100.0, "percent_statements_covered_display": "100", "num_branches": 0, "num_partial_branches": 0, "covered_branches": 0, "missing_branches": 0, "percent_branches_covered": 100.0, "percent_branches_covered_display": "100"}, "missing_lines": [], "excluded_lines": [], "start_line": 1, "executed_branches": [], "missing_branches": []}}, "classes": {"": {"executed_lines": [8, 10, 12, 15, 16, 17, 18, 19, 24, 25, 26, 27, 29, 30, 31, 56, 57, 58, 59, 61, 63, 64, 65, 66, 67, 68, 69, 72, 76, 77, 78, 80, 81, 82, 83, 84, 92, 93], "summary": {"covered_lines": 38, "num_statements": 38, "percent_covered": 100.0, "percent_covered_display": "100", "missing_lines": 0, "excluded_lines": 0, "percent_statements_covered": 100.0, "percent_statements_covered_display": "100", "num_branches": 16, "num_partial_branches": 0, "covered_branches": 16, "missing_branches": 0, "percent_branches_covered": 100.0, "percent_branches_covered_display": "100"}, "missing_lines": [], "excluded_lines": [], "start_line": 1, "executed_branches": [[18, 19], [18, 24], [24, 25], [24, 26], [26, 27], [26, 29], [57, 58], [57, 59], [59, 61], [59, 63], [64, 65], [64, 66], [76, 77], [76, 78], [81, 82], [81, 92]], "missing_branches": []}}}, "engine/decisions.py": {"executed_lines": [2, 3, 5, 7, 8, 10, 11, 14, 16, 17, 18, 19, 20, 21, 22, 23, 24, 25, 26, 27, 30, 33, 34, 35, 36, 37, 38, 41, 42, 48, 50, 51, 52, 53, 54, 55, 56, 57, 58, 60, 61, 62, 63, 64, 65, 66, 70, 71, 76, 77, 79, 80, 83, 84, 85, 86, 87, 89, 90, 91, 92, 94, 95, 96, 97, 98, 99, 100, 101, 102, 103, 104, 106, 107, 108, 109, 110, 112, 115, 116], "summary": {"covered_lines": 80, "num_statements": 80, "percent_covered": 100.0, "percent_covered_display": "100", "missing_lines": 0, "excluded_lines": 0, "percent_statements_covered": 100.0, "percent_statements_covered_display": "100", "num_branches": 46, "num_partial_branches": 0, "covered_branches": 46, "missing_branches": 0, "percent_branches_covered": 100.0, "percent_branches_covered_display": "100"}, "missing_lines": [], "excluded_lines": [], "executed_branches": [[16, 17], [16, 18], [18, 19], [18, 22], [20, 18], [20, 21], [22, 23], [22, 26], [24, 22], [24, 25], [60, 61], [60, 63], [63, 64], [63, 65], [65, 66], [65, 70], [70, 71], [70, 83], [79, 80], [79, 83], [84, 85], [84, 86], [86, 87], [86, 89], [89, 90], [89, 91], [91, 92], [91, 94], [95, 96], [95, 100], [96, 97], [96, 98], [98, 99], [98, 100], [100, 101], [100, 106], [101, 102], [101, 103], [103, 104], [103, 106], [106, 107], [106, 112], [107, 106], [107, 108], [109, 106], [109, 110]], "missing_branches": [], "functions": {"schema_validate": {"executed_lines": [16, 17, 18, 19, 20, 21, 22, 23, 24, 25, 26, 27], "summary": {"covered_lines": 12, "num_statements": 12, "percent_covered": 100.0, "percent_covered_display": "100", "missing_lines": 0, "excluded_lines": 0, "percent_statements_covered": 100.0, "percent_statements_covered_display": "100", "num_branches": 10, "num_partial_branches": 0, "covered_branches": 10, "missing_branches": 0, "percent_branches_covered": 100.0, "percent_branches_covered_display": "100"}, "missing_lines": [], "excluded_lines": [], "start_line": 14, "executed_branches": [[16, 17], [16, 18], [18, 19], [18, 22], [20, 18], [20, 21], [22, 23], [22, 26], [24, 22], [24, 25]], "missing_branches": []}, "_num": {"executed_lines": [34, 35, 36, 37, 38], "summary": {"covered_lines": 5, "num_statements": 5, "percent_covered": 100.0, "percent_covered_display": "100", "missing_lines": 0, "excluded_lines": 0, "percent_statements_covered": 100.0, "percent_statements_covered_display": "100", "num_branches": 0, "num_partial_branches": 0, "covered_branches": 0, "missing_branches": 0, "percent_branches_covered": 100.0, "percent_branches_covered_display": "100"}, "missing_lines": [], "excluded_lines": [], "start_line": 33, "executed_branches": [], "missing_branches": []}, "_cond_ok": {"executed_lines": [42], "summary": {"covered_lines": 1, "num_statements": 1, "percent_covered": 100.0, "percent_covered_display": "100", "missing_lines": 0, "excluded_lines": 0, "percent_statements_covered": 100.0, "percent_statements_covered_display": "100", "num_branches": 0, "num_partial_branches": 0, "covered_branches": 0, "missing_branches": 0, "percent_branches_covered": 100.0, "percent_branches_covered_display": "100"}, "missing_lines": [], "excluded_lines": [], "start_line": 41, "executed_branches": [], "missing_branches": []}, "validate": {"executed_lines": [50, 51, 52, 53, 54, 55, 56, 57, 58, 60, 61, 62, 63, 64, 65, 66, 70, 71, 76, 77, 79, 80, 83, 84, 85, 86, 87, 89, 90, 91, 92, 94, 95, 96, 97, 98, 99, 100, 101, 102, 103, 104, 106, 107, 108, 109, 110, 112], "summary": {"covered_lines": 48, "num_statements": 48, "percent_covered": 100.0, "percent_covered_display": "100", "missing_lines": 0, "excluded_lines": 0, "percent_statements_covered": 100.0, "percent_statements_covered_display": "100", "num_branches": 36, "num_partial_branches": 0, "covered_branches": 36, "missing_branches": 0, "percent_branches_covered": 100.0, "percent_branches_covered_display": "100"}, "missing_lines": [], "excluded_lines": [], "start_line": 48, "executed_branches": [[60, 61], [60, 63], [63, 64], [63, 65], [65, 66], [65, 70], [70, 71], [70, 83], [79, 80], [79, 83], [84, 85], [84, 86], [86, 87], [86, 89], [89, 90], [89, 91], [91, 92], [91, 94], [95, 96], [95, 100], [96, 97], [96, 98], [98, 99], [98, 100], [100, 101], [100, 106], [101, 102], [101, 103], [103, 104], [103, 106], [106, 107], [106, 112], [107, 106], [107, 108], [109, 106], [109, 110]], "missing_branches": []}, "retry_message": {"executed_lines": [116], "summary": {"covered_lines": 1, "num_statements": 1, "percent_covered": 100.0, "percent_covered_display": "100", "missing_lines": 0, "excluded_lines": 0, "percent_statements_covered": 100.0, "percent_statements_covered_display": "100", "num_branches": 0, "num_partial_branches": 0, "covered_branches": 0, "missing_branches": 0, "percent_branches_covered": 100.0, "percent_branches_covered_display": "100"}, "missing_lines": [], "excluded_lines": [], "start_line": 115, "executed_branches": [], "missing_branches": []}, "": {"executed_lines": [2, 3, 5, 7, 8, 10, 11, 14, 30, 33, 41, 48, 115], "summary": {"covered_lines": 13, "num_statements": 13, "percent_covered": 100.0, "percent_covered_display": "100", "missing_lines": 0, "excluded_lines": 0, "percent_statements_covered": 100.0, "percent_statements_covered_display": "100", "num_branches": 0, "num_partial_branches": 0, "covered_branches": 0, "missing_branches": 0, "percent_branches_covered": 100.0, "percent_branches_covered_display": "100"}, "missing_lines": [], "excluded_lines": [], "start_line": 1, "executed_branches": [], "missing_branches": []}}, "classes": {"": {"executed_lines": [2, 3, 5, 7, 8, 10, 11, 14, 16, 17, 18, 19, 20, 21, 22, 23, 24, 25, 26, 27, 30, 33, 34, 35, 36, 37, 38, 41, 42, 48, 50, 51, 52, 53, 54, 55, 56, 57, 58, 60, 61, 62, 63, 64, 65, 66, 70, 71, 76, 77, 79, 80, 83, 84, 85, 86, 87, 89, 90, 91, 92, 94, 95, 96, 97, 98, 99, 100, 101, 102, 103, 104, 106, 107, 108, 109, 110, 112, 115, 116], "summary": {"covered_lines": 80, "num_statements": 80, "percent_covered": 100.0, "percent_covered_display": "100", "missing_lines": 0, "excluded_lines": 0, "percent_statements_covered": 100.0, "percent_statements_covered_display": "100", "num_branches": 46, "num_partial_branches": 0, "covered_branches": 46, "missing_branches": 0, "percent_branches_covered": 100.0, "percent_branches_covered_display": "100"}, "missing_lines": [], "excluded_lines": [], "start_line": 1, "executed_branches": [[16, 17], [16, 18], [18, 19], [18, 22], [20, 18], [20, 21], [22, 23], [22, 26], [24, 22], [24, 25], [60, 61], [60, 63], [63, 64], [63, 65], [65, 66], [65, 70], [70, 71], [70, 83], [79, 80], [79, 83], [84, 85], [84, 86], [86, 87], [86, 89], [89, 90], [89, 91], [91, 92], [91, 94], [95, 96], [95, 100], [96, 97], [96, 98], [98, 99], [98, 100], [100, 101], [100, 106], [101, 102], [101, 103], [103, 104], [103, 106], [106, 107], [106, 112], [107, 106], [107, 108], [109, 106], [109, 110]], "missing_branches": []}}}, "engine/execution.py": {"executed_lines": [2, 4, 6, 9, 10, 13, 14, 17, 18, 19, 20, 21, 22, 29, 32, 34, 35, 36, 37, 38, 39, 40, 41, 42, 43, 44, 45, 46, 47, 50, 51, 52, 53, 54, 55, 56, 57, 58, 59, 60, 61, 62, 63, 64, 67, 69, 70, 71, 72, 74, 75, 76, 77, 79, 80, 82, 83, 84, 86, 87, 88, 89, 90, 91, 92, 93, 94, 95, 97, 98, 99, 100, 101, 102, 103, 104, 106, 107, 108, 109, 111, 112, 113, 114, 115, 116, 117, 119, 121, 122, 123, 124, 125, 126, 127], "summary": {"covered_lines": 95, "num_statements": 95, "percent_covered": 99.17355371900827, "percent_covered_display": "99", "missing_lines": 0, "excluded_lines": 0, "percent_statements_covered": 100.0, "percent_statements_covered_display": "100", "num_branches": 26, "num_partial_branches": 1, "covered_branches": 25, "missing_branches": 1, "percent_branches_covered": 96.15384615384616, "percent_branches_covered_display": "96"}, "missing_lines": [], "excluded_lines": [], "executed_branches": [[34, 35], [34, 36], [44, -32], [44, 45], [52, 53], [52, 54], [74, 75], [74, 86], [75, 76], [75, 79], [82, 83], [82, 84], [86, 87], [86, 93], [89, 90], [89, 91], [93, 94], [93, 97], [100, 101], [100, 102], [102, 103], [102, 111], [119, 121], [125, 126], [125, 127]], "missing_branches": [[119, 124]], "functions": {"_qq": {"executed_lines": [10], "summary": {"covered_lines": 1, "num_statements": 1, "percent_covered": 100.0, "percent_covered_display": "100", "missing_lines": 0, "excluded_lines": 0, "percent_statements_covered": 100.0, "percent_statements_covered_display": "100", "num_branches": 0, "num_partial_branches": 0, "covered_branches": 0, "missing_branches": 0, "percent_branches_covered": 100.0, "percent_branches_covered_display": "100"}, "missing_lines": [], "excluded_lines": [], "start_line": 9, "executed_branches": [], "missing_branches": []}, "_fee": {"executed_lines": [14], "summary": {"covered_lines": 1, "num_statements": 1, "percent_covered": 100.0, "percent_covered_display": "100", "missing_lines": 0, "excluded_lines": 0, "percent_statements_covered": 100.0, "percent_statements_covered_display": "100", "num_branches": 0, "num_partial_branches": 0, "covered_branches": 0, "missing_branches": 0, "percent_branches_covered": 100.0, "percent_branches_covered_display": "100"}, "missing_lines": [], "excluded_lines": [], "start_line": 13, "executed_branches": [], "missing_branches": []}, "_record_trade": {"executed_lines": [18, 19, 20, 21, 22, 29], "summary": {"covered_lines": 6, "num_statements": 6, "percent_covered": 100.0, "percent_covered_display": "100", "missing_lines": 0, "excluded_lines": 0, "percent_statements_covered": 100.0, "percent_statements_covered_display": "100", "num_branches": 0, "num_partial_branches": 0, "covered_branches": 0, "missing_branches": 0, "percent_branches_covered": 100.0, "percent_branches_covered_display": "100"}, "missing_lines": [], "excluded_lines": [], "start_line": 17, "executed_branches": [], "missing_branches": []}, "close_position": {"executed_lines": [34, 35, 36, 37, 38, 39, 40, 41, 42, 43, 44, 45, 46, 47], "summary": {"covered_lines": 14, "num_statements": 14, "percent_covered": 100.0, "percent_covered_display": "100", "missing_lines": 0, "excluded_lines": 0, "percent_statements_covered": 100.0, "percent_statements_covered_display": "100", "num_branches": 4, "num_partial_branches": 0, "covered_branches": 4, "missing_branches": 0, "percent_branches_covered": 100.0, "percent_branches_covered_display": "100"}, "missing_lines": [], "excluded_lines": [], "start_line": 32, "executed_branches": [[34, 35], [34, 36], [44, -32], [44, 45]], "missing_branches": []}, "_open": {"executed_lines": [51, 52, 53, 54, 55, 56, 57, 58, 59, 60, 61, 62, 63, 64], "summary": {"covered_lines": 14, "num_statements": 14, "percent_covered": 100.0, "percent_covered_display": "100", "missing_lines": 0, "excluded_lines": 0, "percent_statements_covered": 100.0, "percent_statements_covered_display": "100", "num_branches": 2, "num_partial_branches": 0, "covered_branches": 2, "missing_branches": 0, "percent_branches_covered": 100.0, "percent_branches_covered_display": "100"}, "missing_lines": [], "excluded_lines": [], "start_line": 50, "executed_branches": [[52, 53], [52, 54]], "missing_branches": []}, "apply_decision": {"executed_lines": [69, 70, 71, 72, 74, 75, 76, 77, 79, 80, 82, 83, 84, 86, 87, 88, 89, 90, 91, 92, 93, 94, 95, 97, 98, 99, 100, 101, 102, 103, 104, 106, 107, 108, 109, 111, 112, 113, 114, 115, 116, 117, 119, 121, 122, 123, 124, 125, 126, 127], "summary": {"covered_lines": 50, "num_statements": 50, "percent_covered": 98.57142857142857, "percent_covered_display": "99", "missing_lines": 0, "excluded_lines": 0, "percent_statements_covered": 100.0, "percent_statements_covered_display": "100", "num_branches": 20, "num_partial_branches": 1, "covered_branches": 19, "missing_branches": 1, "percent_branches_covered": 95.0, "percent_branches_covered_display": "95"}, "missing_lines": [], "excluded_lines": [], "start_line": 67, "executed_branches": [[74, 75], [74, 86], [75, 76], [75, 79], [82, 83], [82, 84], [86, 87], [86, 93], [89, 90], [89, 91], [93, 94], [93, 97], [100, 101], [100, 102], [102, 103], [102, 111], [119, 121], [125, 126], [125, 127]], "missing_branches": [[119, 124]]}, "": {"executed_lines": [2, 4, 6, 9, 13, 17, 32, 50, 67], "summary": {"covered_lines": 9, "num_statements": 9, "percent_covered": 100.0, "percent_covered_display": "100", "missing_lines": 0, "excluded_lines": 0, "percent_statements_covered": 100.0, "percent_statements_covered_display": "100", "num_branches": 0, "num_partial_branches": 0, "covered_branches": 0, "missing_branches": 0, "percent_branches_covered": 100.0, "percent_branches_covered_display": "100"}, "missing_lines": [], "excluded_lines": [], "start_line": 1, "executed_branches": [], "missing_branches": []}}, "classes": {"": {"executed_lines": [2, 4, 6, 9, 10, 13, 14, 17, 18, 19, 20, 21, 22, 29, 32, 34, 35, 36, 37, 38, 39, 40, 41, 42, 43, 44, 45, 46, 47, 50, 51, 52, 53, 54, 55, 56, 57, 58, 59, 60, 61, 62, 63, 64, 67, 69, 70, 71, 72, 74, 75, 76, 77, 79, 80, 82, 83, 84, 86, 87, 88, 89, 90, 91, 92, 93, 94, 95, 97, 98, 99, 100, 101, 102, 103, 104, 106, 107, 108, 109, 111, 112, 113, 114, 115, 116, 117, 119, 121, 122, 123, 124, 125, 126, 127], "summary": {"covered_lines": 95, "num_statements": 95, "percent_covered": 99.17355371900827, "percent_covered_display": "99", "missing_lines": 0, "excluded_lines": 0, "percent_statements_covered": 100.0, "percent_statements_covered_display": "100", "num_branches": 26, "num_partial_branches": 1, "covered_branches": 25, "missing_branches": 1, "percent_branches_covered": 96.15384615384616, "percent_branches_covered_display": "96"}, "missing_lines": [], "excluded_lines": [], "start_line": 1, "executed_branches": [[34, 35], [34, 36], [44, -32], [44, 45], [52, 53], [52, 54], [74, 75], [74, 86], [75, 76], [75, 79], [82, 83], [82, 84], [86, 87], [86, 93], [89, 90], [89, 91], [93, 94], [93, 97], [100, 101], [100, 102], [102, 103], [102, 111], [119, 121], [125, 126], [125, 127]], "missing_branches": [[119, 124]]}}}, "engine/features.py": {"executed_lines": [3, 5, 8, 9, 12, 13, 14, 15, 16, 17, 18, 19, 20, 21, 22, 23, 24, 25, 28, 29, 30, 31, 34, 35, 36, 38, 39, 40, 41, 42, 43, 44, 45, 48, 50, 52, 53, 54, 55, 56, 57, 58, 61, 63, 65, 66, 67, 68, 69, 70, 71, 72, 73, 74, 75, 78, 80, 81, 82, 83, 84], "summary": {"covered_lines": 61, "num_statements": 64, "percent_covered": 93.02325581395348, "percent_covered_display": "93", "missing_lines": 3, "excluded_lines": 0, "percent_statements_covered": 95.3125, "percent_statements_covered_display": "95", "num_branches": 22, "num_partial_branches": 3, "covered_branches": 19, "missing_branches": 3, "percent_branches_covered": 86.36363636363636, "percent_branches_covered_display": "86"}, "missing_lines": [37, 51, 64], "excluded_lines": [], "executed_branches": [[14, 15], [14, 16], [19, 20], [19, 22], [22, 23], [22, 24], [29, 30], [29, 31], [36, 38], [39, 40], [39, 42], [43, 44], [43, 45], [50, 52], [63, 65], [67, 68], [67, 69], [73, 74], [73, 75]], "missing_branches": [[36, 37], [50, 51], [63, 64]], "functions": {"_q": {"executed_lines": [9], "summary": {"covered_lines": 1, "num_statements": 1, "percent_covered": 100.0, "percent_covered_display": "100", "missing_lines": 0, "excluded_lines": 0, "percent_statements_covered": 100.0, "percent_statements_covered_display": "100", "num_branches": 0, "num_partial_branches": 0, "covered_branches": 0, "missing_branches": 0, "percent_branches_covered": 100.0, "percent_branches_covered_display": "100"}, "missing_lines": [], "excluded_lines": [], "start_line": 8, "executed_branches": [], "missing_branches": []}, "rsi14": {"executed_lines": [13, 14, 15, 16, 17, 18, 19, 20, 21, 22, 23, 24, 25], "summary": {"covered_lines": 13, "num_statements": 13, "percent_covered": 100.0, "percent_covered_display": "100", "missing_lines": 0, "excluded_lines": 0, "percent_statements_covered": 100.0, "percent_statements_covered_display": "100", "num_branches": 6, "num_partial_branches": 0, "covered_branches": 6, "missing_branches": 0, "percent_branches_covered": 100.0, "percent_branches_covered_display": "100"}, "missing_lines": [], "excluded_lines": [], "start_line": 12, "executed_branches": [[14, 15], [14, 16], [19, 20], [19, 22], [22, 23], [22, 24]], "missing_branches": []}, "sma": {"executed_lines": [29, 30, 31], "summary": {"covered_lines": 3, "num_statements": 3, "percent_covered": 100.0, "percent_covered_display": "100", "missing_lines": 0, "excluded_lines": 0, "percent_statements_covered": 100.0, "percent_statements_covered_display": "100", "num_branches": 2, "num_partial_branches": 0, "covered_branches": 2, "missing_branches": 0, "percent_branches_covered": 100.0, "percent_branches_covered_display": "100"}, "missing_lines": [], "excluded_lines": [], "start_line": 28, "executed_branches": [[29, 30], [29, 31]], "missing_branches": []}, "atr14": {"executed_lines": [35, 36, 38, 39, 40, 41, 42, 43, 44, 45], "summary": {"covered_lines": 10, "num_statements": 11, "percent_covered": 88.23529411764706, "percent_covered_display": "88", "missing_lines": 1, "excluded_lines": 0, "percent_statements_covered": 90.9090909090909, "percent_statements_covered_display": "91", "num_branches": 6, "num_partial_branches": 1, "covered_branches": 5, "missing_branches": 1, "percent_branches_covered": 83.33333333333333, "percent_branches_covered_display": "83"}, "missing_lines": [37], "excluded_lines": [], "start_line": 34, "executed_branches": [[36, 38], [39, 40], [39, 42], [43, 44], [43, 45]], "missing_branches": [[36, 37]]}, "volume_features": {"executed_lines": [50, 52, 53, 54, 55, 56, 57, 58], "summary": {"covered_lines": 8, "num_statements": 9, "percent_covered": 81.81818181818181, "percent_covered_display": "82", "missing_lines": 1, "excluded_lines": 0, "percent_statements_covered": 88.88888888888889, "percent_statements_covered_display": "89", "num_branches": 2, "num_partial_branches": 1, "covered_branches": 1, "missing_branches": 1, "percent_branches_covered": 50.0, "percent_branches_covered_display": "50"}, "missing_lines": [51], "excluded_lines": [], "start_line": 48, "executed_branches": [[50, 52]], "missing_branches": [[50, 51]]}, "vwap24": {"executed_lines": [63, 65, 66, 67, 68, 69, 70, 71, 72, 73, 74, 75], "summary": {"covered_lines": 12, "num_statements": 13, "percent_covered": 89.47368421052632, "percent_covered_display": "89", "missing_lines": 1, "excluded_lines": 0, "percent_statements_covered": 92.3076923076923, "percent_statements_covered_display": "92", "num_branches": 6, "num_partial_branches": 1, "covered_branches": 5, "missing_branches": 1, "percent_branches_covered": 83.33333333333333, "percent_branches_covered_display": "83"}, "missing_lines": [64], "excluded_lines": [], "start_line": 61, "executed_branches": [[63, 65], [67, 68], [67, 69], [73, 74], [73, 75]], "missing_branches": [[63, 64]]}, "feature_values": {"executed_lines": [80, 81, 82, 83, 84], "summary": {"covered_lines": 5, "num_statements": 5, "percent_covered": 100.0, "percent_covered_display": "100", "missing_lines": 0, "excluded_lines": 0, "percent_statements_covered": 100.0, "percent_statements_covered_display": "100", "num_branches": 0, "num_partial_branches": 0, "covered_branches": 0, "missing_branches": 0, "percent_branches_covered": 100.0, "percent_branches_covered_display": "100"}, "missing_lines": [], "excluded_lines": [], "start_line": 78, "executed_branches": [], "missing_branches": []}, "": {"executed_lines": [3, 5, 8, 12, 28, 34, 48, 61, 78], "summary": {"covered_lines": 9, "num_statements": 9, "percent_covered": 100.0, "percent_covered_display": "100", "missing_lines": 0, "excluded_lines": 0, "percent_statements_covered": 100.0, "percent_statements_covered_display": "100", "num_branches": 0, "num_partial_branches": 0, "covered_branches": 0, "missing_branches": 0, "percent_branches_covered": 100.0, "percent_branches_covered_display": "100"}, "missing_lines": [], "excluded_lines": [], "start_line": 1, "executed_branches": [], "missing_branches": []}}, "classes": {"": {"executed_lines": [3, 5, 8, 9, 12, 13, 14, 15, 16, 17, 18, 19, 20, 21, 22, 23, 24, 25, 28, 29, 30, 31, 34, 35, 36, 38, 39, 40, 41, 42, 43, 44, 45, 48, 50, 52, 53, 54, 55, 56, 57, 58, 61, 63, 65, 66, 67, 68, 69, 70, 71, 72, 73, 74, 75, 78, 80, 81, 82, 83, 84], "summary": {"covered_lines": 61, "num_statements": 64, "percent_covered": 93.02325581395348, "percent_covered_display": "93", "missing_lines": 3, "excluded_lines": 0, "percent_statements_covered": 95.3125, "percent_statements_covered_display": "95", "num_branches": 22, "num_partial_branches": 3, "covered_branches": 19, "missing_branches": 3, "percent_branches_covered": 86.36363636363636, "percent_branches_covered_display": "86"}, "missing_lines": [37, 51, 64], "excluded_lines": [], "start_line": 1, "executed_branches": [[14, 15], [14, 16], [19, 20], [19, 22], [22, 23], [22, 24], [29, 30], [29, 31], [36, 38], [39, 40], [39, 42], [43, 44], [43, 45], [50, 52], [63, 65], [67, 68], [67, 69], [73, 74], [73, 75]], "missing_branches": [[36, 37], [50, 51], [63, 64]]}}}, "engine/lifecycle.py": {"executed_lines": [3, 4, 7, 9, 21, 22, 23, 24, 27, 29, 30, 32, 33, 36, 37, 38, 39, 42, 44, 45, 46, 47, 48], "summary": {"covered_lines": 23, "num_statements": 23, "percent_covered": 100.0, "percent_covered_display": "100", "missing_lines": 0, "excluded_lines": 0, "percent_statements_covered": 100.0, "percent_statements_covered_display": "100", "num_branches": 10, "num_partial_branches": 0, "covered_branches": 10, "missing_branches": 0, "percent_branches_covered": 100.0, "percent_branches_covered_display": "100"}, "missing_lines": [], "excluded_lines": [], "executed_branches": [[22, 23], [22, 24], [29, 30], [29, 33], [37, -36], [37, 38], [44, 45], [44, 46], [46, 47], [46, 48]], "missing_branches": [], "functions": {"new_lifecycle": {"executed_lines": [9], "summary": {"covered_lines": 1, "num_statements": 1, "percent_covered": 100.0, "percent_covered_display": "100", "missing_lines": 0, "excluded_lines": 0, "percent_statements_covered": 100.0, "percent_statements_covered_display": "100", "num_branches": 0, "num_partial_branches": 0, "covered_branches": 0, "missing_branches": 0, "percent_branches_covered": 100.0, "percent_branches_covered_display": "100"}, "missing_lines": [], "excluded_lines": [], "start_line": 7, "executed_branches": [], "missing_branches": []}, "condition_met": {"executed_lines": [22, 23, 24], "summary": {"covered_lines": 3, "num_statements": 3, "percent_covered": 100.0, "percent_covered_display": "100", "missing_lines": 0, "excluded_lines": 0, "percent_statements_covered": 100.0, "percent_statements_covered_display": "100", "num_branches": 2, "num_partial_branches": 0, "covered_branches": 2, "missing_branches": 0, "percent_branches_covered": 100.0, "percent_branches_covered_display": "100"}, "missing_lines": [], "excluded_lines": [], "start_line": 21, "executed_branches": [[22, 23], [22, 24]], "missing_branches": []}, "latch": {"executed_lines": [29, 30, 32, 33], "summary": {"covered_lines": 4, "num_statements": 4, "percent_covered": 100.0, "percent_covered_display": "100", "missing_lines": 0, "excluded_lines": 0, "percent_statements_covered": 100.0, "percent_statements_covered_display": "100", "num_branches": 2, "num_partial_branches": 0, "covered_branches": 2, "missing_branches": 0, "percent_branches_covered": 100.0, "percent_branches_covered_display": "100"}, "missing_lines": [], "excluded_lines": [], "start_line": 27, "executed_branches": [[29, 30], [29, 33]], "missing_branches": []}, "end": {"executed_lines": [37, 38, 39], "summary": {"covered_lines": 3, "num_statements": 3, "percent_covered": 100.0, "percent_covered_display": "100", "missing_lines": 0, "excluded_lines": 0, "percent_statements_covered": 100.0, "percent_statements_covered_display": "100", "num_branches": 2, "num_partial_branches": 0, "covered_branches": 2, "missing_branches": 0, "percent_branches_covered": 100.0, "percent_branches_covered_display": "100"}, "missing_lines": [], "excluded_lines": [], "start_line": 36, "executed_branches": [[37, -36], [37, 38]], "missing_branches": []}, "active_at": {"executed_lines": [44, 45, 46, 47, 48], "summary": {"covered_lines": 5, "num_statements": 5, "percent_covered": 100.0, "percent_covered_display": "100", "missing_lines": 0, "excluded_lines": 0, "percent_statements_covered": 100.0, "percent_statements_covered_display": "100", "num_branches": 4, "num_partial_branches": 0, "covered_branches": 4, "missing_branches": 0, "percent_branches_covered": 100.0, "percent_branches_covered_display": "100"}, "missing_lines": [], "excluded_lines": [], "start_line": 42, "executed_branches": [[44, 45], [44, 46], [46, 47], [46, 48]], "missing_branches": []}, "": {"executed_lines": [3, 4, 7, 21, 27, 36, 42], "summary": {"covered_lines": 7, "num_statements": 7, "percent_covered": 100.0, "percent_covered_display": "100", "missing_lines": 0, "excluded_lines": 0, "percent_statements_covered": 100.0, "percent_statements_covered_display": "100", "num_branches": 0, "num_partial_branches": 0, "covered_branches": 0, "missing_branches": 0, "percent_branches_covered": 100.0, "percent_branches_covered_display": "100"}, "missing_lines": [], "excluded_lines": [], "start_line": 1, "executed_branches": [], "missing_branches": []}}, "classes": {"": {"executed_lines": [3, 4, 7, 9, 21, 22, 23, 24, 27, 29, 30, 32, 33, 36, 37, 38, 39, 42, 44, 45, 46, 47, 48], "summary": {"covered_lines": 23, "num_statements": 23, "percent_covered": 100.0, "percent_covered_display": "100", "missing_lines": 0, "excluded_lines": 0, "percent_statements_covered": 100.0, "percent_statements_covered_display": "100", "num_branches": 10, "num_partial_branches": 0, "covered_branches": 10, "missing_branches": 0, "percent_branches_covered": 100.0, "percent_branches_covered_display": "100"}, "missing_lines": [], "excluded_lines": [], "start_line": 1, "executed_branches": [[22, 23], [22, 24], [29, 30], [29, 33], [37, -36], [37, 38], [44, 45], [44, 46], [46, 47], [46, 48]], "missing_branches": []}}}, "engine/marketdata.py": {"executed_lines": [5, 7, 8, 11, 15, 16, 20, 21, 22, 23, 24, 25, 28, 29, 33, 34, 35, 36, 40, 41, 42, 43, 45, 47, 48, 49, 50, 51, 53, 57, 63, 64, 65, 66, 67, 69, 70, 71, 73, 74, 77, 81, 82, 83, 84, 85, 86, 87, 88, 89, 92, 94, 95, 96, 97, 98, 99, 102, 103, 104, 105, 106, 107, 108, 109, 110], "summary": {"covered_lines": 66, "num_statements": 71, "percent_covered": 90.8256880733945, "percent_covered_display": "91", "missing_lines": 5, "excluded_lines": 0, "percent_statements_covered": 92.95774647887323, "percent_statements_covered_display": "93", "num_branches": 38, "num_partial_branches": 5, "covered_branches": 33, "missing_branches": 5, "percent_branches_covered": 86.84210526315789, "percent_branches_covered_display": "87"}, "missing_lines": [30, 44, 46, 52, 54], "excluded_lines": [], "executed_branches": [[21, 22], [21, 23], [23, -20], [23, 24], [24, 23], [24, 25], [29, -28], [34, -33], [34, 35], [42, -40], [42, 43], [43, 45], [45, 47], [48, 49], [48, 51], [49, 48], [49, 50], [51, 53], [53, 42], [63, 64], [63, 65], [65, 66], [65, 69], [66, 65], [66, 67], [69, 70], [69, 71], [71, 73], [71, 74], [83, 84], [83, 86], [87, 88], [87, 89]], "missing_branches": [[29, 30], [43, 44], [45, 46], [51, 52], [53, 54]], "functions": {"to_dec": {"executed_lines": [16], "summary": {"covered_lines": 1, "num_statements": 1, "percent_covered": 100.0, "percent_covered_display": "100", "missing_lines": 0, "excluded_lines": 0, "percent_statements_covered": 100.0, "percent_statements_covered_display": "100", "num_branches": 0, "num_partial_branches": 0, "covered_branches": 0, "missing_branches": 0, "percent_branches_covered": 100.0, "percent_branches_covered_display": "100"}, "missing_lines": [], "excluded_lines": [], "start_line": 15, "executed_branches": [], "missing_branches": []}, "_check_contiguous": {"executed_lines": [21, 22, 23, 24, 25], "summary": {"covered_lines": 5, "num_statements": 5, "percent_covered": 100.0, "percent_covered_display": "100", "missing_lines": 0, "excluded_lines": 0, "percent_statements_covered": 100.0, "percent_statements_covered_display": "100", "num_branches": 6, "num_partial_branches": 0, "covered_branches": 6, "missing_branches": 0, "percent_branches_covered": 100.0, "percent_branches_covered_display": "100"}, "missing_lines": [], "excluded_lines": [], "start_line": 20, "executed_branches": [[21, 22], [21, 23], [23, -20], [23, 24], [24, 23], [24, 25]], "missing_branches": []}, "_check_closed": {"executed_lines": [29], "summary": {"covered_lines": 1, "num_statements": 2, "percent_covered": 50.0, "percent_covered_display": "50", "missing_lines": 1, "excluded_lines": 0, "percent_statements_covered": 50.0, "percent_statements_covered_display": "50", "num_branches": 2, "num_partial_branches": 1, "covered_branches": 1, "missing_branches": 1, "percent_branches_covered": 50.0, "percent_branches_covered_display": "50"}, "missing_lines": [30], "excluded_lines": [], "start_line": 28, "executed_branches": [[29, -28]], "missing_branches": [[29, 30]]}, "_check_fresh": {"executed_lines": [34, 35, 36], "summary": {"covered_lines": 3, "num_statements": 3, "percent_covered": 100.0, "percent_covered_display": "100", "missing_lines": 0, "excluded_lines": 0, "percent_statements_covered": 100.0, "percent_statements_covered_display": "100", "num_branches": 2, "num_partial_branches": 0, "covered_branches": 2, "missing_branches": 0, "percent_branches_covered": 100.0, "percent_branches_covered_display": "100"}, "missing_lines": [], "excluded_lines": [], "start_line": 33, "executed_branches": [[34, -33], [34, 35]], "missing_branches": []}, "_check_sane": {"executed_lines": [41, 42, 43, 45, 47, 48, 49, 50, 51, 53], "summary": {"covered_lines": 10, "num_statements": 14, "percent_covered": 71.42857142857143, "percent_covered_display": "71", "missing_lines": 4, "excluded_lines": 0, "percent_statements_covered": 71.42857142857143, "percent_statements_covered_display": "71", "num_branches": 14, "num_partial_branches": 4, "covered_branches": 10, "missing_branches": 4, "percent_branches_covered": 71.42857142857143, "percent_branches_covered_display": "71"}, "missing_lines": [44, 46, 52, 54], "excluded_lines": [], "start_line": 40, "executed_branches": [[42, -40], [42, 43], [43, 45], [45, 47], [48, 49], [48, 51], [49, 48], [49, 50], [51, 53], [53, 42]], "missing_branches": [[43, 44], [45, 46], [51, 52], [53, 54]]}, "validate_candle_values": {"executed_lines": [63, 64, 65, 66, 67, 69, 70, 71, 73, 74], "summary": {"covered_lines": 10, "num_statements": 10, "percent_covered": 100.0, "percent_covered_display": "100", "missing_lines": 0, "excluded_lines": 0, "percent_statements_covered": 100.0, "percent_statements_covered_display": "100", "num_branches": 10, "num_partial_branches": 0, "covered_branches": 10, "missing_branches": 0, "percent_branches_covered": 100.0, "percent_branches_covered_display": "100"}, "missing_lines": [], "excluded_lines": [], "start_line": 57, "executed_branches": [[63, 64], [63, 65], [65, 66], [65, 69], [66, 65], [66, 67], [69, 70], [69, 71], [71, 73], [71, 74]], "missing_branches": []}, "validate_1m_coverage": {"executed_lines": [81, 82, 83, 84, 85, 86, 87, 88, 89], "summary": {"covered_lines": 9, "num_statements": 9, "percent_covered": 100.0, "percent_covered_display": "100", "missing_lines": 0, "excluded_lines": 0, "percent_statements_covered": 100.0, "percent_statements_covered_display": "100", "num_branches": 4, "num_partial_branches": 0, "covered_branches": 4, "missing_branches": 0, "percent_branches_covered": 100.0, "percent_branches_covered_display": "100"}, "missing_lines": [], "excluded_lines": [], "start_line": 77, "executed_branches": [[83, 84], [83, 86], [87, 88], [87, 89]], "missing_branches": []}, "build_snapshot": {"executed_lines": [94, 95, 96, 97, 98, 99, 102, 103, 104, 105, 106, 107, 108, 109, 110], "summary": {"covered_lines": 15, "num_statements": 15, "percent_covered": 100.0, "percent_covered_display": "100", "missing_lines": 0, "excluded_lines": 0, "percent_statements_covered": 100.0, "percent_statements_covered_display": "100", "num_branches": 0, "num_partial_branches": 0, "covered_branches": 0, "missing_branches": 0, "percent_branches_covered": 100.0, "percent_branches_covered_display": "100"}, "missing_lines": [], "excluded_lines": [], "start_line": 92, "executed_branches": [], "missing_branches": []}, "": {"executed_lines": [5, 7, 8, 11, 15, 20, 28, 33, 40, 57, 77, 92], "summary": {"covered_lines": 12, "num_statements": 12, "percent_covered": 100.0, "percent_covered_display": "100", "missing_lines": 0, "excluded_lines": 0, "percent_statements_covered": 100.0, "percent_statements_covered_display": "100", "num_branches": 0, "num_partial_branches": 0, "covered_branches": 0, "missing_branches": 0, "percent_branches_covered": 100.0, "percent_branches_covered_display": "100"}, "missing_lines": [], "excluded_lines": [], "start_line": 1, "executed_branches": [], "missing_branches": []}}, "classes": {"DataUnavailable": {"executed_lines": [], "summary": {"covered_lines": 0, "num_statements": 0, "percent_covered": 100.0, "percent_covered_display": "100", "missing_lines": 0, "excluded_lines": 0, "percent_statements_covered": 100.0, "percent_statements_covered_display": "100", "num_branches": 0, "num_partial_branches": 0, "covered_branches": 0, "missing_branches": 0, "percent_branches_covered": 100.0, "percent_branches_covered_display": "100"}, "missing_lines": [], "excluded_lines": [], "start_line": 11, "executed_branches": [], "missing_branches": []}, "": {"executed_lines": [5, 7, 8, 11, 15, 16, 20, 21, 22, 23, 24, 25, 28, 29, 33, 34, 35, 36, 40, 41, 42, 43, 45, 47, 48, 49, 50, 51, 53, 57, 63, 64, 65, 66, 67, 69, 70, 71, 73, 74, 77, 81, 82, 83, 84, 85, 86, 87, 88, 89, 92, 94, 95, 96, 97, 98, 99, 102, 103, 104, 105, 106, 107, 108, 109, 110], "summary": {"covered_lines": 66, "num_statements": 71, "percent_covered": 90.8256880733945, "percent_covered_display": "91", "missing_lines": 5, "excluded_lines": 0, "percent_statements_covered": 92.95774647887323, "percent_statements_covered_display": "93", "num_branches": 38, "num_partial_branches": 5, "covered_branches": 33, "missing_branches": 5, "percent_branches_covered": 86.84210526315789, "percent_branches_covered_display": "87"}, "missing_lines": [30, 44, 46, 52, 54], "excluded_lines": [], "start_line": 1, "executed_branches": [[21, 22], [21, 23], [23, -20], [23, 24], [24, 23], [24, 25], [29, -28], [34, -33], [34, 35], [42, -40], [42, 43], [43, 45], [45, 47], [48, 49], [48, 51], [49, 48], [49, 50], [51, 53], [53, 42], [63, 64], [63, 65], [65, 66], [65, 69], [66, 65], [66, 67], [69, 70], [69, 71], [71, 73], [71, 74], [83, 84], [83, 86], [87, 88], [87, 89]], "missing_branches": [[29, 30], [43, 44], [45, 46], [51, 52], [53, 54]]}}}, "engine/metrics.py": {"executed_lines": [2, 4, 6, 9, 10, 11, 12, 26, 27, 28, 29, 31, 33, 35, 36, 37, 38, 51, 52, 55, 58, 59, 60, 61, 62, 65, 67, 69, 70, 71, 72, 73, 74, 75, 76, 77, 79, 81, 91, 93, 94, 97, 99, 100, 101, 102, 103, 107, 110, 114, 117, 118, 119, 120, 121, 122, 123, 126, 128, 129, 130, 131, 132, 133, 136, 137, 138, 139, 142, 147, 148, 149, 150, 151, 152, 153, 154, 157, 159, 160, 161, 162, 163, 164, 166], "summary": {"covered_lines": 85, "num_statements": 85, "percent_covered": 100.0, "percent_covered_display": "100", "missing_lines": 0, "excluded_lines": 0, "percent_statements_covered": 100.0, "percent_statements_covered_display": "100", "num_branches": 32, "num_partial_branches": 0, "covered_branches": 32, "missing_branches": 0, "percent_branches_covered": 100.0, "percent_branches_covered_display": "100"}, "missing_lines": [], "excluded_lines": [], "executed_branches": [[59, 60], [59, 61], [70, 71], [70, 76], [72, 73], [72, 75], [100, 101], [100, 107], [101, 100], [101, 102], [102, 101], [102, 103], [119, 120], [119, 123], [121, 119], [121, 122], [128, 129], [128, 130], [131, 132], [131, 133], [137, 138], [137, 139], [148, 149], [148, 166], [149, 150], [149, 151], [157, 159], [157, 160], [160, 161], [160, 164], [162, 163], [162, 164]], "missing_branches": [], "functions": {"account_outcomes": {"executed_lines": [10, 11, 12], "summary": {"covered_lines": 3, "num_statements": 3, "percent_covered": 100.0, "percent_covered_display": "100", "missing_lines": 0, "excluded_lines": 0, "percent_statements_covered": 100.0, "percent_statements_covered_display": "100", "num_branches": 0, "num_partial_branches": 0, "covered_branches": 0, "missing_branches": 0, "percent_branches_covered": 100.0, "percent_branches_covered_display": "100"}, "missing_lines": [], "excluded_lines": [], "start_line": 9, "executed_branches": [], "missing_branches": []}, "reliability": {"executed_lines": [27, 28, 29, 31, 33, 35, 36, 37, 38], "summary": {"covered_lines": 9, "num_statements": 9, "percent_covered": 100.0, "percent_covered_display": "100", "missing_lines": 0, "excluded_lines": 0, "percent_statements_covered": 100.0, "percent_statements_covered_display": "100", "num_branches": 0, "num_partial_branches": 0, "covered_branches": 0, "missing_branches": 0, "percent_branches_covered": 100.0, "percent_branches_covered_display": "100"}, "missing_lines": [], "excluded_lines": [], "start_line": 26, "executed_branches": [], "missing_branches": []}, "_rate": {"executed_lines": [52], "summary": {"covered_lines": 1, "num_statements": 1, "percent_covered": 100.0, "percent_covered_display": "100", "missing_lines": 0, "excluded_lines": 0, "percent_statements_covered": 100.0, "percent_statements_covered_display": "100", "num_branches": 0, "num_partial_branches": 0, "covered_branches": 0, "missing_branches": 0, "percent_branches_covered": 100.0, "percent_branches_covered_display": "100"}, "missing_lines": [], "excluded_lines": [], "start_line": 51, "executed_branches": [], "missing_branches": []}, "paired_behaviour": {"executed_lines": [58, 59, 60, 61, 62, 65, 67, 69, 70, 71, 72, 73, 74, 75, 76, 77, 79, 81], "summary": {"covered_lines": 18, "num_statements": 18, "percent_covered": 100.0, "percent_covered_display": "100", "missing_lines": 0, "excluded_lines": 0, "percent_statements_covered": 100.0, "percent_statements_covered_display": "100", "num_branches": 6, "num_partial_branches": 0, "covered_branches": 6, "missing_branches": 0, "percent_branches_covered": 100.0, "percent_branches_covered_display": "100"}, "missing_lines": [], "excluded_lines": [], "start_line": 55, "executed_branches": [[59, 60], [59, 61], [70, 71], [70, 76], [72, 73], [72, 75]], "missing_branches": []}, "feature_reference_frequency": {"executed_lines": [93, 94], "summary": {"covered_lines": 2, "num_statements": 2, "percent_covered": 100.0, "percent_covered_display": "100", "missing_lines": 0, "excluded_lines": 0, "percent_statements_covered": 100.0, "percent_statements_covered_display": "100", "num_branches": 0, "num_partial_branches": 0, "covered_branches": 0, "missing_branches": 0, "percent_branches_covered": 100.0, "percent_branches_covered_display": "100"}, "missing_lines": [], "excluded_lines": [], "start_line": 91, "executed_branches": [], "missing_branches": []}, "invalidation_response": {"executed_lines": [99, 100, 101, 102, 103, 107], "summary": {"covered_lines": 6, "num_statements": 6, "percent_covered": 100.0, "percent_covered_display": "100", "missing_lines": 0, "excluded_lines": 0, "percent_statements_covered": 100.0, "percent_statements_covered_display": "100", "num_branches": 6, "num_partial_branches": 0, "covered_branches": 6, "missing_branches": 0, "percent_branches_covered": 100.0, "percent_branches_covered_display": "100"}, "missing_lines": [], "excluded_lines": [], "start_line": 97, "executed_branches": [[100, 101], [100, 107], [101, 100], [101, 102], [102, 101], [102, 103]], "missing_branches": []}, "committed_only": {"executed_lines": [114], "summary": {"covered_lines": 1, "num_statements": 1, "percent_covered": 100.0, "percent_covered_display": "100", "missing_lines": 0, "excluded_lines": 0, "percent_statements_covered": 100.0, "percent_statements_covered_display": "100", "num_branches": 0, "num_partial_branches": 0, "covered_branches": 0, "missing_branches": 0, "percent_branches_covered": 100.0, "percent_branches_covered_display": "100"}, "missing_lines": [], "excluded_lines": [], "start_line": 110, "executed_branches": [], "missing_branches": []}, "excluded_counts": {"executed_lines": [118, 119, 120, 121, 122, 123], "summary": {"covered_lines": 6, "num_statements": 6, "percent_covered": 100.0, "percent_covered_display": "100", "missing_lines": 0, "excluded_lines": 0, "percent_statements_covered": 100.0, "percent_statements_covered_display": "100", "num_branches": 4, "num_partial_branches": 0, "covered_branches": 4, "missing_branches": 0, "percent_branches_covered": 100.0, "percent_branches_covered_display": "100"}, "missing_lines": [], "excluded_lines": [], "start_line": 117, "executed_branches": [[119, 120], [119, 123], [121, 119], [121, 122]], "missing_branches": []}, "time_weighted_avg": {"executed_lines": [128, 129, 130, 131, 132, 133], "summary": {"covered_lines": 6, "num_statements": 6, "percent_covered": 100.0, "percent_covered_display": "100", "missing_lines": 0, "excluded_lines": 0, "percent_statements_covered": 100.0, "percent_statements_covered_display": "100", "num_branches": 4, "num_partial_branches": 0, "covered_branches": 4, "missing_branches": 0, "percent_branches_covered": 100.0, "percent_branches_covered_display": "100"}, "missing_lines": [], "excluded_lines": [], "start_line": 126, "executed_branches": [[128, 129], [128, 130], [131, 132], [131, 133]], "missing_branches": []}, "turnover": {"executed_lines": [137, 138, 139], "summary": {"covered_lines": 3, "num_statements": 3, "percent_covered": 100.0, "percent_covered_display": "100", "missing_lines": 0, "excluded_lines": 0, "percent_statements_covered": 100.0, "percent_statements_covered_display": "100", "num_branches": 2, "num_partial_branches": 0, "covered_branches": 2, "missing_branches": 0, "percent_branches_covered": 100.0, "percent_branches_covered_display": "100"}, "missing_lines": [], "excluded_lines": [], "start_line": 136, "executed_branches": [[137, 138], [137, 139]], "missing_branches": []}, "invalidation_outcomes": {"executed_lines": [147, 148, 149, 150, 151, 152, 153, 154, 157, 159, 160, 161, 162, 163, 164, 166], "summary": {"covered_lines": 16, "num_statements": 16, "percent_covered": 100.0, "percent_covered_display": "100", "missing_lines": 0, "excluded_lines": 0, "percent_statements_covered": 100.0, "percent_statements_covered_display": "100", "num_branches": 10, "num_partial_branches": 0, "covered_branches": 10, "missing_branches": 0, "percent_branches_covered": 100.0, "percent_branches_covered_display": "100"}, "missing_lines": [], "excluded_lines": [], "start_line": 142, "executed_branches": [[148, 149], [148, 166], [149, 150], [149, 151], [157, 159], [157, 160], [160, 161], [160, 164], [162, 163], [162, 164]], "missing_branches": []}, "": {"executed_lines": [2, 4, 6, 9, 26, 51, 55, 91, 97, 110, 117, 126, 136, 142], "summary": {"covered_lines": 14, "num_statements": 14, "percent_covered": 100.0, "percent_covered_display": "100", "missing_lines": 0, "excluded_lines": 0, "percent_statements_covered": 100.0, "percent_statements_covered_display": "100", "num_branches": 0, "num_partial_branches": 0, "covered_branches": 0, "missing_branches": 0, "percent_branches_covered": 100.0, "percent_branches_covered_display": "100"}, "missing_lines": [], "excluded_lines": [], "start_line": 1, "executed_branches": [], "missing_branches": []}}, "classes": {"": {"executed_lines": [2, 4, 6, 9, 10, 11, 12, 26, 27, 28, 29, 31, 33, 35, 36, 37, 38, 51, 52, 55, 58, 59, 60, 61, 62, 65, 67, 69, 70, 71, 72, 73, 74, 75, 76, 77, 79, 81, 91, 93, 94, 97, 99, 100, 101, 102, 103, 107, 110, 114, 117, 118, 119, 120, 121, 122, 123, 126, 128, 129, 130, 131, 132, 133, 136, 137, 138, 139, 142, 147, 148, 149, 150, 151, 152, 153, 154, 157, 159, 160, 161, 162, 163, 164, 166], "summary": {"covered_lines": 85, "num_statements": 85, "percent_covered": 100.0, "percent_covered_display": "100", "missing_lines": 0, "excluded_lines": 0, "percent_statements_covered": 100.0, "percent_statements_covered_display": "100", "num_branches": 32, "num_partial_branches": 0, "covered_branches": 32, "missing_branches": 0, "percent_branches_covered": 100.0, "percent_branches_covered_display": "100"}, "missing_lines": [], "excluded_lines": [], "start_line": 1, "executed_branches": [[59, 60], [59, 61], [70, 71], [70, 76], [72, 73], [72, 75], [100, 101], [100, 107], [101, 100], [101, 102], [102, 101], [102, 103], [119, 120], [119, 123], [121, 119], [121, 122], [128, 129], [128, 130], [131, 132], [131, 133], [137, 138], [137, 139], [148, 149], [148, 166], [149, 150], [149, 151], [157, 159], [157, 160], [160, 161], [160, 164], [162, 163], [162, 164]], "missing_branches": []}}}, "engine/official.py": {"executed_lines": [39, 40, 41, 42, 43, 45, 46, 48, 49, 50, 51, 52, 58, 59, 62, 63, 64, 65, 66, 72, 73, 74, 75, 77, 78, 81, 85, 91, 99, 101, 102, 103, 104, 105, 108, 112, 113, 114, 122, 127, 139, 140, 141, 142, 144, 145, 146, 147, 148, 149, 150, 151, 153, 155, 156, 161, 163, 164, 167, 168, 169, 170, 171, 173, 176, 177, 180, 185, 212, 213, 214, 215, 217, 218, 219, 222, 223, 224, 225, 226, 227, 231, 234, 235, 236, 238, 239, 240, 241, 242, 243, 244, 246, 247, 249, 250, 252, 253, 255, 257, 258, 259, 260, 261, 263, 265, 266, 267, 268, 269, 271, 274, 275, 277, 278, 280, 281, 282, 283, 284, 285, 286, 289, 295, 315, 316, 317, 318, 319, 320, 321, 322, 323, 324, 325, 326, 327, 329, 332, 333, 335, 337, 338, 339, 340, 341, 342, 347, 349, 350, 351, 352, 354, 356, 359, 360, 361, 364, 368, 369, 370, 371, 372, 373, 374, 376, 377, 378, 381, 389, 390, 391, 393, 394, 395, 396, 398, 399, 400, 401, 402, 403, 404, 405, 406, 407, 408, 409, 410, 411, 412, 413, 414, 417, 426, 429, 430, 431, 433, 436, 443, 444, 447, 449, 450, 451, 452, 453, 454, 455, 458, 464, 465, 466, 467, 471, 472, 473, 474, 477, 490, 491, 492, 493, 494, 496, 497, 498, 499, 500, 501, 504, 505, 509, 510, 511, 512, 515, 519, 520, 521, 522, 525, 533, 534, 535, 536, 537, 538, 540, 542, 544, 546, 547, 548, 549, 550, 551, 552, 553, 554, 557, 560, 564, 565, 566, 567, 568, 569, 570, 571, 572, 573, 574, 575, 576, 579, 592, 593, 595, 596, 597, 598, 600, 601, 604, 607, 617, 618, 620, 622, 623, 624, 625, 626, 627, 628, 630, 631, 632, 633, 634, 635, 636, 637, 638, 640, 641, 642, 644, 646, 648, 649, 650, 651, 652, 653, 654, 655, 656, 657, 659, 660, 661, 665, 666, 667, 672, 673, 674, 675, 676, 677, 679, 682, 683, 684, 687, 689, 690, 691, 692, 693, 694, 695, 696, 697, 698, 701, 702, 703, 704, 707, 708, 709, 710, 711, 712, 714, 722, 726, 727, 728, 729, 730, 731, 732, 733, 734, 735, 737, 738, 739, 741, 742, 743, 744, 745, 746, 747, 748, 749, 750, 753, 759, 760, 761, 762, 763, 765, 766, 767, 770, 785, 787, 789, 790, 792, 793, 794, 803, 804, 805, 807, 808, 812, 814, 815, 818, 820, 821, 825, 826, 827, 829, 830, 831, 832, 834, 835, 837, 840, 841, 842, 843, 844, 845, 846, 848, 851, 854, 860, 861, 862, 863, 865, 866, 867, 868, 869, 870, 871, 872, 873, 874, 879, 880, 881, 882, 884, 885, 886, 888, 898, 907, 909, 910, 913, 914, 915, 921, 922, 923], "summary": {"covered_lines": 463, "num_statements": 498, "percent_covered": 91.94029850746269, "percent_covered_display": "92", "missing_lines": 35, "excluded_lines": 0, "percent_statements_covered": 92.9718875502008, "percent_statements_covered_display": "93", "num_branches": 172, "num_partial_branches": 19, "covered_branches": 153, "missing_branches": 19, "percent_branches_covered": 88.95348837209302, "percent_branches_covered_display": "89"}, "missing_lines": [220, 221, 228, 229, 245, 262, 264, 276, 330, 445, 446, 502, 503, 513, 514, 539, 543, 555, 556, 647, 662, 670, 705, 706, 736, 798, 799, 819, 833, 852, 916, 917, 918, 919, 920], "excluded_lines": [], "executed_branches": [[139, 140], [141, 142], [141, 144], [147, 148], [147, 149], [155, 156], [155, 163], [163, 164], [163, 167], [167, 168], [167, 173], [168, 169], [168, 170], [170, 171], [215, 217], [215, 218], [222, 223], [222, 224], [231, 234], [231, 236], [234, 231], [234, 235], [236, 238], [236, 240], [238, 236], [238, 239], [240, 241], [240, 242], [242, 243], [242, 244], [244, 246], [246, 247], [246, 249], [252, 253], [252, 255], [257, 258], [257, 274], [259, 260], [259, 261], [261, 263], [263, 265], [265, 266], [265, 267], [267, 268], [267, 269], [269, 257], [269, 271], [275, 277], [277, 278], [277, 280], [280, 281], [280, 286], [281, 282], [281, 283], [284, 285], [284, 286], [326, 327], [326, 329], [329, 332], [333, 335], [333, 337], [342, 347], [342, 349], [350, 351], [350, 352], [372, 373], [372, 374], [376, 377], [376, 378], [391, 393], [391, 394], [394, 395], [395, 396], [395, 398], [405, 406], [405, 407], [429, 430], [429, 431], [449, 450], [449, 451], [451, 452], [451, 453], [496, 497], [496, 498], [509, 510], [509, 519], [519, 520], [519, 521], [536, 537], [536, 540], [542, 544], [544, 546], [544, 550], [551, 552], [551, 557], [552, 553], [552, 557], [592, 593], [592, 595], [596, 597], [596, 598], [600, 601], [600, 604], [641, 642], [641, 644], [646, 648], [657, 659], [659, 660], [661, 665], [665, 666], [665, 667], [676, 677], [676, 679], [683, 684], [689, 690], [689, 691], [709, 710], [709, 714], [729, 730], [729, 731], [732, 733], [732, 739], [734, 732], [734, 735], [735, 737], [745, 746], [745, 747], [803, 804], [803, 807], [818, 820], [821, 825], [821, 829], [831, 832], [831, 922], [832, 834], [835, 837], [835, 840], [840, 841], [840, 843], [844, 845], [844, 851], [845, 846], [845, 848], [851, 854], [862, 863], [862, 884], [865, 866], [865, 869], [879, 880], [879, 881], [913, 914], [913, 915], [915, 921]], "missing_branches": [[139, 144], [170, 167], [244, 245], [261, 262], [263, 264], [275, 276], [329, 330], [394, 405], [542, 543], [646, 647], [657, 670], [659, 665], [661, 662], [683, -682], [735, 736], [818, 819], [832, 833], [851, 852], [915, 916]], "functions": {"activation_sha": {"executed_lines": [101, 102, 103, 104, 105], "summary": {"covered_lines": 5, "num_statements": 5, "percent_covered": 100.0, "percent_covered_display": "100", "missing_lines": 0, "excluded_lines": 0, "percent_statements_covered": 100.0, "percent_statements_covered_display": "100", "num_branches": 0, "num_partial_branches": 0, "covered_branches": 0, "missing_branches": 0, "percent_branches_covered": 100.0, "percent_branches_covered_display": "100"}, "missing_lines": [], "excluded_lines": [], "start_line": 99, "executed_branches": [], "missing_branches": []}, "make_disarm_check": {"executed_lines": [112, 114], "summary": {"covered_lines": 2, "num_statements": 2, "percent_covered": 100.0, "percent_covered_display": "100", "missing_lines": 0, "excluded_lines": 0, "percent_statements_covered": 100.0, "percent_statements_covered_display": "100", "num_branches": 0, "num_partial_branches": 0, "covered_branches": 0, "missing_branches": 0, "percent_branches_covered": 100.0, "percent_branches_covered_display": "100"}, "missing_lines": [], "excluded_lines": [], "start_line": 108, "executed_branches": [], "missing_branches": []}, "make_disarm_check.still_armed": {"executed_lines": [113], "summary": {"covered_lines": 1, "num_statements": 1, "percent_covered": 100.0, "percent_covered_display": "100", "missing_lines": 0, "excluded_lines": 0, "percent_statements_covered": 100.0, "percent_statements_covered_display": "100", "num_branches": 0, "num_partial_branches": 0, "covered_branches": 0, "missing_branches": 0, "percent_branches_covered": 100.0, "percent_branches_covered_display": "100"}, "missing_lines": [], "excluded_lines": [], "start_line": 112, "executed_branches": [], "missing_branches": []}, "verify_pristine_official_state": {"executed_lines": [139, 140, 141, 142, 144, 145, 146, 147, 148, 149, 150, 151, 153, 155, 156, 161, 163, 164, 167, 168, 169, 170, 171, 173], "summary": {"covered_lines": 24, "num_statements": 24, "percent_covered": 95.0, "percent_covered_display": "95", "missing_lines": 0, "excluded_lines": 0, "percent_statements_covered": 100.0, "percent_statements_covered_display": "100", "num_branches": 16, "num_partial_branches": 2, "covered_branches": 14, "missing_branches": 2, "percent_branches_covered": 87.5, "percent_branches_covered_display": "88"}, "missing_lines": [], "excluded_lines": [], "start_line": 127, "executed_branches": [[139, 140], [141, 142], [141, 144], [147, 148], [147, 149], [155, 156], [155, 163], [163, 164], [163, 167], [167, 168], [167, 173], [168, 169], [168, 170], [170, 171]], "missing_branches": [[139, 144], [170, 167]]}, "verify_preflight_attestation": {"executed_lines": [212, 214, 215, 217, 218, 219, 222, 223, 224, 225, 226, 227, 231, 234, 235, 236, 238, 239, 240, 241, 242, 243, 244, 246, 247, 249, 250, 252, 253, 255, 257, 258, 259, 260, 261, 263, 265, 266, 267, 268, 269, 271, 274, 275, 277, 278, 280, 281, 282, 283, 284, 285, 286], "summary": {"covered_lines": 53, "num_statements": 61, "percent_covered": 88.78504672897196, "percent_covered_display": "89", "missing_lines": 8, "excluded_lines": 0, "percent_statements_covered": 86.88524590163935, "percent_statements_covered_display": "87", "num_branches": 46, "num_partial_branches": 4, "covered_branches": 42, "missing_branches": 4, "percent_branches_covered": 91.30434782608695, "percent_branches_covered_display": "91"}, "missing_lines": [220, 221, 228, 229, 245, 262, 264, 276], "excluded_lines": [], "start_line": 185, "executed_branches": [[215, 217], [215, 218], [222, 223], [222, 224], [231, 234], [231, 236], [234, 231], [234, 235], [236, 238], [236, 240], [238, 236], [238, 239], [240, 241], [240, 242], [242, 243], [242, 244], [244, 246], [246, 247], [246, 249], [252, 253], [252, 255], [257, 258], [257, 274], [259, 260], [259, 261], [261, 263], [263, 265], [265, 266], [265, 267], [267, 268], [267, 269], [269, 257], [269, 271], [275, 277], [277, 278], [277, 280], [280, 281], [280, 286], [281, 282], [281, 283], [284, 285], [284, 286]], "missing_branches": [[244, 245], [261, 262], [263, 264], [275, 276]]}, "verify_preflight_attestation.fail": {"executed_lines": [213], "summary": {"covered_lines": 1, "num_statements": 1, "percent_covered": 100.0, "percent_covered_display": "100", "missing_lines": 0, "excluded_lines": 0, "percent_statements_covered": 100.0, "percent_statements_covered_display": "100", "num_branches": 0, "num_partial_branches": 0, "covered_branches": 0, "missing_branches": 0, "percent_branches_covered": 100.0, "percent_branches_covered_display": "100"}, "missing_lines": [], "excluded_lines": [], "start_line": 212, "executed_branches": [], "missing_branches": []}, "verify_durable_trust": {"executed_lines": [315, 316, 317, 318, 319, 320, 321, 322, 323, 324, 325, 326, 327, 329, 332, 333, 335, 337, 338, 339, 340, 341, 342, 347, 349, 350, 351, 352, 354, 356], "summary": {"covered_lines": 30, "num_statements": 31, "percent_covered": 95.1219512195122, "percent_covered_display": "95", "missing_lines": 1, "excluded_lines": 0, "percent_statements_covered": 96.7741935483871, "percent_statements_covered_display": "97", "num_branches": 10, "num_partial_branches": 1, "covered_branches": 9, "missing_branches": 1, "percent_branches_covered": 90.0, "percent_branches_covered_display": "90"}, "missing_lines": [330], "excluded_lines": [], "start_line": 295, "executed_branches": [[326, 327], [326, 329], [329, 332], [333, 335], [333, 337], [342, 347], [342, 349], [350, 351], [350, 352]], "missing_branches": [[329, 330]]}, "classify_official_store": {"executed_lines": [368, 369, 370, 371, 372, 373, 374, 376, 377, 378], "summary": {"covered_lines": 10, "num_statements": 10, "percent_covered": 100.0, "percent_covered_display": "100", "missing_lines": 0, "excluded_lines": 0, "percent_statements_covered": 100.0, "percent_statements_covered_display": "100", "num_branches": 4, "num_partial_branches": 0, "covered_branches": 4, "missing_branches": 0, "percent_branches_covered": 100.0, "percent_branches_covered_display": "100"}, "missing_lines": [], "excluded_lines": [], "start_line": 364, "executed_branches": [[372, 373], [372, 374], [376, 377], [376, 378]], "missing_branches": []}, "archive_activation": {"executed_lines": [389, 390, 391, 393, 394, 395, 396, 398, 399, 400, 401, 402, 403, 404, 405, 406, 407, 408, 409, 410, 411, 412, 413, 414], "summary": {"covered_lines": 24, "num_statements": 24, "percent_covered": 96.875, "percent_covered_display": "97", "missing_lines": 0, "excluded_lines": 0, "percent_statements_covered": 100.0, "percent_statements_covered_display": "100", "num_branches": 8, "num_partial_branches": 1, "covered_branches": 7, "missing_branches": 1, "percent_branches_covered": 87.5, "percent_branches_covered_display": "88"}, "missing_lines": [], "excluded_lines": [], "start_line": 381, "executed_branches": [[391, 393], [391, 394], [394, 395], [395, 396], [395, 398], [405, 406], [405, 407]], "missing_branches": [[394, 405]]}, "arm_store": {"executed_lines": [426, 429, 430, 431, 433], "summary": {"covered_lines": 5, "num_statements": 5, "percent_covered": 100.0, "percent_covered_display": "100", "missing_lines": 0, "excluded_lines": 0, "percent_statements_covered": 100.0, "percent_statements_covered_display": "100", "num_branches": 2, "num_partial_branches": 0, "covered_branches": 2, "missing_branches": 0, "percent_branches_covered": 100.0, "percent_branches_covered_display": "100"}, "missing_lines": [], "excluded_lines": [], "start_line": 417, "executed_branches": [[429, 430], [429, 431]], "missing_branches": []}, "reconcile_incomplete_provisioning": {"executed_lines": [443, 444, 447, 449, 450, 451, 452, 453, 454, 455], "summary": {"covered_lines": 10, "num_statements": 12, "percent_covered": 87.5, "percent_covered_display": "88", "missing_lines": 2, "excluded_lines": 0, "percent_statements_covered": 83.33333333333333, "percent_statements_covered_display": "83", "num_branches": 4, "num_partial_branches": 0, "covered_branches": 4, "missing_branches": 0, "percent_branches_covered": 100.0, "percent_branches_covered_display": "100"}, "missing_lines": [445, 446], "excluded_lines": [], "start_line": 436, "executed_branches": [[449, 450], [449, 451], [451, 452], [451, 453]], "missing_branches": []}, "write_activation_binding": {"executed_lines": [464, 465, 466, 467, 471, 472, 473, 474], "summary": {"covered_lines": 8, "num_statements": 8, "percent_covered": 100.0, "percent_covered_display": "100", "missing_lines": 0, "excluded_lines": 0, "percent_statements_covered": 100.0, "percent_statements_covered_display": "100", "num_branches": 0, "num_partial_branches": 0, "covered_branches": 0, "missing_branches": 0, "percent_branches_covered": 100.0, "percent_branches_covered_display": "100"}, "missing_lines": [], "excluded_lines": [], "start_line": 458, "executed_branches": [], "missing_branches": []}, "reconcile_unstarted_schedule": {"executed_lines": [490, 491, 492, 493, 494, 496, 497, 498, 499, 500, 501, 504, 505, 509, 510, 511, 512, 515, 519, 520, 521, 522], "summary": {"covered_lines": 22, "num_statements": 26, "percent_covered": 87.5, "percent_covered_display": "88", "missing_lines": 4, "excluded_lines": 0, "percent_statements_covered": 84.61538461538461, "percent_statements_covered_display": "85", "num_branches": 6, "num_partial_branches": 0, "covered_branches": 6, "missing_branches": 0, "percent_branches_covered": 100.0, "percent_branches_covered_display": "100"}, "missing_lines": [502, 503, 513, 514], "excluded_lines": [], "start_line": 477, "executed_branches": [[496, 497], [496, 498], [509, 510], [509, 519], [519, 520], [519, 521]], "missing_branches": []}, "rollback_unstarted": {"executed_lines": [533, 534, 535, 536, 537, 538, 540, 542, 544, 546, 547, 548, 549, 550, 551, 552, 553, 554, 557], "summary": {"covered_lines": 19, "num_statements": 23, "percent_covered": 84.84848484848484, "percent_covered_display": "85", "missing_lines": 4, "excluded_lines": 0, "percent_statements_covered": 82.6086956521739, "percent_statements_covered_display": "83", "num_branches": 10, "num_partial_branches": 1, "covered_branches": 9, "missing_branches": 1, "percent_branches_covered": 90.0, "percent_branches_covered_display": 
[...]
rcent_covered": 97.91666666666667, "percent_covered_display": "98", "missing_lines": 0, "excluded_lines": 0, "percent_statements_covered": 100.0, "percent_statements_covered_display": "100", "num_branches": 38, "num_partial_branches": 2, "covered_branches": 36, "missing_branches": 2, "percent_branches_covered": 94.73684210526316, "percent_branches_covered_display": "95"}, "missing_lines": [], "excluded_lines": [], "start_line": 23, "executed_branches": [[29, 30], [29, 113], [32, 33], [32, 95], [36, 37], [36, 78], [40, 41], [40, 45], [45, 47], [45, 51], [51, 53], [51, 59], [63, 64], [63, 71], [64, 65], [64, 67], [71, 72], [71, 78], [78, 81], [78, 88], [83, 84], [83, 88], [89, 32], [89, 91], [91, 92], [95, 29], [95, 96], [96, 29], [96, 97], [98, 100], [98, 103], [101, 102], [104, 96], [104, 108], [109, 96], [109, 110]], "missing_branches": [[91, 32], [101, 103]]}, "": {"executed_lines": [3, 5, 8, 23], "summary": {"covered_lines": 4, "num_statements": 4, "percent_covered": 100.0, "percent_covered_display": "100", "missing_lines": 0, "excluded_lines": 0, "percent_statements_covered": 100.0, "percent_statements_covered_display": "100", "num_branches": 0, "num_partial_branches": 0, "covered_branches": 0, "missing_branches": 0, "percent_branches_covered": 100.0, "percent_branches_covered_display": "100"}, "missing_lines": [], "excluded_lines": [], "start_line": 1, "executed_branches": [], "missing_branches": []}}, "classes": {"": {"executed_lines": [3, 5, 8, 10, 11, 12, 13, 14, 15, 16, 17, 18, 19, 20, 23, 29, 30, 31, 32, 33, 34, 35, 36, 37, 38, 40, 41, 42, 44, 45, 47, 48, 50, 51, 53, 54, 56, 59, 61, 63, 64, 65, 67, 68, 70, 71, 72, 73, 76, 78, 81, 82, 83, 84, 85, 88, 89, 91, 92, 95, 96, 97, 98, 100, 101, 102, 103, 104, 108, 109, 110, 111, 113], "summary": {"covered_lines": 73, "num_statements": 73, "percent_covered": 98.31932773109244, "percent_covered_display": "98", "missing_lines": 0, "excluded_lines": 0, "percent_statements_covered": 100.0, "percent_statements_covered_display": "100", "num_branches": 46, "num_partial_branches": 2, "covered_branches": 44, "missing_branches": 2, "percent_branches_covered": 95.65217391304348, "percent_branches_covered_display": "96"}, "missing_lines": [], "excluded_lines": [], "start_line": 1, "executed_branches": [[12, 13], [12, 16], [13, 14], [13, 15], [16, 17], [16, 20], [17, 18], [17, 19], [29, 30], [29, 113], [32, 33], [32, 95], [36, 37], [36, 78], [40, 41], [40, 45], [45, 47], [45, 51], [51, 53], [51, 59], [63, 64], [63, 71], [64, 65], [64, 67], [71, 72], [71, 78], [78, 81], [78, 88], [83, 84], [83, 88], [89, 32], [89, 91], [91, 92], [95, 29], [95, 96], [96, 29], [96, 97], [98, 100], [98, 103], [101, 102], [104, 96], [104, 108], [109, 96], [109, 110]], "missing_branches": [[91, 32], [101, 103]]}}}, "engine/rounds.py": {"executed_lines": [7, 8, 10, 12, 13, 14, 17, 18, 21, 23, 24, 25, 26, 29, 30, 33, 48, 61, 62, 63, 64, 65, 66, 67, 68, 69, 70, 71, 72, 73, 74, 76, 77, 78, 79, 81, 82, 83, 84, 85, 86, 87, 88, 89, 90, 91, 92, 93, 94, 95, 96, 97, 100, 106, 107, 108, 109, 110, 111, 112, 114, 115, 116, 117, 121, 124, 125, 127, 128, 129, 130, 131, 134, 135, 136, 140, 143, 144, 145, 146, 147, 149, 150, 151, 153, 154, 155, 156, 158, 160, 161, 162, 163, 166, 169, 171, 172], "summary": {"covered_lines": 97, "num_statements": 101, "percent_covered": 93.98496240601504, "percent_covered_display": "94", "missing_lines": 4, "excluded_lines": 0, "percent_statements_covered": 96.03960396039604, "percent_statements_covered_display": "96", "num_branches": 32, "num_partial_branches": 4, "covered_branches": 28, "missing_branches": 4, "percent_branches_covered": 87.5, "percent_branches_covered_display": "88"}, "missing_lines": [138, 157, 159, 165], "excluded_lines": [], "executed_branches": [[67, 68], [67, 81], [76, 77], [76, 83], [84, 85], [84, 89], [95, 96], [95, 97], [108, 109], [108, 117], [109, 110], [109, 111], [114, 115], [114, 116], [127, 128], [127, 129], [129, 130], [129, 131], [134, 135], [134, 136], [136, 140], [153, -143], [153, 154], [156, 158], [158, 160], [160, 161], [160, 162], [162, 163]], "missing_branches": [[136, 138], [156, 157], [158, 159], [162, 165]], "functions": {"wave_order": {"executed_lines": [23, 24, 25, 26], "summary": {"covered_lines": 4, "num_statements": 4, "percent_covered": 100.0, "percent_covered_display": "100", "missing_lines": 0, "excluded_lines": 0, "percent_statements_covered": 100.0, "percent_statements_covered_display": "100", "num_branches": 0, "num_partial_branches": 0, "covered_branches": 0, "missing_branches": 0, "percent_branches_covered": 100.0, "percent_branches_covered_display": "100"}, "missing_lines": [], "excluded_lines": [], "start_line": 21, "executed_branches": [], "missing_branches": []}, "attempt_id": {"executed_lines": [30], "summary": {"covered_lines": 1, "num_statements": 1, "percent_covered": 100.0, "percent_covered_display": "100", "missing_lines": 0, "excluded_lines": 0, "percent_statements_covered": 100.0, "percent_statements_covered_display": "100", "num_branches": 0, "num_partial_branches": 0, "covered_branches": 0, "missing_branches": 0, "percent_branches_covered": 100.0, "percent_branches_covered_display": "100"}, "missing_lines": [], "excluded_lines": [], "start_line": 29, "executed_branches": [], "missing_branches": []}, "_attempt": {"executed_lines": [48, 61, 62, 63, 64, 65, 66, 67, 68, 69, 70, 71, 72, 73, 74, 76, 77, 78, 79, 81, 82, 83, 84, 85, 86, 87, 88, 89, 90, 91, 92, 93, 94, 95, 96, 97], "summary": {"covered_lines": 36, "num_statements": 36, "percent_covered": 100.0, "percent_covered_display": "100", "missing_lines": 0, "excluded_lines": 0, "percent_statements_covered": 100.0, "percent_statements_covered_display": "100", "num_branches": 8, "num_partial_branches": 0, "covered_branches": 8, "missing_branches": 0, "percent_branches_covered": 100.0, "percent_branches_covered_display": "100"}, "missing_lines": [], "excluded_lines": [], "start_line": 33, "executed_branches": [[67, 68], [67, 81], [76, 77], [76, 83], [84, 85], [84, 89], [95, 96], [95, 97]], "missing_branches": []}, "_conversation": {"executed_lines": [106, 107, 108, 109, 110, 111, 112, 114, 115, 116, 117], "summary": {"covered_lines": 11, "num_statements": 11, "percent_covered": 100.0, "percent_covered_display": "100", "missing_lines": 0, "excluded_lines": 0, "percent_statements_covered": 100.0, "percent_statements_covered_display": "100", "num_branches": 6, "num_partial_branches": 0, "covered_branches": 6, "missing_branches": 0, "percent_branches_covered": 100.0, "percent_branches_covered_display": "100"}, "missing_lines": [], "excluded_lines": [], "start_line": 100, "executed_branches": [[108, 109], [108, 117], [109, 110], [109, 111], [114, 115], [114, 116]], "missing_branches": []}, "collect_one": {"executed_lines": [124, 125, 127, 128, 129, 130, 131, 134, 135, 136, 140], "summary": {"covered_lines": 11, "num_statements": 12, "percent_covered": 90.0, "percent_covered_display": "90", "missing_lines": 1, "excluded_lines": 0, "percent_statements_covered": 91.66666666666667, "percent_statements_covered_display": "92", "num_branches": 8, "num_partial_branches": 1, "covered_branches": 7, "missing_branches": 1, "percent_branches_covered": 87.5, "percent_branches_covered_display": "88"}, "missing_lines": [138], "excluded_lines": [], "start_line": 121, "executed_branches": [[127, 128], [127, 129], [129, 130], [129, 131], [134, 135], [134, 136], [136, 140]], "missing_branches": [[136, 138]]}, "_commit_account": {"executed_lines": [144, 145, 146, 147, 149, 150, 151, 153, 154, 155, 156, 158, 160, 161, 162, 163, 166], "summary": {"covered_lines": 17, "num_statements": 20, "percent_covered": 80.0, "percent_covered_display": "80", "missing_lines": 3, "excluded_lines": 0, "percent_statements_covered": 85.0, "percent_statements_covered_display": "85", "num_branches": 10, "num_partial_branches": 3, "covered_branches": 7, "missing_branches": 3, "percent_branches_covered": 70.0, "percent_branches_covered_display": "70"}, "missing_lines": [157, 159, 165], "excluded_lines": [], "start_line": 143, "executed_branches": [[153, -143], [153, 154], [156, 158], [158, 160], [160, 161], [160, 162], [162, 163]], "missing_branches": [[156, 157], [158, 159], [162, 165]]}, "post_boundary_replay": {"executed_lines": [171, 172], "summary": {"covered_lines": 2, "num_statements": 2, "percent_covered": 100.0, "percent_covered_display": "100", "missing_lines": 0, "excluded_lines": 0, "percent_statements_covered": 100.0, "percent_statements_covered_display": "100", "num_branches": 0, "num_partial_branches": 0, "covered_branches": 0, "missing_branches": 0, "percent_branches_covered": 100.0, "percent_branches_covered_display": "100"}, "missing_lines": [], "excluded_lines": [], "start_line": 169, "executed_branches": [], "missing_branches": []}, "": {"executed_lines": [7, 8, 10, 12, 13, 14, 17, 18, 21, 29, 33, 100, 121, 143, 169], "summary": {"covered_lines": 15, "num_statements": 15, "percent_covered": 100.0, "percent_covered_display": "100", "missing_lines": 0, "excluded_lines": 0, "percent_statements_covered": 100.0, "percent_statements_covered_display": "100", "num_branches": 0, "num_partial_branches": 0, "covered_branches": 0, "missing_branches": 0, "percent_branches_covered": 100.0, "percent_branches_covered_display": "100"}, "missing_lines": [], "excluded_lines": [], "start_line": 1, "executed_branches": [], "missing_branches": []}}, "classes": {"TransportError": {"executed_lines": [], "summary": {"covered_lines": 0, "num_statements": 0, "percent_covered": 100.0, "percent_covered_display": "100", "missing_lines": 0, "excluded_lines": 0, "percent_statements_covered": 100.0, "percent_statements_covered_display": "100", "num_branches": 0, "num_partial_branches": 0, "covered_branches": 0, "missing_branches": 0, "percent_branches_covered": 100.0, "percent_branches_covered_display": "100"}, "missing_lines": [], "excluded_lines": [], "start_line": 17, "executed_branches": [], "missing_branches": []}, "": {"executed_lines": [7, 8, 10, 12, 13, 14, 17, 18, 21, 23, 24, 25, 26, 29, 30, 33, 48, 61, 62, 63, 64, 65, 66, 67, 68, 69, 70, 71, 72, 73, 74, 76, 77, 78, 79, 81, 82, 83, 84, 85, 86, 87, 88, 89, 90, 91, 92, 93, 94, 95, 96, 97, 100, 106, 107, 108, 109, 110, 111, 112, 114, 115, 116, 117, 121, 124, 125, 127, 128, 129, 130, 131, 134, 135, 136, 140, 143, 144, 145, 146, 147, 149, 150, 151, 153, 154, 155, 156, 158, 160, 161, 162, 163, 166, 169, 171, 172], "summary": {"covered_lines": 97, "num_statements": 101, "percent_covered": 93.98496240601504, "percent_covered_display": "94", "missing_lines": 4, "excluded_lines": 0, "percent_statements_covered": 96.03960396039604, "percent_statements_covered_display": "96", "num_branches": 32, "num_partial_branches": 4, "covered_branches": 28, "missing_branches": 4, "percent_branches_covered": 87.5, "percent_branches_covered_display": "88"}, "missing_lines": [138, 157, 159, 165], "excluded_lines": [], "start_line": 1, "executed_branches": [[67, 68], [67, 81], [76, 77], [76, 83], [84, 85], [84, 89], [95, 96], [95, 97], [108, 109], [108, 117], [109, 110], [109, 111], [114, 115], [114, 116], [127, 128], [127, 129], [129, 130], [129, 131], [134, 135], [134, 136], [136, 140], [153, -143], [153, 154], [156, 158], [158, 160], [160, 161], [160, 162], [162, 163]], "missing_branches": [[136, 138], [156, 157], [158, 159], [162, 165]]}}}, "engine/state.py": {"executed_lines": [6, 8, 10, 12, 13, 14, 15, 16, 17, 18, 19, 20, 23, 27, 28, 29, 34, 35, 36, 39, 40, 43, 44, 47, 48, 67, 68, 72, 73, 74, 75, 76, 77, 80, 81, 82, 83, 86, 88, 89, 90, 91, 92, 93, 96, 97, 98, 99], "summary": {"covered_lines": 48, "num_statements": 48, "percent_covered": 100.0, "percent_covered_display": "100", "missing_lines": 0, "excluded_lines": 0, "percent_statements_covered": 100.0, "percent_statements_covered_display": "100", "num_branches": 14, "num_partial_branches": 0, "covered_branches": 14, "missing_branches": 0, "percent_branches_covered": 100.0, "percent_branches_covered_display": "100"}, "missing_lines": [], "excluded_lines": [], "executed_branches": [[34, 35], [34, 36], [73, 74], [73, 75], [75, 76], [75, 77], [81, 82], [81, 83], [89, 90], [89, 91], [91, 92], [91, 93], [97, 98], [97, 99]], "missing_branches": [], "functions": {"verify_params": {"executed_lines": [28, 29, 34, 35, 36], "summary": {"covered_lines": 5, "num_statements": 5, "percent_covered": 100.0, "percent_covered_display": "100", "missing_lines": 0, "excluded_lines": 0, "percent_statements_covered": 100.0, "percent_statements_covered_display": "100", "num_branches": 2, "num_partial_branches": 0, "covered_branches": 2, "missing_branches": 0, "percent_branches_covered": 100.0, "percent_branches_covered_display": "100"}, "missing_lines": [], "excluded_lines": [], "start_line": 27, "executed_branches": [[34, 35], [34, 36]], "missing_branches": []}, "account_id": {"executed_lines": [40], "summary": {"covered_lines": 1, "num_statements": 1, "percent_covered": 100.0, "percent_covered_display": "100", "missing_lines": 0, "excluded_lines": 0, "percent_statements_covered": 100.0, "percent_statements_covered_display": "100", "num_branches": 0, "num_partial_branches": 0, "covered_branches": 0, "missing_branches": 0, "percent_branches_covered": 100.0, "percent_branches_covered_display": "100"}, "missing_lines": [], "excluded_lines": [], "start_line": 39, "executed_branches": [], "missing_branches": []}, "pair_id": {"executed_lines": [44], "summary": {"covered_lines": 1, "num_statements": 1, "percent_covered": 100.0, "percent_covered_display": "100", "missing_lines": 0, "excluded_lines": 0, "percent_statements_covered": 100.0, "percent_statements_covered_display": "100", "num_branches": 0, "num_partial_branches": 0, "covered_branches": 0, "missing_branches": 0, "percent_branches_covered": 100.0, "percent_branches_covered_display": "100"}, "missing_lines": [], "excluded_lines": [], "start_line": 43, "executed_branches": [], "missing_branches": []}, "new_account": {"executed_lines": [48], "summary": {"covered_lines": 1, "num_statements": 1, "percent_covered": 100.0, "percent_covered_display": "100", "missing_lines": 0, "excluded_lines": 0, "percent_statements_covered": 100.0, "percent_statements_covered_display": "100", "num_branches": 0, "num_partial_branches": 0, "covered_branches": 0, "missing_branches": 0, "percent_branches_covered": 100.0, "percent_branches_covered_display": "100"}, "missing_lines": [], "excluded_lines": [], "start_line": 47, "executed_branches": [], "missing_branches": []}, "init_accounts": {"executed_lines": [68], "summary": {"covered_lines": 1, "num_statements": 1, "percent_covered": 100.0, "percent_covered_display": "100", "missing_lines": 0, "excluded_lines": 0, "percent_statements_covered": 100.0, "percent_statements_covered_display": "100", "num_branches": 0, "num_partial_branches": 0, "covered_branches": 0, "missing_branches": 0, "percent_branches_covered": 100.0, "percent_branches_covered_display": "100"}, "missing_lines": [], "excluded_lines": [], "start_line": 67, "executed_branches": [], "missing_branches": []}, "side": {"executed_lines": [73, 74, 75, 76, 77], "summary": {"covered_lines": 5, "num_statements": 5, "percent_covered": 100.0, "percent_covered_display": "100", "missing_lines": 0, "excluded_lines": 0, "percent_statements_covered": 100.0, "percent_statements_covered_display": "100", "num_branches": 4, "num_partial_branches": 0, "covered_branches": 4, "missing_branches": 0, "percent_branches_covered": 100.0, "percent_branches_covered_display": "100"}, "missing_lines": [], "excluded_lines": [], "start_line": 72, "executed_branches": [[73, 74], [73, 75], [75, 76], [75, 77]], "missing_branches": []}, "equity_at": {"executed_lines": [81, 82, 83], "summary": {"covered_lines": 3, "num_statements": 3, "percent_covered": 100.0, "percent_covered_display": "100", "missing_lines": 0, "excluded_lines": 0, "percent_statements_covered": 100.0, "percent_statements_covered_display": "100", "num_branches": 2, "num_partial_branches": 0, "covered_branches": 2, "missing_branches": 0, "percent_branches_covered": 100.0, "percent_branches_covered_display": "100"}, "missing_lines": [], "excluded_lines": [], "start_line": 80, "executed_branches": [[81, 82], [81, 83]], "missing_branches": []}, "liq_threshold": {"executed_lines": [88, 89, 90, 91, 92, 93], "summary": {"covered_lines": 6, "num_statements": 6, "percent_covered": 100.0, "percent_covered_display": "100", "missing_lines": 0, "excluded_lines": 0, "percent_statements_covered": 100.0, "percent_statements_covered_display": "100", "num_branches": 4, "num_partial_branches": 0, "covered_branches": 4, "missing_branches": 0, "percent_branches_covered": 100.0, "percent_branches_covered_display": "100"}, "missing_lines": [], "excluded_lines": [], "start_line": 86, "executed_branches": [[89, 90], [89, 91], [91, 92], [91, 93]], "missing_branches": []}, "is_liquidatable": {"executed_lines": [97, 98, 99], "summary": {"covered_lines": 3, "num_statements": 3, "percent_covered": 100.0, "percent_covered_display": "100", "missing_lines": 0, "excluded_lines": 0, "percent_statements_covered": 100.0, "percent_statements_covered_display": "100", "num_branches": 2, "num_partial_branches": 0, "covered_branches": 2, "missing_branches": 0, "percent_branches_covered": 100.0, "percent_branches_covered_display": "100"}, "missing_lines": [], "excluded_lines": [], "start_line": 96, "executed_branches": [[97, 98], [97, 99]], "missing_branches": []}, "": {"executed_lines": [6, 8, 10, 12, 13, 14, 15, 16, 17, 18, 19, 20, 23, 27, 39, 43, 47, 67, 72, 80, 86, 96], "summary": {"covered_lines": 22, "num_statements": 22, "percent_covered": 100.0, "percent_covered_display": "100", "missing_lines": 0, "excluded_lines": 0, "percent_statements_covered": 100.0, "percent_statements_covered_display": "100", "num_branches": 0, "num_partial_branches": 0, "covered_branches": 0, "missing_branches": 0, "percent_branches_covered": 100.0, "percent_branches_covered_display": "100"}, "missing_lines": [], "excluded_lines": [], "start_line": 1, "executed_branches": [], "missing_branches": []}}, "classes": {"ParamsMismatch": {"executed_lines": [], "summary": {"covered_lines": 0, "num_statements": 0, "percent_covered": 100.0, "percent_covered_display": "100", "missing_lines": 0, "excluded_lines": 0, "percent_statements_covered": 100.0, "percent_statements_covered_display": "100", "num_branches": 0, "num_partial_branches": 0, "covered_branches": 0, "missing_branches": 0, "percent_branches_covered": 100.0, "percent_branches_covered_display": "100"}, "missing_lines": [], "excluded_lines": [], "start_line": 23, "executed_branches": [], "missing_branches": []}, "": {"executed_lines": [6, 8, 10, 12, 13, 14, 15, 16, 17, 18, 19, 20, 23, 27, 28, 29, 34, 35, 36, 39, 40, 43, 44, 47, 48, 67, 68, 72, 73, 74, 75, 76, 77, 80, 81, 82, 83, 86, 88, 89, 90, 91, 92, 93, 96, 97, 98, 99], "summary": {"covered_lines": 48, "num_statements": 48, "percent_covered": 100.0, "percent_covered_display": "100", "missing_lines": 0, "excluded_lines": 0, "percent_statements_covered": 100.0, "percent_statements_covered_display": "100", "num_branches": 14, "num_partial_branches": 0, "covered_branches": 14, "missing_branches": 0, "percent_branches_covered": 100.0, "percent_branches_covered_display": "100"}, "missing_lines": [], "excluded_lines": [], "start_line": 1, "executed_branches": [[34, 35], [34, 36], [73, 74], [73, 75], [75, 76], [75, 77], [81, 82], [81, 83], [89, 90], [89, 91], [91, 92], [91, 93], [97, 98], [97, 99]], "missing_branches": []}}}}, "totals": {"covered_lines": 2057, "num_statements": 2139, "percent_covered": 95.11523907808737, "percent_covered_display": "95", "missing_lines": 82, "excluded_lines": 0, "percent_statements_covered": 96.16643291257597, "percent_statements_covered_display": "96", "num_branches": 768, "num_partial_branches": 58, "covered_branches": 708, "missing_branches": 60, "percent_branches_covered": 92.1875, "percent_branches_covered_display": "92"}}