{"meta": {"format": 3, "version": "7.15.3", "timestamp": "2026-08-04T11:18:14.119573", "branch_coverage": true, "show_contexts": false}, "files": {"engine/__init__.py": {"executed_lines": [], "summary": {"covered_lines": 0, "num_statements": 0, "percent_covered": 100.0, "percent_covered_display": "100", "missing_lines": 0, "excluded_lines": 0, "percent_statements_covered": 100.0, "percent_statements_covered_display": "100", "num_branches": 0, "num_partial_branches": 0, "covered_branches": 0, "missing_branches": 0, "percent_branches_covered": 100.0, "percent_branches_covered_display": "100"}, "missing_lines": [], "excluded_lines": [], "executed_branches": [], "missing_branches": [], "functions": {"": {"executed_lines": [], "summary": {"covered_lines": 0, "num_statements": 0, "percent_covered": 100.0, "percent_covered_display": "100", "missing_lines": 0, "excluded_lines": 0, "percent_statements_covered": 100.0, "percent_statements_covered_display": "100", "num_branches": 0, "num_partial_branches": 0, "covered_branches": 0, "missing_branches": 0, "percent_branches_covered": 100.0, "percent_branches_covered_display": "100"}, "missing_lines": [], "excluded_lines": [], "start_line": 1, "executed_branches": [], "missing_branches": []}}, "classes": {"": {"executed_lines": [], "summary": {"covered_lines": 0, "num_statements": 0, "percent_covered": 100.0, "percent_covered_display": "100", "missing_lines": 0, "excluded_lines": 0, "percent_statements_covered": 100.0, "percent_statements_covered_display": "100", "num_branches": 0, "num_partial_branches": 0, "covered_branches": 0, "missing_branches": 0, "percent_branches_covered": 100.0, "percent_branches_covered_display": "100"}, "missing_lines": [], "excluded_lines": [], "start_line": 1, "executed_branches": [], "missing_branches": []}}}, "engine/config.py": {"executed_lines": [2, 3, 4, 6, 8, 22, 29, 31, 32, 33, 34, 36, 37, 38, 40, 43, 47, 48, 49, 50, 51, 52, 55, 56, 57, 60, 61, 62, 65, 66, 67, 70, 71, 72, 75, 78, 79, 80, 81, 83, 84, 87, 88, 89, 92, 95, 96, 97, 98, 100, 101, 104, 105, 108, 109, 112, 113, 116, 123, 124, 125, 126, 127, 128, 131, 137, 138, 140, 144, 147, 150, 151, 154, 158, 161, 166, 167, 168, 169, 170, 171, 172, 173, 176, 178, 179, 180, 181, 184, 186, 189, 191, 192, 193, 194, 195, 196, 197, 199], "summary": {"covered_lines": 99, "num_statements": 104, "percent_covered": 93.54838709677419, "percent_covered_display": "94", "missing_lines": 5, "excluded_lines": 0, "percent_statements_covered": 95.1923076923077, "percent_statements_covered_display": "95", "num_branches": 20, "num_partial_branches": 3, "covered_branches": 17, "missing_branches": 3, "percent_branches_covered": 85.0, "percent_branches_covered_display": "85"}, "missing_lines": [35, 182, 183, 185, 198], "excluded_lines": [], "executed_branches": [[32, 33], [32, 40], [34, 36], [36, 32], [36, 37], [50, 51], [50, 52], [80, 81], [80, 84], [97, 98], [97, 101], [138, 140], [138, 144], [151, 154], [151, 158], [184, 186], [197, 199]], "missing_branches": [[34, 35], [184, 185], [197, 198]], "functions": {"_code_files": {"executed_lines": [31, 32, 33, 34, 36, 37, 38, 40], "summary": {"covered_lines": 8, "num_statements": 9, "percent_covered": 86.66666666666667, "percent_covered_display": "87", "missing_lines": 1, "excluded_lines": 0, "percent_statements_covered": 88.88888888888889, "percent_statements_covered_display": "89", "num_branches": 6, "num_partial_branches": 1, "covered_branches": 5, "missing_branches": 1, "percent_branches_covered": 83.33333333333333, "percent_branches_covered_display": "83"}, "missing_lines": [35], "excluded_lines": [], "start_line": 29, "executed_branches": [[32, 33], [32, 40], [34, 36], [36, 32], [36, 37]], "missing_branches": [[34, 35]]}, "_reject_dupes": {"executed_lines": [48, 49, 50, 51, 52], "summary": {"covered_lines": 5, "num_statements": 5, "percent_covered": 100.0, "percent_covered_display": "100", "missing_lines": 0, "excluded_lines": 0, "percent_statements_covered": 100.0, "percent_statements_covered_display": "100", "num_branches": 2, "num_partial_branches": 0, "covered_branches": 2, "missing_branches": 0, "percent_branches_covered": 100.0, "percent_branches_covered_display": "100"}, "missing_lines": [], "excluded_lines": [], "start_line": 47, "executed_branches": [[50, 51], [50, 52]], "missing_branches": []}, "load_json": {"executed_lines": [56, 57], "summary": {"covered_lines": 2, "num_statements": 2, "percent_covered": 100.0, "percent_covered_display": "100", "missing_lines": 0, "excluded_lines": 0, "percent_statements_covered": 100.0, "percent_statements_covered_display": "100", "num_branches": 0, "num_partial_branches": 0, "covered_branches": 0, "missing_branches": 0, "percent_branches_covered": 100.0, "percent_branches_covered_display": "100"}, "missing_lines": [], "excluded_lines": [], "start_line": 55, "executed_branches": [], "missing_branches": []}, "load_text": {"executed_lines": [61, 62], "summary": {"covered_lines": 2, "num_statements": 2, "percent_covered": 100.0, "percent_covered_display": "100", "missing_lines": 0, "excluded_lines": 0, "percent_statements_covered": 100.0, "percent_statements_covered_display": "100", "num_branches": 0, "num_partial_branches": 0, "covered_branches": 0, "missing_branches": 0, "percent_branches_covered": 100.0, "percent_branches_covered_display": "100"}, "missing_lines": [], "excluded_lines": [], "start_line": 60, "executed_branches": [], "missing_branches": []}, "file_hash": {"executed_lines": [66, 67], "summary": {"covered_lines": 2, "num_statements": 2, "percent_covered": 100.0, "percent_covered_display": "100", "missing_lines": 0, "excluded_lines": 0, "percent_statements_covered": 100.0, "percent_statements_covered_display": "100", "num_branches": 0, "num_partial_branches": 0, "covered_branches": 0, "missing_branches": 0, "percent_branches_covered": 100.0, "percent_branches_covered_display": "100"}, "missing_lines": [], "excluded_lines": [], "start_line": 65, "executed_branches": [], "missing_branches": []}, "build_manifest": {"executed_lines": [71, 72, 75], "summary": {"covered_lines": 3, "num_statements": 3, "percent_covered": 100.0, "percent_covered_display": "100", "missing_lines": 0, "excluded_lines": 0, "percent_statements_covered": 100.0, "percent_statements_covered_display": "100", "num_branches": 0, "num_partial_branches": 0, "covered_branches": 0, "missing_branches": 0, "percent_branches_covered": 100.0, "percent_branches_covered_display": "100"}, "missing_lines": [], "excluded_lines": [], "start_line": 70, "executed_branches": [], "missing_branches": []}, "verify_integrity": {"executed_lines": [79, 80, 81, 83, 84], "summary": {"covered_lines": 5, "num_statements": 5, "percent_covered": 100.0, "percent_covered_display": "100", "missing_lines": 0, "excluded_lines": 0, "percent_statements_covered": 100.0, "percent_statements_covered_display": "100", "num_branches": 2, "num_partial_branches": 0, "covered_branches": 2, "missing_branches": 0, "percent_branches_covered": 100.0, "percent_branches_covered_display": "100"}, "missing_lines": [], "excluded_lines": [], "start_line": 78, "executed_branches": [[80, 81], [80, 84]], "missing_branches": []}, "build_site_manifest": {"executed_lines": [88, 89, 92], "summary": {"covered_lines": 3, "num_statements": 3, "percent_covered": 100.0, "percent_covered_display": "100", "missing_lines": 0, "excluded_lines": 0, "percent_statements_covered": 100.0, "percent_statements_covered_display": "100", "num_branches": 0, "num_partial_branches": 0, "covered_branches": 0, "missing_branches": 0, "percent_branches_covered": 100.0, "percent_branches_covered_display": "100"}, "missing_lines": [], "excluded_lines": [], "start_line": 87, "executed_branches": [], "missing_branches": []}, "verify_site_integrity": {"executed_lines": [96, 97, 98, 100, 101], "summary": {"covered_lines": 5, "num_statements": 5, "percent_covered": 100.0, "percent_covered_display": "100", "missing_lines": 0, "excluded_lines": 0, "percent_statements_covered": 100.0, "percent_statements_covered_display": "100", "num_branches": 2, "num_partial_branches": 0, "covered_branches": 2, "missing_branches": 0, "percent_branches_covered": 100.0, "percent_branches_covered_display": "100"}, "missing_lines": [], "excluded_lines": [], "start_line": 95, "executed_branches": [[97, 98], [97, 101]], "missing_branches": []}, "load_config": {"executed_lines": [105], "summary": {"covered_lines": 1, "num_statements": 1, "percent_covered": 100.0, "percent_covered_display": "100", "missing_lines": 0, "excluded_lines": 0, "percent_statements_covered": 100.0, "percent_statements_covered_display": "100", "num_branches": 0, "num_partial_branches": 0, "covered_branches": 0, "missing_branches": 0, "percent_branches_covered": 100.0, "percent_branches_covered_display": "100"}, "missing_lines": [], "excluded_lines": [], "start_line": 104, "executed_branches": [], "missing_branches": []}, "load_schema": {"executed_lines": [109], "summary": {"covered_lines": 1, "num_statements": 1, "percent_covered": 100.0, "percent_covered_display": "100", "missing_lines": 0, "excluded_lines": 0, "percent_statements_covered": 100.0, "percent_statements_covered_display": "100", "num_branches": 0, "num_partial_branches": 0, "covered_branches": 0, "missing_branches": 0, "percent_branches_covered": 100.0, "percent_branches_covered_display": "100"}, "missing_lines": [], "excluded_lines": [], "start_line": 108, "executed_branches": [], "missing_branches": []}, "write_launch_manifest": {"executed_lines": [123, 124, 125, 126, 127, 128], "summary": {"covered_lines": 6, "num_statements": 6, "percent_covered": 100.0, "percent_covered_display": "100", "missing_lines": 0, "excluded_lines": 0, "percent_statements_covered": 100.0, "percent_statements_covered_display": "100", "num_branches": 0, "num_partial_branches": 0, "covered_branches": 0, "missing_branches": 0, "percent_branches_covered": 100.0, "percent_branches_covered_display": "100"}, "missing_lines": [], "excluded_lines": [], "start_line": 116, "executed_branches": [], "missing_branches": []}, "check_approved_digest": {"executed_lines": [137, 138, 140, 144], "summary": {"covered_lines": 4, "num_statements": 4, "percent_covered": 100.0, "percent_covered_display": "100", "missing_lines": 0, "excluded_lines": 0, "percent_statements_covered": 100.0, "percent_statements_covered_display": "100", "num_branches": 2, "num_partial_branches": 0, "covered_branches": 2, "missing_branches": 0, "percent_branches_covered": 100.0, "percent_branches_covered_display": "100"}, "missing_lines": [], "excluded_lines": [], "start_line": 131, "executed_branches": [[138, 140], [138, 144]], "missing_branches": []}, "check_approved_site_digest": {"executed_lines": [150, 151, 154, 158], "summary": {"covered_lines": 4, "num_statements": 4, "percent_covered": 100.0, "percent_covered_display": "100", "missing_lines": 0, "excluded_lines": 0, "percent_statements_covered": 100.0, "percent_statements_covered_display": "100", "num_branches": 2, "num_partial_branches": 0, "covered_branches": 2, "missing_branches": 0, "percent_branches_covered": 100.0, "percent_branches_covered_display": "100"}, "missing_lines": [], "excluded_lines": [], "start_line": 147, "executed_branches": [[151, 154], [151, 158]], "missing_branches": []}, "provision_store": {"executed_lines": [166, 167, 168, 169, 170, 171, 172, 173], "summary": {"covered_lines": 8, "num_statements": 8, "percent_covered": 100.0, "percent_covered_display": "100", "missing_lines": 0, "excluded_lines": 0, "percent_statements_covered": 100.0, "percent_statements_covered_display": "100", "num_branches": 0, "num_partial_branches": 0, "covered_branches": 0, "missing_branches": 0, "percent_branches_covered": 100.0, "percent_branches_covered_display": "100"}, "missing_lines": [], "excluded_lines": [], "start_line": 161, "executed_branches": [], "missing_branches": []}, "load_site_manifest": {"executed_lines": [178, 179, 180, 181, 184, 186], "summary": {"covered_lines": 6, "num_statements": 9, "percent_covered": 63.63636363636363, "percent_covered_display": "64", "missing_lines": 3, "excluded_lines": 0, "percent_statements_covered": 66.66666666666667, "percent_statements_covered_display": "67", "num_branches": 2, "num_partial_branches": 1, "covered_branches": 1, "missing_branches": 1, "percent_branches_covered": 50.0, "percent_branches_covered_display": "50"}, "missing_lines": [182, 183, 185], "excluded_lines": [], "start_line": 176, "executed_branches": [[184, 186]], "missing_branches": [[184, 185]]}, "load_launch_manifest": {"executed_lines": [191, 192, 193, 194, 195, 196, 197, 199], "summary": {"covered_lines": 8, "num_statements": 9, "percent_covered": 81.81818181818181, "percent_covered_display": "82", "missing_lines": 1, "excluded_lines": 0, "percent_statements_covered": 88.88888888888889, "percent_statements_covered_display": "89", "num_branches": 2, "num_partial_branches": 1, "covered_branches": 1, "missing_branches": 1, "percent_branches_covered": 50.0, "percent_branches_covered_display": "50"}, "missing_lines": [198], "excluded_lines": [], "start_line": 189, "executed_branches": [[197, 199]], "missing_branches": [[197, 198]]}, "": {"executed_lines": [2, 3, 4, 6, 8, 22, 29, 43, 47, 55, 60, 65, 70, 78, 87, 95, 104, 108, 112, 113, 116, 131, 147, 161, 176, 189], "summary": {"covered_lines": 26, "num_statements": 26, "percent_covered": 100.0, "percent_covered_display": "100", "missing_lines": 0, "excluded_lines": 0, "percent_statements_covered": 100.0, "percent_statements_covered_display": "100", "num_branches": 0, "num_partial_branches": 0, "covered_branches": 0, "missing_branches": 0, "percent_branches_covered": 100.0, "percent_branches_covered_display": "100"}, "missing_lines": [], "excluded_lines": [], "start_line": 1, "executed_branches": [], "missing_branches": []}}, "classes": {"IntegrityError": {"executed_lines": [], "summary": {"covered_lines": 0, "num_statements": 0, "percent_covered": 100.0, "percent_covered_display": "100", "missing_lines": 0, "excluded_lines": 0, "percent_statements_covered": 100.0, "percent_statements_covered_display": "100", "num_branches": 0, "num_partial_branches": 0, "covered_branches": 0, "missing_branches": 0, "percent_branches_covered": 100.0, "percent_branches_covered_display": "100"}, "missing_lines": [], "excluded_lines": [], "start_line": 43, "executed_branches": [], "missing_branches": []}, "": {"executed_lines": [2, 3, 4, 6, 8, 22, 29, 31, 32, 33, 34, 36, 37, 38, 40, 43, 47, 48, 49, 50, 51, 52, 55, 56, 57, 60, 61, 62, 65, 66, 67, 70, 71, 72, 75, 78, 79, 80, 81, 83, 84, 87, 88, 89, 92, 95, 96, 97, 98, 100, 101, 104, 105, 108, 109, 112, 113, 116, 123, 124, 125, 126, 127, 128, 131, 137, 138, 140, 144, 147, 150, 151, 154, 158, 161, 166, 167, 168, 169, 170, 171, 172, 173, 176, 178, 179, 180, 181, 184, 186, 189, 191, 192, 193, 194, 195, 196, 197, 199], "summary": {"covered_lines": 99, "num_statements": 104, "percent_covered": 93.54838709677419, "percent_covered_display": "94", "missing_lines": 5, "excluded_lines": 0, "percent_statements_covered": 95.1923076923077, "percent_statements_covered_display": "95", "num_branches": 20, "num_partial_branches": 3, "covered_branches": 17, "missing_branches": 3, "percent_branches_covered": 85.0, "percent_branches_covered_display": "85"}, "missing_lines": [35, 182, 183, 185, 198], "excluded_lines": [], "start_line": 1, "executed_branches": [[32, 33], [32, 40], [34, 36], [36, 32], [36, 37], [50, 51], [50, 52], [80, 81], [80, 84], [97, 98], [97, 101], [138, 140], [138, 144], [151, 154], [151, 158], [184, 186], [197, 199]], "missing_branches": [[34, 35], [184, 185], [197, 198]]}}}, "engine/dashboard.py": {"executed_lines": [8, 10, 12, 15, 16, 17, 18, 19, 24, 25, 26, 27, 29, 30, 31, 56, 57, 58, 59, 61, 63, 64, 65, 66, 67, 68, 69, 72, 76, 77, 78, 80, 81, 82, 83, 84, 92, 93], "summary": {"covered_lines": 38, "num_statements": 38, "percent_covered": 100.0, "percent_covered_display": "100", "missing_lines": 0, "excluded_lines": 0, "percent_statements_covered": 100.0, "percent_statements_covered_display": "100", "num_branches": 16, "num_partial_branches": 0, "covered_branches": 16, "missing_branches": 0, "percent_branches_covered": 100.0, "percent_branches_covered_display": "100"}, "missing_lines": [], "excluded_lines": [], "executed_branches": [[18, 19], [18, 24], [24, 25], [24, 26], [26, 27], [26, 29], [57, 58], [57, 59], [59, 61], [59, 63], [64, 65], [64, 66], [76, 77], [76, 78], [81, 82], [81, 92]], "missing_branches": [], "functions": {"_account_detail": {"executed_lines": [16, 17, 18, 19, 24, 25, 26, 27, 29, 30, 31], "summary": {"covered_lines": 11, "num_statements": 11, "percent_covered": 100.0, "percent_covered_display": "100", "missing_lines": 0, "excluded_lines": 0, "percent_statements_covered": 100.0, "percent_statements_covered_display": "100", "num_branches": 6, "num_partial_branches": 0, "covered_branches": 6, "missing_branches": 0, "percent_branches_covered": 100.0, "percent_branches_covered_display": "100"}, "missing_lines": [], "excluded_lines": [], "start_line": 15, "executed_branches": [[18, 19], [18, 24], [24, 25], [24, 26], [26, 27], [26, 29]], "missing_branches": []}, "_account_row": {"executed_lines": [57, 58, 59, 61, 63, 64, 65, 66, 67, 68, 69], "summary": {"covered_lines": 11, "num_statements": 11, "percent_covered": 100.0, "percent_covered_display": "100", "missing_lines": 0, "excluded_lines": 0, "percent_statements_covered": 100.0, "percent_statements_covered_display": "100", "num_branches": 6, "num_partial_branches": 0, "covered_branches": 6, "missing_branches": 0, "percent_branches_covered": 100.0, "percent_branches_covered_display": "100"}, "missing_lines": [], "excluded_lines": [], "start_line": 56, "executed_branches": [[57, 58], [57, 59], [59, 61], [59, 63], [64, 65], [64, 66]], "missing_branches": []}, "payload": {"executed_lines": [76, 77, 78, 80, 81, 82, 83, 84, 92, 93], "summary": {"covered_lines": 10, "num_statements": 10, "percent_covered": 100.0, "percent_covered_display": "100", "missing_lines": 0, "excluded_lines": 0, "percent_statements_covered": 100.0, "percent_statements_covered_display": "100", "num_branches": 4, "num_partial_branches": 0, "covered_branches": 4, "missing_branches": 0, "percent_branches_covered": 100.0, "percent_branches_covered_display": "100"}, "missing_lines": [], "excluded_lines": [], "start_line": 72, "executed_branches": [[76, 77], [76, 78], [81, 82], [81, 92]], "missing_branches": []}, "": {"executed_lines": [8, 10, 12, 15, 56, 72], "summary": {"covered_lines": 6, "num_statements": 6, "percent_covered": 100.0, "percent_covered_display": "100", "missing_lines": 0, "excluded_lines": 0, "percent_statements_covered": 100.0, "percent_statements_covered_display": "100", "num_branches": 0, "num_partial_branches": 0, "covered_branches": 0, "missing_branches": 0, "percent_branches_covered": 100.0, "percent_branches_covered_display": "100"}, "missing_lines": [], "excluded_lines": [], "start_line": 1, "executed_branches": [], "missing_branches": []}}, "classes": {"": {"executed_lines": [8, 10, 12, 15, 16, 17, 18, 19, 24, 25, 26, 27, 29, 30, 31, 56, 57, 58, 59, 61, 63, 64, 65, 66, 67, 68, 69, 72, 76, 77, 78, 80, 81, 82, 83, 84, 92, 93], "summary": {"covered_lines": 38, "num_statements": 38, "percent_covered": 100.0, "percent_covered_display": "100", "missing_lines": 0, "excluded_lines": 0, "percent_statements_covered": 100.0, "percent_statements_covered_display": "100", "num_branches": 16, "num_partial_branches": 0, "covered_branches": 16, "missing_branches": 0, "percent_branches_covered": 100.0, "percent_branches_covered_display": "100"}, "missing_lines": [], "excluded_lines": [], "start_line": 1, "executed_branches": [[18, 19], [18, 24], [24, 25], [24, 26], [26, 27], [26, 29], [57, 58], [57, 59], [59, 61], [59, 63], [64, 65], [64, 66], [76, 77], [76, 78], [81, 82], [81, 92]], "missing_branches": []}}}, "engine/decisions.py": {"executed_lines": [2, 3, 5, 7, 8, 10, 11, 14, 16, 17, 18, 19, 20, 21, 22, 23, 24, 25, 26, 27, 30, 33, 34, 35, 36, 37, 38, 41, 42, 48, 50, 51, 52, 53, 54, 55, 56, 57, 58, 60, 61, 62, 63, 64, 65, 66, 70, 71, 76, 77, 79, 80, 83, 84, 85, 86, 87, 89, 90, 91, 92, 94, 95, 96, 97, 98, 99, 100, 101, 102, 103, 104, 106, 107, 108, 109, 110, 112, 115, 116], "summary": {"covered_lines": 80, "num_statements": 80, "percent_covered": 100.0, "percent_covered_display": "100", "missing_lines": 0, "excluded_lines": 0, "percent_statements_covered": 100.0, "percent_statements_covered_display": "100", "num_branches": 46, "num_partial_branches": 0, "covered_branches": 46, "missing_branches": 0, "percent_branches_covered": 100.0, "percent_branches_covered_display": "100"}, "missing_lines": [], "excluded_lines": [], "executed_branches": [[16, 17], [16, 18], [18, 19], [18, 22], [20, 18], [20, 21], [22, 23], [22, 26], [24, 22], [24, 25], [60, 61], [60, 63], [63, 64], [63, 65], [65, 66], [65, 70], [70, 71], [70, 83], [79, 80], [79, 83], [84, 85], [84, 86], [86, 87], [86, 89], [89, 90], [89, 91], [91, 92], [91, 94], [95, 96], [95, 100], [96, 97], [96, 98], [98, 99], [98, 100], [100, 101], [100, 106], [101, 102], [101, 103], [103, 104], [103, 106], [106, 107], [106, 112], [107, 106], [107, 108], [109, 106], [109, 110]], "missing_branches": [], "functions": {"schema_validate": {"executed_lines": [16, 17, 18, 19, 20, 21, 22, 23, 24, 25, 26, 27], "summary": {"covered_lines": 12, "num_statements": 12, "percent_covered": 100.0, "percent_covered_display": "100", "missing_lines": 0, "excluded_lines": 0, "percent_statements_covered": 100.0, "percent_statements_covered_display": "100", "num_branches": 10, "num_partial_branches": 0, "covered_branches": 10, "missing_branches": 0, "percent_branches_covered": 100.0, "percent_branches_covered_display": "100"}, "missing_lines": [], "excluded_lines": [], "start_line": 14, "executed_branches": [[16, 17], [16, 18], [18, 19], [18, 22], [20, 18], [20, 21], [22, 23], [22, 26], [24, 22], [24, 25]], "missing_branches": []}, "_num": {"executed_lines": [34, 35, 36, 37, 38], "summary": {"covered_lines": 5, "num_statements": 5, "percent_covered": 100.0, "percent_covered_display": "100", "missing_lines": 0, "excluded_lines": 0, "percent_statements_covered": 100.0, "percent_statements_covered_display": "100", "num_branches": 0, "num_partial_branches": 0, "covered_branches": 0, "missing_branches": 0, "percent_branches_covered": 100.0, "percent_branches_covered_display": "100"}, "missing_lines": [], "excluded_lines": [], "start_line": 33, "executed_branches": [], "missing_branches": []}, "_cond_ok": {"executed_lines": [42], "summary": {"covered_lines": 1, "num_statements": 1, "percent_covered": 100.0, "percent_covered_display": "100", "missing_lines": 0, "excluded_lines": 0, "percent_statements_covered": 100.0, "percent_statements_covered_display": "100", "num_branches": 0, "num_partial_branches": 0, "covered_branches": 0, "missing_branches": 0, "percent_branches_covered": 100.0, "percent_branches_covered_display": "100"}, "missing_lines": [], "excluded_lines": [], "start_line": 41, "executed_branches": [], "missing_branches": []}, "validate": {"executed_lines": [50, 51, 52, 53, 54, 55, 56, 57, 58, 60, 61, 62, 63, 64, 65, 66, 70, 71, 76, 77, 79, 80, 83, 84, 85, 86, 87, 89, 90, 91, 92, 94, 95, 96, 97, 98, 99, 100, 101, 102, 103, 104, 106, 107, 108, 109, 110, 112], "summary": {"covered_lines": 48, "num_statements": 48, "percent_covered": 100.0, "percent_covered_display": "100", "missing_lines": 0, "excluded_lines": 0, "percent_statements_covered": 100.0, "percent_statements_covered_display": "100", "num_branches": 36, "num_partial_branches": 0, "covered_branches": 36, "missing_branches": 0, "percent_branches_covered": 100.0, "percent_branches_covered_display": "100"}, "missing_lines": [], "excluded_lines": [], "start_line": 48, "executed_branches": [[60, 61], [60, 63], [63, 64], [63, 65], [65, 66], [65, 70], [70, 71], [70, 83], [79, 80], [79, 83], [84, 85], [84, 86], [86, 87], [86, 89], [89, 90], [89, 91], [91, 92], [91, 94], [95, 96], [95, 100], [96, 97], [96, 98], [98, 99], [98, 100], [100, 101], [100, 106], [101, 102], [101, 103], [103, 104], [103, 106], [106, 107], [106, 112], [107, 106], [107, 108], [109, 106], [109, 110]], "missing_branches": []}, "retry_message": {"executed_lines": [116], "summary": {"covered_lines": 1, "num_statements": 1, "percent_covered": 100.0, "percent_covered_display": "100", "missing_lines": 0, "excluded_lines": 0, "percent_statements_covered": 100.0, "percent_statements_covered_display": "100", "num_branches": 0, "num_partial_branches": 0, "covered_branches": 0, "missing_branches": 0, "percent_branches_covered": 100.0, "percent_branches_covered_display": "100"}, "missing_lines": [], "excluded_lines": [], "start_line": 115, "executed_branches": [], "missing_branches": []}, "": {"executed_lines": [2, 3, 5, 7, 8, 10, 11, 14, 30, 33, 41, 48, 115], "summary": {"covered_lines": 13, "num_statements": 13, "percent_covered": 100.0, "percent_covered_display": "100", "missing_lines": 0, "excluded_lines": 0, "percent_statements_covered": 100.0, "percent_statements_covered_display": "100", "num_branches": 0, "num_partial_branches": 0, "covered_branches": 0, "missing_branches": 0, "percent_branches_covered": 100.0, "percent_branches_covered_display": "100"}, "missing_lines": [], "excluded_lines": [], "start_line": 1, "executed_branches": [], "missing_branches": []}}, "classes": {"": {"executed_lines": [2, 3, 5, 7, 8, 10, 11, 14, 16, 17, 18, 19, 20, 21, 22, 23, 24, 25, 26, 27, 30, 33, 34, 35, 36, 37, 38, 41, 42, 48, 50, 51, 52, 53, 54, 55, 56, 57, 58, 60, 61, 62, 63, 64, 65, 66, 70, 71, 76, 77, 79, 80, 83, 84, 85, 86, 87, 89, 90, 91, 92, 94, 95, 96, 97, 98, 99, 100, 101, 102, 103, 104, 106, 107, 108, 109, 110, 112, 115, 116], "summary": {"covered_lines": 80, "num_statements": 80, "percent_covered": 100.0, "percent_covered_display": "100", "missing_lines": 0, "excluded_lines": 0, "percent_statements_covered": 100.0, "percent_statements_covered_display": "100", "num_branches": 46, "num_partial_branches": 0, "covered_branches": 46, "missing_branches": 0, "percent_branches_covered": 100.0, "percent_branches_covered_display": "100"}, "missing_lines": [], "excluded_lines": [], "start_line": 1, "executed_branches": [[16, 17], [16, 18], [18, 19], [18, 22], [20, 18], [20, 21], [22, 23], [22, 26], [24, 22], [24, 25], [60, 61], [60, 63], [63, 64], [63, 65], [65, 66], [65, 70], [70, 71], [70, 83], [79, 80], [79, 83], [84, 85], [84, 86], [86, 87], [86, 89], [89, 90], [89, 91], [91, 92], [91, 94], [95, 96], [95, 100], [96, 97], [96, 98], [98, 99], [98, 100], [100, 101], [100, 106], [101, 102], [101, 103], [103, 104], [103, 106], [106, 107], [106, 112], [107, 106], [107, 108], [109, 106], [109, 110]], "missing_branches": []}}}, "engine/execution.py": {"executed_lines": [2, 4, 6, 9, 10, 13, 14, 17, 18, 19, 20, 21, 22, 29, 32, 34, 35, 36, 37, 38, 39, 40, 41, 42, 43, 44, 45, 46, 47, 50, 51, 52, 53, 54, 55, 56, 57, 58, 59, 60, 61, 62, 63, 64, 67, 69, 70, 71, 72, 74, 75, 76, 77, 79, 80, 82, 83, 84, 86, 87, 88, 89, 90, 91, 92, 93, 94, 95, 97, 98, 99, 100, 101, 102, 103, 104, 106, 107, 108, 109, 111, 112, 113, 114, 115, 116, 117, 119, 121, 122, 123, 124, 125, 126, 127], "summary": {"covered_lines": 95, "num_statements": 95, "percent_covered": 99.17355371900827, "percent_covered_display": "99", "missing_lines": 0, "excluded_lines": 0, "percent_statements_covered": 100.0, "percent_statements_covered_display": "100", "num_branches": 26, "num_partial_branches": 1, "covered_branches": 25, "missing_branches": 1, "percent_branches_covered": 96.15384615384616, "percent_branches_covered_display": "96"}, "missing_lines": [], "excluded_lines": [], "executed_branches": [[34, 35], [34, 36], [44, -32], [44, 45], [52, 53], [52, 54], [74, 75], [74, 86], [75, 76], [75, 79], [82, 83], [82, 84], [86, 87], [86, 93], [89, 90], [89, 91], [93, 94], [93, 97], [100, 101], [100, 102], [102, 103], [102, 111], [119, 121], [125, 126], [125, 127]], "missing_branches": [[119, 124]], "functions": {"_qq": {"executed_lines": [10], "summary": {"covered_lines": 1, "num_statements": 1, "percent_covered": 100.0, "percent_covered_display": "100", "missing_lines": 0, "excluded_lines": 0, "percent_statements_covered": 100.0, "percent_statements_covered_display": "100", "num_branches": 0, "num_partial_branches": 0, "covered_branches": 0, "missing_branches": 0, "percent_branches_covered": 100.0, "percent_branches_covered_display": "100"}, "missing_lines": [], "excluded_lines": [], "start_line": 9, "executed_branches": [], "missing_branches": []}, "_fee": {"executed_lines": [14], "summary": {"covered_lines": 1, "num_statements": 1, "percent_covered": 100.0, "percent_covered_display": "100", "missing_lines": 0, "excluded_lines": 0, "percent_statements_covered": 100.0, "percent_statements_covered_display": "100", "num_branches": 0, "num_partial_branches": 0, "covered_branches": 0, "missing_branches": 0, "percent_branches_covered": 100.0, "percent_branches_covered_display": "100"}, "missing_lines": [], "excluded_lines": [], "start_line": 13, "executed_branches": [], "missing_branches": []}, "_record_trade": {"executed_lines": [18, 19, 20, 21, 22, 29], "summary": {"covered_lines": 6, "num_statements": 6, "percent_covered": 100.0, "percent_covered_display": "100", "missing_lines": 0, "excluded_lines": 0, "percent_statements_covered": 100.0, "percent_statements_covered_display": "100", "num_branches": 0, "num_partial_branches": 0, "covered_branches": 0, "missing_branches": 0, "percent_branches_covered": 100.0, "percent_branches_covered_display": "100"}, "missing_lines": [], "excluded_lines": [], "start_line": 17, "executed_branches": [], "missing_branches": []}, "close_position": {"executed_lines": [34, 35, 36, 37, 38, 39, 40, 41, 42, 43, 44, 45, 46, 47], "summary": {"covered_lines": 14, "num_statements": 14, "percent_covered": 100.0, "percent_covered_display": "100", "missing_lines": 0, "excluded_lines": 0, "percent_statements_covered": 100.0, "percent_statements_covered_display": "100", "num_branches": 4, "num_partial_branches": 0, "covered_branches": 4, "missing_branches": 0, "percent_branches_covered": 100.0, "percent_branches_covered_display": "100"}, "missing_lines": [], "excluded_lines": [], "start_line": 32, "executed_branches": [[34, 35], [34, 36], [44, -32], [44, 45]], "missing_branches": []}, "_open": {"executed_lines": [51, 52, 53, 54, 55, 56, 57, 58, 59, 60, 61, 62, 63, 64], "summary": {"covered_lines": 14, "num_statements": 14, "percent_covered": 100.0, "percent_covered_display": "100", "missing_lines": 0, "excluded_lines": 0, "percent_statements_covered": 100.0, "percent_statements_covered_display": "100", "num_branches": 2, "num_partial_branches": 0, "covered_branches": 2, "missing_branches": 0, "percent_branches_covered": 100.0, "percent_branches_covered_display": "100"}, "missing_lines": [], "excluded_lines": [], "start_line": 50, "executed_branches": [[52, 53], [52, 54]], "missing_branches": []}, "apply_decision": {"executed_lines": [69, 70, 71, 72, 74, 75, 76, 77, 79, 80, 82, 83, 84, 86, 87, 88, 89, 90, 91, 92, 93, 94, 95, 97, 98, 99, 100, 101, 102, 103, 104, 106, 107, 108, 109, 111, 112, 113, 114, 115, 116, 117, 119, 121, 122, 123, 124, 125, 126, 127], "summary": {"covered_lines": 50, "num_statements": 50, "percent_covered": 98.57142857142857, "percent_covered_display": "99", "missing_lines": 0, "excluded_lines": 0, "percent_statements_covered": 100.0, "percent_statements_covered_display": "100", "num_branches": 20, "num_partial_branches": 1, "covered_branches": 19, "missing_branches": 1, "percent_branches_covered": 95.0, "percent_branches_covered_display": "95"}, "missing_lines": [], "excluded_lines": [], "start_line": 67, "executed_branches": [[74, 75], [74, 86], [75, 76], [75, 79], [82, 83], [82, 84], [86, 87], [86, 93], [89, 90], [89, 91], [93, 94], [93, 97], [100, 101], [100, 102], [102, 103], [102, 111], [119, 121], [125, 126], [125, 127]], "missing_branches": [[119, 124]]}, "": {"executed_lines": [2, 4, 6, 9, 13, 17, 32, 50, 67], "summary": {"covered_lines": 9, "num_statements": 9, "percent_covered": 100.0, "percent_covered_display": "100", "missing_lines": 0, "excluded_lines": 0, "percent_statements_covered": 100.0, "percent_statements_covered_display": "100", "num_branches": 0, "num_partial_branches": 0, "covered_branches": 0, "missing_branches": 0, "percent_branches_covered": 100.0, "percent_branches_covered_display": "100"}, "missing_lines": [], "excluded_lines": [], "start_line": 1, "executed_branches": [], "missing_branches": []}}, "classes": {"": {"executed_lines": [2, 4, 6, 9, 10, 13, 14, 17, 18, 19, 20, 21, 22, 29, 32, 34, 35, 36, 37, 38, 39, 40, 41, 42, 43, 44, 45, 46, 47, 50, 51, 52, 53, 54, 55, 56, 57, 58, 59, 60, 61, 62, 63, 64, 67, 69, 70, 71, 72, 74, 75, 76, 77, 79, 80, 82, 83, 84, 86, 87, 88, 89, 90, 91, 92, 93, 94, 95, 97, 98, 99, 100, 101, 102, 103, 104, 106, 107, 108, 109, 111, 112, 113, 114, 115, 116, 117, 119, 121, 122, 123, 124, 125, 126, 127], "summary": {"covered_lines": 95, "num_statements": 95, "percent_covered": 99.17355371900827, "percent_covered_display": "99", "missing_lines": 0, "excluded_lines": 0, "percent_statements_covered": 100.0, "percent_statements_covered_display": "100", "num_branches": 26, "num_partial_branches": 1, "covered_branches": 25, "missing_branches": 1, "percent_branches_covered": 96.15384615384616, "percent_branches_covered_display": "96"}, "missing_lines": [], "excluded_lines": [], "start_line": 1, "executed_branches": [[34, 35], [34, 36], [44, -32], [44, 45], [52, 53], [52, 54], [74, 75], [74, 86], [75, 76], [75, 79], [82, 83], [82, 84], [86, 87], [86, 93], [89, 90], [89, 91], [93, 94], [93, 97], [100, 101], [100, 102], [102, 103], [102, 111], [119, 121], [125, 126], [125, 127]], "missing_branches": [[119, 124]]}}}, "engine/features.py": {"executed_lines": [3, 5, 8, 9, 12, 13, 14, 15, 16, 17, 18, 19, 20, 21, 22, 23, 24, 25, 28, 29, 30, 31, 34, 35, 36, 38, 39, 40, 41, 42, 43, 44, 45, 48, 50, 52, 53, 54, 55, 56, 57, 58, 61, 63, 65, 66, 67, 68, 69, 70, 71, 72, 73, 74, 75, 78, 80, 81, 82, 83, 84], "summary": {"covered_lines": 61, "num_statements": 64, "percent_covered": 93.02325581395348, "percent_covered_display": "93", "missing_lines": 3, "excluded_lines": 0, "percent_statements_covered": 95.3125, "percent_statements_covered_display": "95", "num_branches": 22, "num_partial_branches": 3, "covered_branches": 19, "missing_branches": 3, "percent_branches_covered": 86.36363636363636, "percent_branches_covered_display": "86"}, "missing_lines": [37, 51, 64], "excluded_lines": [], "executed_branches": [[14, 15], [14, 16], [19, 20], [19, 22], [22, 23], [22, 24], [29, 30], [29, 31], [36, 38], [39, 40], [39, 42], [43, 44], [43, 45], [50, 52], [63, 65], [67, 68], [67, 69], [73, 74], [73, 75]], "missing_branches": [[36, 37], [50, 51], [63, 64]], "functions": {"_q": {"executed_lines": [9], "summary": {"covered_lines": 1, "num_statements": 1, "percent_covered": 100.0, "percent_covered_display": "100", "missing_lines": 0, "excluded_lines": 0, "percent_statements_covered": 100.0, "percent_statements_covered_display": "100", "num_branches": 0, "num_partial_branches": 0, "covered_branches": 0, "missing_branches": 0, "percent_branches_covered": 100.0, "percent_branches_covered_display": "100"}, "missing_lines": [], "excluded_lines": [], "start_line": 8, "executed_branches": [], "missing_branches": []}, "rsi14": {"executed_lines": [13, 14, 15, 16, 17, 18, 19, 20, 21, 22, 23, 24, 25], "summary": {"covered_lines": 13, "num_statements": 13, "percent_covered": 100.0, "percent_covered_display": "100", "missing_lines": 0, "excluded_lines": 0, "percent_statements_covered": 100.0, "percent_statements_covered_display": "100", "num_branches": 6, "num_partial_branches": 0, "covered_branches": 6, "missing_branches": 0, "percent_branches_covered": 100.0, "percent_branches_covered_display": "100"}, "missing_lines": [], "excluded_lines": [], "start_line": 12, "executed_branches": [[14, 15], [14, 16], [19, 20], [19, 22], [22, 23], [22, 24]], "missing_branches": []}, "sma": {"executed_lines": [29, 30, 31], "summary": {"covered_lines": 3, "num_statements": 3, "percent_covered": 100.0, "percent_covered_display": "100", "missing_lines": 0, "excluded_lines": 0, "percent_statements_covered": 100.0, "percent_statements_covered_display": "100", "num_branches": 2, "num_partial_branches": 0, "covered_branches": 2, "missing_branches": 0, "percent_branches_covered": 100.0, "percent_branches_covered_display": "100"}, "missing_lines": [], "excluded_lines": [], "start_line": 28, "executed_branches": [[29, 30], [29, 31]], "missing_branches": []}, "atr14": {"executed_lines": [35, 36, 38, 39, 40, 41, 42, 43, 44, 45], "summary": {"covered_lines": 10, "num_statements": 11, "percent_covered": 88.23529411764706, "percent_covered_display": "88", "missing_lines": 1, "excluded_lines": 0, "percent_statements_covered": 90.9090909090909, "percent_statements_covered_display": "91", "num_branches": 6, "num_partial_branches": 1, "covered_branches": 5, "missing_branches": 1, "percent_branches_covered": 83.33333333333333, "percent_branches_covered_display": "83"}, "missing_lines": [37], "excluded_lines": [], "start_line": 34, "executed_branches": [[36, 38], [39, 40], [39, 42], [43, 44], [43, 45]], "missing_branches": [[36, 37]]}, "volume_features": {"executed_lines": [50, 52, 53, 54, 55, 56, 57, 58], "summary": {"covered_lines": 8, "num_statements": 9, "percent_covered": 81.81818181818181, "percent_covered_display": "82", "missing_lines": 1, "excluded_lines": 0, "percent_statements_covered": 88.88888888888889, "percent_statements_covered_display": "89", "num_branches": 2, "num_partial_branches": 1, "covered_branches": 1, "missing_branches": 1, "percent_branches_covered": 50.0, "percent_branches_covered_display": "50"}, "missing_lines": [51], "excluded_lines": [], "start_line": 48, "executed_branches": [[50, 52]], "missing_branches": [[50, 51]]}, "vwap24": {"executed_lines": [63, 65, 66, 67, 68, 69, 70, 71, 72, 73, 74, 75], "summary": {"covered_lines": 12, "num_statements": 13, "percent_covered": 89.47368421052632, "percent_covered_display": "89", "missing_lines": 1, "excluded_lines": 0, "percent_statements_covered": 92.3076923076923, "percent_statements_covered_display": "92", "num_branches": 6, "num_partial_branches": 1, "covered_branches": 5, "missing_branches": 1, "percent_branches_covered": 83.33333333333333, "percent_branches_covered_display": "83"}, "missing_lines": [64], "excluded_lines": [], "start_line": 61, "executed_branches": [[63, 65], [67, 68], [67, 69], [73, 74], [73, 75]], "missing_branches": [[63, 64]]}, "feature_values": {"executed_lines": [80, 81, 82, 83, 84], "summary": {"covered_lines": 5, "num_statements": 5, "percent_covered": 100.0, "percent_covered_display": "100", "missing_lines": 0, "excluded_lines": 0, "percent_statements_covered": 100.0, "percent_statements_covered_display": "100", "num_branches": 0, "num_partial_branches": 0, "covered_branches": 0, "missing_branches": 0, "percent_branches_covered": 100.0, "percent_branches_covered_display": "100"}, "missing_lines": [], "excluded_lines": [], "start_line": 78, "executed_branches": [], "missing_branches": []}, "": {"executed_lines": [3, 5, 8, 12, 28, 34, 48, 61, 78], "summary": {"covered_lines": 9, "num_statements": 9, "percent_covered": 100.0, "percent_covered_display": "100", "missing_lines": 0, "excluded_lines": 0, "percent_statements_covered": 100.0, "percent_statements_covered_display": "100", "num_branches": 0, "num_partial_branches": 0, "covered_branches": 0, "missing_branches": 0, "percent_branches_covered": 100.0, "percent_branches_covered_display": "100"}, "missing_lines": [], "excluded_lines": [], "start_line": 1, "executed_branches": [], "missing_branches": []}}, "classes": {"": {"executed_lines": [3, 5, 8, 9, 12, 13, 14, 15, 16, 17, 18, 19, 20, 21, 22, 23, 24, 25, 28, 29, 30, 31, 34, 35, 36, 38, 39, 40, 41, 42, 43, 44, 45, 48, 50, 52, 53, 54, 55, 56, 57, 58, 61, 63, 65, 66, 67, 68, 69, 70, 71, 72, 73, 74, 75, 78, 80, 81, 82, 83, 84], "summary": {"covered_lines": 61, "num_statements": 64, "percent_covered": 93.02325581395348, "percent_covered_display": "93", "missing_lines": 3, "excluded_lines": 0, "percent_statements_covered": 95.3125, "percent_statements_covered_display": "95", "num_branches": 22, "num_partial_branches": 3, "covered_branches": 19, "missing_branches": 3, "percent_branches_covered": 86.36363636363636, "percent_branches_covered_display": "86"}, "missing_lines": [37, 51, 64], "excluded_lines": [], "start_line": 1, "executed_branches": [[14, 15], [14, 16], [19, 20], [19, 22], [22, 23], [22, 24], [29, 30], [29, 31], [36, 38], [39, 40], [39, 42], [43, 44], [43, 45], [50, 52], [63, 65], [67, 68], [67, 69], [73, 74], [73, 75]], "missing_branches": [[36, 37], [50, 51], [63, 64]]}}}, "engine/lifecycle.py": {"executed_lines": [3, 4, 7, 9, 21, 22, 23, 24, 27, 29, 30, 32, 33, 36, 37, 38, 39, 42, 44, 45, 46, 47, 48], "summary": {"covered_lines": 23, "num_statements": 23, "percent_covered": 100.0, "percent_covered_display": "100", "missing_lines": 0, "excluded_lines": 0, "percent_statements_covered": 100.0, "percent_statements_covered_display": "100", "num_branches": 10, "num_partial_branches": 0, "covered_branches": 10, "missing_branches": 0, "percent_branches_covered": 100.0, "percent_branches_covered_display": "100"}, "missing_lines": [], "excluded_lines": [], "executed_branches": [[22, 23], [22, 24], [29, 30], [29, 33], [37, -36], [37, 38], [44, 45], [44, 46], [46, 47], [46, 48]], "missing_branches": [], "functions": {"new_lifecycle": {"executed_lines": [9], "summary": {"covered_lines": 1, "num_statements": 1, "percent_covered": 100.0, "percent_covered_display": "100", "missing_lines": 0, "excluded_lines": 0, "percent_statements_covered": 100.0, "percent_statements_covered_display": "100", "num_branches": 0, "num_partial_branches": 0, "covered_branches": 0, "missing_branches": 0, "percent_branches_covered": 100.0, "percent_branches_covered_display": "100"}, "missing_lines": [], "excluded_lines": [], "start_line": 7, "executed_branches": [], "missing_branches": []}, "condition_met": {"executed_lines": [22, 23, 24], "summary": {"covered_lines": 3, "num_statements": 3, "percent_covered": 100.0, "percent_covered_display": "100", "missing_lines": 0, "excluded_lines": 0, "percent_statements_covered": 100.0, "percent_statements_covered_display": "100", "num_branches": 2, "num_partial_branches": 0, "covered_branches": 2, "missing_branches": 0, "percent_branches_covered": 100.0, "percent_branches_covered_display": "100"}, "missing_lines": [], "excluded_lines": [], "start_line": 21, "executed_branches": [[22, 23], [22, 24]], "missing_branches": []}, "latch": {"executed_lines": [29, 30, 32, 33], "summary": {"covered_lines": 4, "num_statements": 4, "percent_covered": 100.0, "percent_covered_display": "100", "missing_lines": 0, "excluded_lines": 0, "percent_statements_covered": 100.0, "percent_statements_covered_display": "100", "num_branches": 2, "num_partial_branches": 0, "covered_branches": 2, "missing_branches": 0, "percent_branches_covered": 100.0, "percent_branches_covered_display": "100"}, "missing_lines": [], "excluded_lines": [], "start_line": 27, "executed_branches": [[29, 30], [29, 33]], "missing_branches": []}, "end": {"executed_lines": [37, 38, 39], "summary": {"covered_lines": 3, "num_statements": 3, "percent_covered": 100.0, "percent_covered_display": "100", "missing_lines": 0, "excluded_lines": 0, "percent_statements_covered": 100.0, "percent_statements_covered_display": "100", "num_branches": 2, "num_partial_branches": 0, "covered_branches": 2, "missing_branches": 0, "percent_branches_covered": 100.0, "percent_branches_covered_display": "100"}, "missing_lines": [], "excluded_lines": [], "start_line": 36, "executed_branches": [[37, -36], [37, 38]], "missing_branches": []}, "active_at": {"executed_lines": [44, 45, 46, 47, 48], "summary": {"covered_lines": 5, "num_statements": 5, "percent_covered": 100.0, "percent_covered_display": "100", "missing_lines": 0, "excluded_lines": 0, "percent_statements_covered": 100.0, "percent_statements_covered_display": "100", "num_branches": 4, "num_partial_branches": 0, "covered_branches": 4, "missing_branches": 0, "percent_branches_covered": 100.0, "percent_branches_covered_display": "100"}, "missing_lines": [], "excluded_lines": [], "start_line": 42, "executed_branches": [[44, 45], [44, 46], [46, 47], [46, 48]], "missing_branches": []}, "": {"executed_lines": [3, 4, 7, 21, 27, 36, 42], "summary": {"covered_lines": 7, "num_statements": 7, "percent_covered": 100.0, "percent_covered_display": "100", "missing_lines": 0, "excluded_lines": 0, "percent_statements_covered": 100.0, "percent_statements_covered_display": "100", "num_branches": 0, "num_partial_branches": 0, "covered_branches": 0, "missing_branches": 0, "percent_branches_covered": 100.0, "percent_branches_covered_display": "100"}, "missing_lines": [], "excluded_lines": [], "start_line": 1, "executed_branches": [], "missing_branches": []}}, "classes": {"": {"executed_lines": [3, 4, 7, 9, 21, 22, 23, 24, 27, 29, 30, 32, 33, 36, 37, 38, 39, 42, 44, 45, 46, 47, 48], "summary": {"covered_lines": 23, "num_statements": 23, "percent_covered": 100.0, "percent_covered_display": "100", "missing_lines": 0, "excluded_lines": 0, "percent_statements_covered": 100.0, "percent_statements_covered_display": "100", "num_branches": 10, "num_partial_branches": 0, "covered_branches": 10, "missing_branches": 0, "percent_branches_covered": 100.0, "percent_branches_covered_display": "100"}, "missing_lines": [], "excluded_lines": [], "start_line": 1, "executed_branches": [[22, 23], [22, 24], [29, 30], [29, 33], [37, -36], [37, 38], [44, 45], [44, 46], [46, 47], [46, 48]], "missing_branches": []}}}, "engine/marketdata.py": {"executed_lines": [5, 7, 8, 11, 15, 16, 20, 21, 22, 23, 24, 25, 28, 29, 33, 34, 35, 36, 40, 41, 42, 43, 45, 47, 48, 49, 50, 51, 53, 57, 59, 60, 61, 62, 63, 64, 67, 69, 70, 71, 72, 73, 74, 77, 78, 79, 80, 81, 82, 83, 84, 85], "summary": {"covered_lines": 52, "num_statements": 57, "percent_covered": 87.95180722891567, "percent_covered_display": "88", "missing_lines": 5, "excluded_lines": 0, "percent_statements_covered": 91.2280701754386, "percent_statements_covered_display": "91", "num_branches": 26, "num_partial_branches": 5, "covered_branches": 21, "missing_branches": 5, "percent_branches_covered": 80.76923076923077, "percent_branches_covered_display": "81"}, "missing_lines": [30, 44, 46, 52, 54], "excluded_lines": [], "executed_branches": [[21, 22], [21, 23], [23, -20], [23, 24], [24, 23], [24, 25], [29, -28], [34, -33], [34, 35], [42, -40], [42, 43], [43, 45], [45, 47], [48, 49], [48, 51], [49, 48], [49, 50], [51, 53], [53, 42], [61, 62], [61, 64]], "missing_branches": [[29, 30], [43, 44], [45, 46], [51, 52], [53, 54]], "functions": {"to_dec": {"executed_lines": [16], "summary": {"covered_lines": 1, "num_statements": 1, "percent_covered": 100.0, "percent_covered_display": "100", "missing_lines": 0, "excluded_lines": 0, "percent_statements_covered": 100.0, "percent_statements_covered_display": "100", "num_branches": 0, "num_partial_branches": 0, "covered_branches": 0, "missing_branches": 0, "percent_branches_covered": 100.0, "percent_branches_covered_display": "100"}, "missing_lines": [], "excluded_lines": [], "start_line": 15, "executed_branches": [], "missing_branches": []}, "_check_contiguous": {"executed_lines": [21, 22, 23, 24, 25], "summary": {"covered_lines": 5, "num_statements": 5, "percent_covered": 100.0, "percent_covered_display": "100", "missing_lines": 0, "excluded_lines": 0, "percent_statements_covered": 100.0, "percent_statements_covered_display": "100", "num_branches": 6, "num_partial_branches": 0, "covered_branches": 6, "missing_branches": 0, "percent_branches_covered": 100.0, "percent_branches_covered_display": "100"}, "missing_lines": [], "excluded_lines": [], "start_line": 20, "executed_branches": [[21, 22], [21, 23], [23, -20], [23, 24], [24, 23], [24, 25]], "missing_branches": []}, "_check_closed": {"executed_lines": [29], "summary": {"covered_lines": 1, "num_statements": 2, "percent_covered": 50.0, "percent_covered_display": "50", "missing_lines": 1, "excluded_lines": 0, "percent_statements_covered": 50.0, "percent_statements_covered_display": "50", "num_branches": 2, "num_partial_branches": 1, "covered_branches": 1, "missing_branches": 1, "percent_branches_covered": 50.0, "percent_branches_covered_display": "50"}, "missing_lines": [30], "excluded_lines": [], "start_line": 28, "executed_branches": [[29, -28]], "missing_branches": [[29, 30]]}, "_check_fresh": {"executed_lines": [34, 35, 36], "summary": {"covered_lines": 3, "num_statements": 3, "percent_covered": 100.0, "percent_covered_display": "100", "missing_lines": 0, "excluded_lines": 0, "percent_statements_covered": 100.0, "percent_statements_covered_display": "100", "num_branches": 2, "num_partial_branches": 0, "covered_branches": 2, "missing_branches": 0, "percent_branches_covered": 100.0, "percent_branches_covered_display": "100"}, "missing_lines": [], "excluded_lines": [], "start_line": 33, "executed_branches": [[34, -33], [34, 35]], "missing_branches": []}, "_check_sane": {"executed_lines": [41, 42, 43, 45, 47, 48, 49, 50, 51, 53], "summary": {"covered_lines": 10, "num_statements": 14, "percent_covered": 71.42857142857143, "percent_covered_display": "71", "missing_lines": 4, "excluded_lines": 0, "percent_statements_covered": 71.42857142857143, "percent_statements_covered_display": "71", "num_branches": 14, "num_partial_branches": 4, "covered_branches": 10, "missing_branches": 4, "percent_branches_covered": 71.42857142857143, "percent_branches_covered_display": "71"}, "missing_lines": [44, 46, 52, 54], "excluded_lines": [], "start_line": 40, "executed_branches": [[42, -40], [42, 43], [43, 45], [45, 47], [48, 49], [48, 51], [49, 48], [49, 50], [51, 53], [53, 42]], "missing_branches": [[43, 44], [45, 46], [51, 52], [53, 54]]}, "validate_1m_coverage": {"executed_lines": [59, 60, 61, 62, 63, 64], "summary": {"covered_lines": 6, "num_statements": 6, "percent_covered": 100.0, "percent_covered_display": "100", "missing_lines": 0, "excluded_lines": 0, "percent_statements_covered": 100.0, "percent_statements_covered_display": "100", "num_branches": 2, "num_partial_branches": 0, "covered_branches": 2, "missing_branches": 0, "percent_branches_covered": 100.0, "percent_branches_covered_display": "100"}, "missing_lines": [], "excluded_lines": [], "start_line": 57, "executed_branches": [[61, 62], [61, 64]], "missing_branches": []}, "build_snapshot": {"executed_lines": [69, 70, 71, 72, 73, 74, 77, 78, 79, 80, 81, 82, 83, 84, 85], "summary": {"covered_lines": 15, "num_statements": 15, "percent_covered": 100.0, "percent_covered_display": "100", "missing_lines": 0, "excluded_lines": 0, "percent_statements_covered": 100.0, "percent_statements_covered_display": "100", "num_branches": 0, "num_partial_branches": 0, "covered_branches": 0, "missing_branches": 0, "percent_branches_covered": 100.0, "percent_branches_covered_display": "100"}, "missing_lines": [], "excluded_lines": [], "start_line": 67, "executed_branches": [], "missing_branches": []}, "": {"executed_lines": [5, 7, 8, 11, 15, 20, 28, 33, 40, 57, 67], "summary": {"covered_lines": 11, "num_statements": 11, "percent_covered": 100.0, "percent_covered_display": "100", "missing_lines": 0, "excluded_lines": 0, "percent_statements_covered": 100.0, "percent_statements_covered_display": "100", "num_branches": 0, "num_partial_branches": 0, "covered_branches": 0, "missing_branches": 0, "percent_branches_covered": 100.0, "percent_branches_covered_display": "100"}, "missing_lines": [], "excluded_lines": [], "start_line": 1, "executed_branches": [], "missing_branches": []}}, "classes": {"DataUnavailable": {"executed_lines": [], "summary": {"covered_lines": 0, "num_statements": 0, "percent_covered": 100.0, "percent_covered_display": "100", "missing_lines": 0, "excluded_lines": 0, "percent_statements_covered": 100.0, "percent_statements_covered_display": "100", "num_branches": 0, "num_partial_branches": 0, "covered_branches": 0, "missing_branches": 0, "percent_branches_covered": 100.0, "percent_branches_covered_display": "100"}, "missing_lines": [], "excluded_lines": [], "start_line": 11, "executed_branches": [], "missing_branches": []}, "": {"executed_lines": [5, 7, 8, 11, 15, 16, 20, 21, 22, 23, 24, 25, 28, 29, 33, 34, 35, 36, 40, 41, 42, 43, 45, 47, 48, 49, 50, 51, 53, 57, 59, 60, 61, 62, 63, 64, 67, 69, 70, 71, 72, 73, 74, 77, 78, 79, 80, 81, 82, 83, 84, 85], "summary": {"covered_lines": 52, "num_statements": 57, "percent_covered": 87.95180722891567, "percent_covered_display": "88", "missing_lines": 5, "excluded_lines": 0, "percent_statements_covered": 91.2280701754386, "percent_statements_covered_display": "91", "num_branches": 26, "num_partial_branches": 5, "covered_branches": 21, "missing_branches": 5, "percent_branches_covered": 80.76923076923077, "percent_branches_covered_display": "81"}, "missing_lines": [30, 44, 46, 52, 54], "excluded_lines": [], "start_line": 1, "executed_branches": [[21, 22], [21, 23], [23, -20], [23, 24], [24, 23], [24, 25], [29, -28], [34, -33], [34, 35], [42, -40], [42, 43], [43, 45], [45, 47], [48, 49], [48, 51], [49, 48], [49, 50], [51, 53], [53, 42], [61, 62], [61, 64]], "missing_branches": [[29, 30], [43, 44], [45, 46], [51, 52], [53, 54]]}}}, "engine/metrics.py": {"executed_lines": [2, 4, 6, 9, 10, 11, 12, 26, 27, 28, 29, 31, 33, 35, 36, 37, 38, 51, 52, 55, 58, 59, 60, 61, 62, 65, 67, 69, 70, 71, 72, 73, 74, 75, 76, 77, 79, 81, 91, 93, 94, 97, 99, 100, 101, 102, 103, 107, 110, 114, 117, 118, 119, 120, 121, 122, 123, 126, 128, 129, 130, 131, 132, 133, 136, 137, 138, 139, 142, 147, 148, 149, 150, 151, 152, 153, 154, 157, 159, 160, 161, 162, 163, 164, 166], "summary": {"covered_lines": 85, "num_statements": 85, "percent_covered": 100.0, "percent_covered_display": "100", "missing_lines": 0, "excluded_lines": 0, "percent_statements_covered": 100.0, "percent_statements_covered_display": "100", "num_branches": 32, "num_partial_branches": 0, "covered_branches": 32, "missing_branches": 0, "percent_branches_covered": 100.0, "percent_branches_covered_display": "100"}, "missing_lines": [], "excluded_lines": [], "executed_branches": [[59, 60], [59, 61], [70, 71], [70, 76], [72, 73], [72, 75], [100, 101], [100, 107], [101, 100], [101, 102], [102, 101], [102, 103], [119, 120], [119, 123], [121, 119], [121, 122], [128, 129], [128, 130], [131, 132], [131, 133], [137, 138], [137, 139], [148, 149], [148, 166], [149, 150], [149, 151], [157, 159], [157, 160], [160, 161], [160, 164], [162, 163], [162, 164]], "missing_branches": [], "functions": {"account_outcomes": {"executed_lines": [10, 11, 12], "summary": {"covered_lines": 3, "num_statements": 3, "percent_covered": 100.0, "percent_covered_display": "100", "missing_lines": 0, "excluded_lines": 0, "percent_statements_covered": 100.0, "percent_statements_covered_display": "100", "num_branches": 0, "num_partial_branches": 0, "covered_branches": 0, "missing_branches": 0, "percent_branches_covered": 100.0, "percent_branches_covered_display": "100"}, "missing_lines": [], "excluded_lines": [], "start_line": 9, "executed_branches": [], "missing_branches": []}, "reliability": {"executed_lines": [27, 28, 29, 31, 33, 35, 36, 37, 38], "summary": {"covered_lines": 9, "num_statements": 9, "percent_covered": 100.0, "percent_covered_display": "100", "missing_lines": 0, "excluded_lines": 0, "percent_statements_covered": 100.0, "percent_statements_covered_display": "100", "num_branches": 0, "num_partial_branches": 0, "covered_branches": 0, "missing_branches": 0, "percent_branches_covered": 100.0, "percent_branches_covered_display": "100"}, "missing_lines": [], "excluded_lines": [], "start_line": 26, "executed_branches": [], "missing_branches": []}, "_rate": {"executed_lines": [52], "summary": {"covered_lines": 1, "num_statements": 1, "percent_covered": 100.0, "percent_covered_display": "100", "missing_lines": 0, "excluded_lines": 0, "percent_statements_covered": 100.0, "percent_statements_covered_display": "100", "num_branches": 0, "num_partial_branches": 0, "covered_branches": 0, "missing_branches": 0, "percent_branches_covered": 100.0, "percent_branches_covered_display": "100"}, "missing_lines": [], "excluded_lines": [], "start_line": 51, "executed_branches": [], "missing_branches": []}, "paired_behaviour": {"executed_lines": [58, 59, 60, 61, 62, 65, 67, 69, 70, 71, 72, 73, 74, 75, 76, 77, 79, 81], "summary": {"covered_lines": 18, "num_statements": 18, "percent_covered": 100.0, "percent_covered_display": "100", "missing_lines": 0, "excluded_lines": 0, "percent_statements_covered": 100.0, "percent_statements_covered_display": "100", "num_branches": 6, "num_partial_branches": 0, "covered_branches": 6, "missing_branches": 0, "percent_branches_covered": 100.0, "percent_branches_covered_display": "100"}, "missing_lines": [], "excluded_lines": [], "start_line": 55, "executed_branches": [[59, 60], [59, 61], [70, 71], [70, 76], [72, 73], [72, 75]], "missing_branches": []}, "feature_reference_frequency": {"executed_lines": [93, 94], "summary": {"covered_lines": 2, "num_statements": 2, "percent_covered": 100.0, "percent_covered_display": "100", "missing_lines": 0, "excluded_lines": 0, "percent_statements_covered": 100.0, "percent_statements_covered_display": "100", "num_branches": 0, "num_partial_branches": 0, "covered_branches": 0, "missing_branches": 0, "percent_branches_covered": 100.0, "percent_branches_covered_display": "100"}, "missing_lines": [], "excluded_lines": [], "start_line": 91, "executed_branches": [], "missing_branches": []}, "invalidation_response": {"executed_lines": [99, 100, 101, 102, 103, 107], "summary": {"covered_lines": 6, "num_statements": 6, "percent_covered": 100.0, "percent_covered_display": "100", "missing_lines": 0, "excluded_lines": 0, "percent_statements_covered": 100.0, "percent_statements_covered_display": "100", "num_branches": 6, "num_partial_branches": 0, "covered_branches": 6, "missing_branches": 0, "percent_branches_covered": 100.0, "percent_branches_covered_display": "100"}, "missing_lines": [], "excluded_lines": [], "start_line": 97, "executed_branches": [[100, 101], [100, 107], [101, 100], [101, 102], [102, 101], [102, 103]], "missing_branches": []}, "committed_only": {"executed_lines": [114], "summary": {"covered_lines": 1, "num_statements": 1, "percent_covered": 100.0, "percent_covered_display": "100", "missing_lines": 0, "excluded_lines": 0, "percent_statements_covered": 100.0, "percent_statements_covered_display": "100", "num_branches": 0, "num_partial_branches": 0, "covered_branches": 0, "missing_branches": 0, "percent_branches_covered": 100.0, "percent_branches_covered_display": "100"}, "missing_lines": [], "excluded_lines": [], "start_line": 110, "executed_branches": [], "missing_branches": []}, "excluded_counts": {"executed_lines": [118, 119, 120, 121, 122, 123], "summary": {"covered_lines": 6, "num_statements": 6, "percent_covered": 100.0, "percent_covered_display": "100", "missing_lines": 0, "excluded_lines": 0, "percent_statements_covered": 100.0, "percent_statements_covered_display": "100", "num_branches": 4, "num_partial_branches": 0, "covered_branches": 4, "missing_branches": 0, "percent_branches_covered": 100.0, "percent_branches_covered_display": "100"}, "missing_lines": [], "excluded_lines": [], "start_line": 117, "executed_branches": [[119, 120], [119, 123], [121, 119], [121, 122]], "missing_branches": []}, "time_weighted_avg": {"executed_lines": [128, 129, 130, 131, 132, 133], "summary": {"covered_lines": 6, "num_statements": 6, "percent_covered": 100.0, "percent_covered_display": "100", "missing_lines": 0, "excluded_lines": 0, "percent_statements_covered": 100.0, "percent_statements_covered_display": "100", "num_branches": 4, "num_partial_branches": 0, "covered_branches": 4, "missing_branches": 0, "percent_branches_covered": 100.0, "percent_branches_covered_display": "100"}, "missing_lines": [], "excluded_lines": [], "start_line": 126, "executed_branches": [[128, 129], [128, 130], [131, 132], [131, 133]], "missing_branches": []}, "turnover": {"executed_lines": [137, 138, 139], "summary": {"covered_lines": 3, "num_statements": 3, "percent_covered": 100.0, "percent_covered_display": "100", "missing_lines": 0, "excluded_lines": 0, "percent_statements_covered": 100.0, "percent_statements_covered_display": "100", "num_branches": 2, "num_partial_branches": 0, "covered_branches": 2, "missing_branches": 0, "percent_branches_covered": 100.0, "percent_branches_covered_display": "100"}, "missing_lines": [], "excluded_lines": [], "start_line": 136, "executed_branches": [[137, 138], [137, 139]], "missing_branches": []}, "invalidation_outcomes": {"executed_lines": [147, 148, 149, 150, 151, 152, 153, 154, 157, 159, 160, 161, 162, 163, 164, 166], "summary": {"covered_lines": 16, "num_statements": 16, "percent_covered": 100.0, "percent_covered_display": "100", "missing_lines": 0, "excluded_lines": 0, "percent_statements_covered": 100.0, "percent_statements_covered_display": "100", "num_branches": 10, "num_partial_branches": 0, "covered_branches": 10, "missing_branches": 0, "percent_branches_covered": 100.0, "percent_branches_covered_display": "100"}, "missing_lines": [], "excluded_lines": [], "start_line": 142, "executed_branches": [[148, 149], [148, 166], [149, 150], [149, 151], [157, 159], [157, 160], [160, 161], [160, 164], [162, 163], [162, 164]], "missing_branches": []}, "": {"executed_lines": [2, 4, 6, 9, 26, 51, 55, 91, 97, 110, 117, 126, 136, 142], "summary": {"covered_lines": 14, "num_statements": 14, "percent_covered": 100.0, "percent_covered_display": "100", "missing_lines": 0, "excluded_lines": 0, "percent_statements_covered": 100.0, "percent_statements_covered_display": "100", "num_branches": 0, "num_partial_branches": 0, "covered_branches": 0, "missing_branches": 0, "percent_branches_covered": 100.0, "percent_branches_covered_display": "100"}, "missing_lines": [], "excluded_lines": [], "start_line": 1, "executed_branches": [], "missing_branches": []}}, "classes": {"": {"executed_lines": [2, 4, 6, 9, 10, 11, 12, 26, 27, 28, 29, 31, 33, 35, 36, 37, 38, 51, 52, 55, 58, 59, 60, 61, 62, 65, 67, 69, 70, 71, 72, 73, 74, 75, 76, 77, 79, 81, 91, 93, 94, 97, 99, 100, 101, 102, 103, 107, 110, 114, 117, 118, 119, 120, 121, 122, 123, 126, 128, 129, 130, 131, 132, 133, 136, 137, 138, 139, 142, 147, 148, 149, 150, 151, 152, 153, 154, 157, 159, 160, 161, 162, 163, 164, 166], "summary": {"covered_lines": 85, "num_statements": 85, "percent_covered": 100.0, "percent_covered_display": "100", "missing_lines": 0, "excluded_lines": 0, "percent_statements_covered": 100.0, "percent_statements_covered_display": "100", "num_branches": 32, "num_partial_branches": 0, "covered_branches": 32, "missing_branches": 0, "percent_branches_covered": 100.0, "percent_branches_covered_display": "100"}, "missing_lines": [], "excluded_lines": [], "start_line": 1, "executed_branches": [[59, 60], [59, 61], [70, 71], [70, 76], [72, 73], [72, 75], [100, 101], [100, 107], [101, 100], [101, 102], [102, 101], [102, 103], [119, 120], [119, 123], [121, 119], [121, 122], [128, 129], [128, 130], [131, 132], [131, 133], [137, 138], [137, 139], [148, 149], [148, 166], [149, 150], [149, 151], [157, 159], [157, 160], [160, 161], [160, 164], [162, 163], [162, 164]], "missing_branches": []}}}, "engine/official.py": {"executed_lines": [39, 40, 41, 42, 43, 45, 46, 48, 49, 50, 51, 52, 55, 56, 57, 58, 59, 60, 61, 62, 63, 65, 66, 69, 73, 77, 78, 79, 80, 81, 82, 83, 84, 85, 86, 87, 88, 89, 92, 98, 99, 101, 105, 115, 116, 118, 120, 121, 122, 123, 124, 125, 126, 128, 129, 130, 131, 132, 133, 134, 135, 136, 138, 139, 140, 142, 144, 146, 147, 148, 149, 150, 151, 152, 153, 154, 155, 157, 158, 159, 163, 164, 165, 170, 171, 172, 173, 174, 175, 177, 180, 181, 182, 185, 187, 188, 189, 190, 191, 192, 193, 194, 195, 196, 199, 200, 201, 202, 205, 206, 207, 208, 209, 210, 212, 220, 224, 225, 226, 227, 228, 229, 230, 231, 232, 233, 235, 236, 237, 239, 240, 241, 242, 243, 244, 245, 246, 247, 248, 251, 254, 255, 256, 257, 258, 259, 260, 261, 264, 271, 272, 273, 275, 276, 277, 284, 285, 286, 287, 288, 289, 290, 292, 293, 295, 298, 299, 300, 301, 302, 303, 304, 306, 307, 308, 309, 312, 313, 317, 318, 319, 321, 324, 331, 333, 334, 337, 338, 339, 345, 346, 347], "summary": {"covered_lines": 192, "num_statements": 210, "percent_covered": 89.61538461538461, "percent_covered_display": "90", "missing_lines": 18, "excluded_lines": 0, "percent_statements_covered": 91.42857142857143, "percent_statements_covered_display": "91", "num_branches": 50, "num_partial_branches": 9, "covered_branches": 41, "missing_branches": 9, "percent_branches_covered": 82.0, "percent_branches_covered_display": "82"}, "missing_lines": [145, 160, 168, 203, 204, 234, 281, 282, 291, 310, 311, 314, 315, 340, 341, 342, 343, 344], "excluded_lines": [], "executed_branches": [[98, 99], [98, 101], [139, 140], [139, 142], [144, 146], [155, 157], [157, 158], [159, 163], [163, 164], [163, 165], [174, 175], [174, 177], [181, 182], [187, 188], [187, 189], [207, 208], [207, 212], [227, 228], [227, 229], [230, 231], [230, 237], [232, 230], [232, 233], [233, 235], [243, 244], [243, 245], [289, 290], [289, 346], [290, 292], [293, 295], [293, 298], [298, 299], [298, 301], [302, 303], [302, 304], [308, 309], [308, 317], [309, 312], [337, 338], [337, 339], [339, 345]], "missing_branches": [[144, 145], [155, 168], [157, 163], [159, 160], [181, -180], [233, 234], [290, 291], [309, 310], [339, 340]], "functions": {"acquire_runner_lock": {"executed_lines": [77, 78, 79, 80, 81, 82, 83, 84, 85, 86, 87, 88, 89], "summary": {"covered_lines": 13, "num_statements": 13, "percent_covered": 100.0, "percent_covered_display": "100", "missing_lines": 0, "excluded_lines": 0, "percent_statements_covered": 100.0, "percent_statements_covered_display": "100", "num_branches": 0, "num_partial_branches": 0, "covered_branches": 0, "missing_branches": 0, "percent_branches_covered": 100.0, "percent_branches_covered_display": "100"}, "missing_lines": [], "excluded_lines": [], "start_line": 73, "executed_branches": [], "missing_branches": []}, "provision_official": {"executed_lines": [98, 99, 101], "summary": {"covered_lines": 3, "num_statements": 3, "percent_covered": 100.0, "percent_covered_display": "100", "missing_lines": 0, "excluded_lines": 0, "percent_statements_covered": 100.0, "percent_statements_covered_display": "100", "num_branches": 2, "num_partial_branches": 0, "covered_branches": 2, "missing_branches": 0, "percent_branches_covered": 100.0, "percent_branches_covered_display": "100"}, "missing_lines": [], "excluded_lines": [], "start_line": 92, "executed_branches": [[98, 99], [98, 101]], "missing_branches": []}, "DirectPublisher.__init__": {"executed_lines": [120, 121, 122, 123, 124, 125, 126], "summary": {"covered_lines": 7, "num_statements": 7, "percent_covered": 100.0, "percent_covered_display": "100", "missing_lines": 0, "excluded_lines": 0, "percent_statements_covered": 100.0, "percent_statements_covered_display": "100", "num_branches": 0, "num_partial_branches": 0, "covered_branches": 0, "missing_branches": 0, "percent_branches_covered": 100.0, "percent_branches_covered_display": "100"}, "missing_lines": [], "excluded_lines": [], "start_line": 118, "executed_branches": [], "missing_branches": []}, "DirectPublisher._write_atomic": {"executed_lines": [129, 130, 131, 132, 133, 134, 135, 136], "summary": {"covered_lines": 8, "num_statements": 8, "percent_covered": 100.0, "percent_covered_display": "100", "missing_lines": 0, "excluded_lines": 0, "percent_statements_covered": 100.0, "percent_statements_covered_display": "100", "num_branches": 0, "num_partial_branches": 0, "covered_branches": 0, "missing_branches": 0, "percent_branches_covered": 100.0, "percent_branches_covered_display": "100"}, "missing_lines": [], "excluded_lines": [], "start_line": 128, "executed_branches": [], "missing_branches": []}, "DirectPublisher.__call__": {"executed_lines": [139, 140, 142, 144, 146, 147, 148, 149, 150, 151, 152, 153, 154, 155, 157, 158, 159, 163, 164, 165, 170, 171, 172, 173, 174, 175, 177], "summary": {"covered_lines": 27, "num_statements": 30, "percent_covered": 84.0909090909091, "percent_covered_display": "84", "missing_lines": 3, "excluded_lines": 0, "percent_statements_covered": 90.0, "percent_statements_covered_display": "90", "num_branches": 14, "num_partial_branches": 4, "covered_branches": 10, "missing_branches": 4, "percent_branches_covered": 71.42857142857143, "percent_branches_covered_display": "71"}, "missing_lines": [145, 160, 168], "excluded_lines": [], "start_line": 138, "executed_branches": [[139, 140], [139, 142], [144, 146], [155, 157], [157, 158], [159, 163], [163, 164], [163, 165], [174, 175], [174, 177]], "missing_branches": [[144, 145], [155, 168], [157, 163], [159, 160]]}, "_set_deadline": {"executed_lines": [181, 182], "summary": {"covered_lines": 2, "num_statements": 2, "percent_covered": 75.0, "percent_covered_display": "75", "missing_lines": 0, "excluded_lines": 0, "percent_statements_covered": 100.0, "percent_statements_covered_display": "100", "num_branches": 2, "num_partial_branches": 1, "covered_branches": 1, "missing_branches": 1, "percent_branches_covered": 50.0, "percent_branches_covered_display": "50"}, "missing_lines": [], "excluded_lines": [], "start_line": 180, "executed_branches": [[181, 182]], "missing_branches": [[181, -180]]}, "write_health": {"executed_lines": [187, 188, 189, 190, 191, 192, 193, 194, 195, 196], "summary": {"covered_lines": 10, "num_statements": 10, "percent_covered": 100.0, "percent_covered_display": "100", "missing_lines": 0, "excluded_lines": 0, "percent_statements_covered": 100.0, "percent_statements_covered_display": "100", "num_branches": 2, "num_partial_branches": 0, "covered_branches": 2, "missing_branches": 0, "percent_branches_covered": 100.0, "percent_branches_covered_display": "100"}, "missing_lines": [], "excluded_lines": [], "start_line": 185, "executed_branches": [[187, 188], [187, 189]], "missing_branches": []}, "health_info": {"executed_lines": [200, 201, 202, 205, 206, 207, 208, 209, 210, 212], "summary": {"covered_lines": 10, "num_statements": 12, "percent_covered": 85.71428571428571, "percent_covered_display": "86", "missing_lines": 2, "excluded_lines": 0, "percent_statements_covered": 83.33333333333333, "percent_statements_covered_display": "83", "num_branches": 2, "num_partial_branches": 0, "covered_branches": 2, "missing_branches": 0, "percent_branches_covered": 100.0, "percent_branches_covered_display": "100"}, "missing_lines": [203, 204], "excluded_lines": [], "start_line": 199, "executed_branches": [[207, 208], [207, 212]], "missing_branches": []}, "snapshot_store": {"executed_lines": [224, 225, 226, 227, 228, 229, 230, 231, 232, 233, 235, 236, 237, 239, 240, 241, 242, 243, 244, 245, 246, 247, 248], "summary": {"covered_lines": 23, "num_statements": 24, "percent_covered": 94.11764705882354, "percent_covered_display": "94", "missing_lines": 1, "excluded_lines": 0, "percent_statements_covered": 95.83333333333333, "percent_statements_covered_display": "96", "num_branches": 10, "num_partial_branches": 1, "covered_branches": 9, "missing_branches": 1, "percent_branches_covered": 90.0, "percent_branches_covered_display": "90"}, "missing_lines": [234], "excluded_lines": [], "start_line": 220, "executed_branches": [[227, 228], [227, 229], [230, 231], [230, 237], [232, 230], [232, 233], [233, 235], [243, 244], [243, 245]], "missing_branches": [[233, 234]]}, "_fire_mirror": {"executed_lines": [254, 259, 260, 261], "summary": {"covered_lines": 4, "num_statements": 4, "percent_covered": 100.0, "percent_covered_display": "100", "missing_lines": 0, "excluded_lines": 0, "percent_statements_covered": 100.0, "percent_statements_covered_display": "100", "num_branches": 0, "num_partial_branches": 0, "covered_branches": 0, "missing_branches": 0, "percent_branches_covered": 100.0, "percent_branches_covered_display": "100"}, "missing_lines": [], "excluded_lines": [], "start_line": 251, "executed_branches": [], "missing_branches": []}, "_fire_mirror.run": {"executed_lines": [255, 256, 257, 258], "summary": {"covered_lines": 4, "num_statements": 4, "percent_covered": 100.0, "percent_covered_display": "100", "missing_lines": 0, "excluded_lines": 0, "percent_statements_covered": 100.0, "percent_statements_covered_display": "100", "num_branches": 0, "num_partial_branches": 0, "covered_branches": 0, "missing_branches": 0, "percent_branches_covered": 100.0, "percent_branches_covered_display": "100"}, "missing_lines": [], "excluded_lines": [], "start_line": 254, "executed_branches": [], "missing_branches": []}, "run_official": {"executed_lines": [271, 272, 273, 275, 284, 285, 286, 287, 288, 289, 290, 292, 293, 295, 298, 299, 300, 301, 302, 303, 304, 306, 307, 308, 309, 312, 313, 317, 318, 319, 321, 324, 331, 333, 334, 337, 338, 339, 345, 346, 347], "summary": {"covered_lines": 41, "num_statements": 51, "percent_covered": 81.15942028985508, "percent_covered_display": "81", "missing_lines": 10, "excluded_lines": 0, "percent_statements_covered": 80.3921568627451, "percent_statements_covered_display": "80", "num_branches": 18, "num_partial_branches": 3, "covered_branches": 15, "missing_branches": 3, "percent_branches_covered": 83.33333333333333, "percent_branches_covered_display": "83"}, "missing_lines": [291, 310, 311, 314, 315, 340, 341, 342, 343, 344], "excluded_lines": [], "start_line": 264, "executed_branches": [[289, 290], [289, 346], [290, 292], [293, 295], [293, 298], [298, 299], [298, 301], [302, 303], [302, 304], [308, 309], [308, 317], [309, 312], [337, 338], [337, 339], [339, 345]], "missing_branches": [[290, 291], [309, 310], [339, 340]]}, "run_official.health": {"executed_lines": [276, 277], "summary": {"covered_lines": 2, "num_statements": 4, "percent_covered": 50.0, "percent_covered_display": "50", "missing_lines": 2, "excluded_lines": 0, "percent_statements_covered": 50.0, "percent_statements_covered_display": "50", "num_branches": 0, "num_partial_branches": 0, "covered_branches": 0, "missing_branches": 0, "percent_branches_covered": 100.0, "percent_branches_covered_display": "100"}, "missing_lines": [281, 282], "excluded_lines": [], "start_line": 275, "executed_branches": [], "missing_branches": []}, "": {"executed_lines": [39, 40, 41, 42, 43, 45, 46, 48, 49, 50, 51, 52, 55, 56, 57, 58, 59, 60, 61, 62, 63, 65, 66, 69, 73, 92, 105, 115, 116, 118, 128, 138, 180, 185, 199, 220, 251, 264], "summary": {"covered_lines": 38, "num_statements": 38, "percent_covered": 100.0, "percent_covered_display": "100", "missing_lines": 0, "excluded_lines": 0, "percent_statements_covered": 100.0, "percent_statements_covered_display": "100", "num_branches": 0, "num_partial_branches": 0, "covered_branches": 0, "missing_branches": 0, "percent_branches_covered": 100.0, "percent_branches_covered_display": "100"}, "missing_lines": [], "excluded_lines": [], "start_line": 1, "executed_branches": [], "missing_branches": []}}, "classes": {"LockError": {"executed_lines": [], "summary": {"covered_lines": 0, "num_statements": 0, "percent_covered": 100.0, "percent_covered_display": "100", "missing_lines": 0, "excluded_lines": 0, "percent_statements_covered": 100.0, "percent_statements_covered_display": "100", "num_branches": 0, "num_partial_branches": 0, "covered_branches": 0, "missing_branches": 0, "percent_branches_covered": 100.0, "percent_branches_covered_display": "100"}, "missing_lines": [], "excluded_lines": [], "start_line": 69, "executed_branches": [], "missing_branches": []}, "DirectPublisher": {"executed_lines": [120, 121, 122, 123, 124, 125, 126, 129, 130, 131, 132, 133, 134, 135, 136, 139, 140, 142, 144, 146, 147, 148, 149, 150, 151, 152, 153, 154, 155, 157, 158, 159, 163, 164, 165, 170, 171, 172, 173, 174, 175, 177], "summary": {"covered_lines": 42, "num_statements": 45, "percent_covered": 88.13559322033899, "percent_covered_display": "88", "missing_lines": 3, "excluded_lines": 0, "percent_statements_covered": 93.33333333333333, "percent_statements_covered_display": "93", "num_branches": 14, "num_partial_branches": 4, "covered_branches": 10, "missing_branches": 4, "percent_branches_covered": 71.42857142857143, "percent_branches_covered_display": "71"}, "missing_lines": [145, 160, 168], "excluded_lines": [], "start_line": 105, "executed_branches": [[139, 140], [139, 142], [144, 146], [155, 157], [157, 158], [159, 163], [163, 164], [163, 165], [174, 175], [174, 177]], "missing_branches": [[144, 145], [155, 168], [157, 163], [159, 160]]}, "": {"executed_lines": [39, 40, 41, 42, 43, 45, 46, 48, 49, 50, 51, 52, 55, 56, 57, 58, 59, 60, 61, 62, 63, 65, 66, 69, 73, 77, 78, 79, 80, 81, 82, 83, 84, 85, 86, 87, 88, 89, 92, 98, 99, 101, 105, 115, 116, 118, 128, 138, 180, 181, 182, 185, 187, 188, 189, 190, 191, 192, 193, 194, 195, 196, 199, 200, 201, 202, 205, 206, 207, 208, 209, 210, 212, 220, 224, 225, 226, 227, 228, 229, 230, 231, 232, 233, 235, 236, 237, 239, 240, 241, 242, 243, 244, 245, 246, 247, 248, 251, 254, 255, 256, 257, 258, 259, 260, 261, 264, 271, 272, 273, 275, 276, 277, 284, 285, 286, 287, 288, 289, 290, 292, 293, 295, 298, 299, 300, 301, 302, 303, 304, 306, 307, 308, 309, 312, 313, 317, 318, 319, 321, 324, 331, 333, 334, 337, 338, 339, 345, 346, 347], "summary": {"covered_lines": 150, "num_statements": 165, "percent_covered": 90.04975124378109, "percent_covered_display": "90", "missing_lines": 15, "excluded_lines": 0, "percent_statements_covered": 90.9090909090909, "percent_statements_covered_display": "91", "num_branches": 36, "num_partial_branches": 5, "covered_branches": 31, "missing_branches": 5, "percent_branches_covered": 86.11111111111111, "percent_branches_covered_display": "86"}, "missing_lines": [203, 204, 234, 281, 282, 291, 310, 311, 314, 315, 340, 341, 342, 343, 344], "excluded_lines": [], "start_line": 1, "executed_branches": [[98, 99], [98, 101], [181, 182], [187, 188], [187, 189], [207, 208], [207, 212], [227, 228], [227, 229], [230, 231], [230, 237], [232, 230], [232, 233], [233, 235], [243, 244], [243, 245], [289, 290], [289, 346], [290, 292], [293, 295], [293, 298], [298, 299], [298, 301], [302, 303], [302, 304], [308, 309], [308, 317], [309, 312], [337, 338], [337, 339], [339, 345]], "missing_branches": [[181, -180], [233, 234], [290, 291], [309, 310], [339, 340]]}}}, "engine/persistence.py": {"executed_lines": [3, 4, 5, 6, 8, 10, 13, 17, 18, 19, 20, 21, 22, 25, 26, 27, 28, 29, 30, 33, 34, 35, 36, 37, 38, 39, 40, 41, 42, 43, 44, 47, 48, 49, 50, 51, 52, 53, 54, 55, 56, 57, 58, 59, 62, 63, 66, 67, 69, 72, 73, 74, 75, 76, 77, 78, 79, 80, 81, 84, 85, 86, 87, 90, 92, 93, 95, 96, 97, 98, 99, 100, 103, 105, 107, 108, 110, 111, 113, 115, 119, 123, 124, 125, 126, 127, 128, 129, 130, 131, 132, 133, 134, 135, 136, 137, 138, 139, 140, 141, 142, 143, 144, 145, 146, 149, 150, 152, 153, 154, 155, 158, 161, 166, 167, 168, 171, 173, 174, 175, 176, 177, 178, 179, 180, 181, 182, 183, 184, 185, 190, 194, 195, 196, 197, 198, 200, 201, 202, 203, 204, 205, 206, 209, 210, 211, 212, 213, 214, 215, 216, 217, 222, 223, 224, 227, 228, 231, 234, 235, 236, 237, 238, 239, 240, 241, 242, 243, 244, 246, 247, 248, 249, 250, 251, 252, 253, 254, 255, 258, 259, 262, 263, 264, 265, 266, 267, 270, 271, 272, 273, 274, 275, 276, 278, 279, 280, 282, 283, 284, 287, 288, 293, 294, 297, 298, 299, 300, 302, 303, 304], "summary": {"covered_lines": 211, "num_statements": 228, "percent_covered": 90.44585987261146, "percent_covered_display": "90", "missing_lines": 17, "excluded_lines": 0, "percent_statements_covered": 92.54385964912281, "percent_statements_covered_display": "93", "num_branches": 86, "num_partial_branches": 13, "covered_branches": 73, "missing_branches": 13, "percent_branches_covered": 84.8
[...]
[]}, "replay": {"executed_lines": [29, 30, 31, 32, 33, 34, 35, 36, 37, 38, 40, 41, 42, 44, 45, 47, 48, 50, 51, 53, 54, 56, 59, 61, 63, 64, 65, 67, 68, 70, 71, 72, 73, 76, 78, 81, 82, 83, 84, 85, 88, 89, 91, 92, 95, 96, 97, 98, 100, 101, 102, 103, 104, 108, 109, 110, 111, 113], "summary": {"covered_lines": 58, "num_statements": 58, "percent_covered": 97.91666666666667, "percent_covered_display": "98", "missing_lines": 0, "excluded_lines": 0, "percent_statements_covered": 100.0, "percent_statements_covered_display": "100", "num_branches": 38, "num_partial_branches": 2, "covered_branches": 36, "missing_branches": 2, "percent_branches_covered": 94.73684210526316, "percent_branches_covered_display": "95"}, "missing_lines": [], "excluded_lines": [], "start_line": 23, "executed_branches": [[29, 30], [29, 113], [32, 33], [32, 95], [36, 37], [36, 78], [40, 41], [40, 45], [45, 47], [45, 51], [51, 53], [51, 59], [63, 64], [63, 71], [64, 65], [64, 67], [71, 72], [71, 78], [78, 81], [78, 88], [83, 84], [83, 88], [89, 32], [89, 91], [91, 92], [95, 29], [95, 96], [96, 29], [96, 97], [98, 100], [98, 103], [101, 102], [104, 96], [104, 108], [109, 96], [109, 110]], "missing_branches": [[91, 32], [101, 103]]}, "": {"executed_lines": [3, 5, 8, 23], "summary": {"covered_lines": 4, "num_statements": 4, "percent_covered": 100.0, "percent_covered_display": "100", "missing_lines": 0, "excluded_lines": 0, "percent_statements_covered": 100.0, "percent_statements_covered_display": "100", "num_branches": 0, "num_partial_branches": 0, "covered_branches": 0, "missing_branches": 0, "percent_branches_covered": 100.0, "percent_branches_covered_display": "100"}, "missing_lines": [], "excluded_lines": [], "start_line": 1, "executed_branches": [], "missing_branches": []}}, "classes": {"": {"executed_lines": [3, 5, 8, 10, 11, 12, 13, 14, 15, 16, 17, 18, 19, 20, 23, 29, 30, 31, 32, 33, 34, 35, 36, 37, 38, 40, 41, 42, 44, 45, 47, 48, 50, 51, 53, 54, 56, 59, 61, 63, 64, 65, 67, 68, 70, 71, 72, 73, 76, 78, 81, 82, 83, 84, 85, 88, 89, 91, 92, 95, 96, 97, 98, 100, 101, 102, 103, 104, 108, 109, 110, 111, 113], "summary": {"covered_lines": 73, "num_statements": 73, "percent_covered": 98.31932773109244, "percent_covered_display": "98", "missing_lines": 0, "excluded_lines": 0, "percent_statements_covered": 100.0, "percent_statements_covered_display": "100", "num_branches": 46, "num_partial_branches": 2, "covered_branches": 44, "missing_branches": 2, "percent_branches_covered": 95.65217391304348, "percent_branches_covered_display": "96"}, "missing_lines": [], "excluded_lines": [], "start_line": 1, "executed_branches": [[12, 13], [12, 16], [13, 14], [13, 15], [16, 17], [16, 20], [17, 18], [17, 19], [29, 30], [29, 113], [32, 33], [32, 95], [36, 37], [36, 78], [40, 41], [40, 45], [45, 47], [45, 51], [51, 53], [51, 59], [63, 64], [63, 71], [64, 65], [64, 67], [71, 72], [71, 78], [78, 81], [78, 88], [83, 84], [83, 88], [89, 32], [89, 91], [91, 92], [95, 29], [95, 96], [96, 29], [96, 97], [98, 100], [98, 103], [101, 102], [104, 96], [104, 108], [109, 96], [109, 110]], "missing_branches": [[91, 32], [101, 103]]}}}, "engine/rounds.py": {"executed_lines": [7, 8, 10, 12, 13, 14, 17, 18, 21, 23, 24, 25, 26, 29, 30, 33, 38, 51, 52, 53, 54, 55, 56, 57, 58, 59, 60, 61, 62, 63, 64, 65, 66, 67, 68, 69, 70, 71, 72, 73, 76, 81, 82, 83, 84, 85, 86, 88, 89, 90, 93, 96, 97, 99, 100, 101, 102, 103, 106, 107, 108, 111, 114, 115, 116, 117, 118, 120, 121, 122, 124, 125, 126, 127, 129, 131, 133, 134, 137, 140, 142, 143], "summary": {"covered_lines": 82, "num_statements": 87, "percent_covered": 91.30434782608695, "percent_covered_display": "91", "missing_lines": 5, "excluded_lines": 0, "percent_statements_covered": 94.25287356321839, "percent_statements_covered_display": "94", "num_branches": 28, "num_partial_branches": 5, "covered_branches": 23, "missing_branches": 5, "percent_branches_covered": 82.14285714285714, "percent_branches_covered_display": "82"}, "missing_lines": [109, 128, 130, 132, 136], "excluded_lines": [], "executed_branches": [[60, 61], [60, 65], [71, 72], [71, 73], [82, 83], [82, 90], [83, 84], [83, 85], [88, 82], [88, 89], [99, 100], [99, 101], [101, 102], [101, 103], [106, 107], [106, 108], [108, 111], [124, -114], [124, 125], [127, 129], [129, 131], [131, 133], [133, 134]], "missing_branches": [[108, 109], [127, 128], [129, 130], [131, 132], [133, 136]], "functions": {"wave_order": {"executed_lines": [23, 24, 25, 26], "summary": {"covered_lines": 4, "num_statements": 4, "percent_covered": 100.0, "percent_covered_display": "100", "missing_lines": 0, "excluded_lines": 0, "percent_statements_covered": 100.0, "percent_statements_covered_display": "100", "num_branches": 0, "num_partial_branches": 0, "covered_branches": 0, "missing_branches": 0, "percent_branches_covered": 100.0, "percent_branches_covered_display": "100"}, "missing_lines": [], "excluded_lines": [], "start_line": 21, "executed_branches": [], "missing_branches": []}, "attempt_id": {"executed_lines": [30], "summary": {"covered_lines": 1, "num_statements": 1, "percent_covered": 100.0, "percent_covered_display": "100", "missing_lines": 0, "excluded_lines": 0, "percent_statements_covered": 100.0, "percent_statements_covered_display": "100", "num_branches": 0, "num_partial_branches": 0, "covered_branches": 0, "missing_branches": 0, "percent_branches_covered": 100.0, "percent_branches_covered_display": "100"}, "missing_lines": [], "excluded_lines": [], "start_line": 29, "executed_branches": [], "missing_branches": []}, "_attempt": {"executed_lines": [38, 51, 52, 53, 54, 55, 56, 57, 58, 59, 60, 61, 62, 63, 64, 65, 66, 67, 68, 69, 70, 71, 72, 73], "summary": {"covered_lines": 24, "num_statements": 24, "percent_covered": 100.0, "percent_covered_display": "100", "missing_lines": 0, "excluded_lines": 0, "percent_statements_covered": 100.0, "percent_statements_covered_display": "100", "num_branches": 4, "num_partial_branches": 0, "covered_branches": 4, "missing_branches": 0, "percent_branches_covered": 100.0, "percent_branches_covered_display": "100"}, "missing_lines": [], "excluded_lines": [], "start_line": 33, "executed_branches": [[60, 61], [60, 65], [71, 72], [71, 73]], "missing_branches": []}, "_conversation": {"executed_lines": [81, 82, 83, 84, 85, 86, 88, 89, 90], "summary": {"covered_lines": 9, "num_statements": 9, "percent_covered": 100.0, "percent_covered_display": "100", "missing_lines": 0, "excluded_lines": 0, "percent_statements_covered": 100.0, "percent_statements_covered_display": "100", "num_branches": 6, "num_partial_branches": 0, "covered_branches": 6, "missing_branches": 0, "percent_branches_covered": 100.0, "percent_branches_covered_display": "100"}, "missing_lines": [], "excluded_lines": [], "start_line": 76, "executed_branches": [[82, 83], [82, 90], [83, 84], [83, 85], [88, 82], [88, 89]], "missing_branches": []}, "collect_one": {"executed_lines": [96, 97, 99, 100, 101, 102, 103, 106, 107, 108, 111], "summary": {"covered_lines": 11, "num_statements": 12, "percent_covered": 90.0, "percent_covered_display": "90", "missing_lines": 1, "excluded_lines": 0, "percent_statements_covered": 91.66666666666667, "percent_statements_covered_display": "92", "num_branches": 8, "num_partial_branches": 1, "covered_branches": 7, "missing_branches": 1, "percent_branches_covered": 87.5, "percent_branches_covered_display": "88"}, "missing_lines": [109], "excluded_lines": [], "start_line": 93, "executed_branches": [[99, 100], [99, 101], [101, 102], [101, 103], [106, 107], [106, 108], [108, 111]], "missing_branches": [[108, 109]]}, "_commit_account": {"executed_lines": [115, 116, 117, 118, 120, 121, 122, 124, 125, 126, 127, 129, 131, 133, 134, 137], "summary": {"covered_lines": 16, "num_statements": 20, "percent_covered": 73.33333333333333, "percent_covered_display": "73", "missing_lines": 4, "excluded_lines": 0, "percent_statements_covered": 80.0, "percent_statements_covered_display": "80", "num_branches": 10, "num_partial_branches": 4, "covered_branches": 6, "missing_branches": 4, "percent_branches_covered": 60.0, "percent_branches_covered_display": "60"}, "missing_lines": [128, 130, 132, 136], "excluded_lines": [], "start_line": 114, "executed_branches": [[124, -114], [124, 125], [127, 129], [129, 131], [131, 133], [133, 134]], "missing_branches": [[127, 128], [129, 130], [131, 132], [133, 136]]}, "post_boundary_replay": {"executed_lines": [142, 143], "summary": {"covered_lines": 2, "num_statements": 2, "percent_covered": 100.0, "percent_covered_display": "100", "missing_lines": 0, "excluded_lines": 0, "percent_statements_covered": 100.0, "percent_statements_covered_display": "100", "num_branches": 0, "num_partial_branches": 0, "covered_branches": 0, "missing_branches": 0, "percent_branches_covered": 100.0, "percent_branches_covered_display": "100"}, "missing_lines": [], "excluded_lines": [], "start_line": 140, "executed_branches": [], "missing_branches": []}, "": {"executed_lines": [7, 8, 10, 12, 13, 14, 17, 18, 21, 29, 33, 76, 93, 114, 140], "summary": {"covered_lines": 15, "num_statements": 15, "percent_covered": 100.0, "percent_covered_display": "100", "missing_lines": 0, "excluded_lines": 0, "percent_statements_covered": 100.0, "percent_statements_covered_display": "100", "num_branches": 0, "num_partial_branches": 0, "covered_branches": 0, "missing_branches": 0, "percent_branches_covered": 100.0, "percent_branches_covered_display": "100"}, "missing_lines": [], "excluded_lines": [], "start_line": 1, "executed_branches": [], "missing_branches": []}}, "classes": {"TransportError": {"executed_lines": [], "summary": {"covered_lines": 0, "num_statements": 0, "percent_covered": 100.0, "percent_covered_display": "100", "missing_lines": 0, "excluded_lines": 0, "percent_statements_covered": 100.0, "percent_statements_covered_display": "100", "num_branches": 0, "num_partial_branches": 0, "covered_branches": 0, "missing_branches": 0, "percent_branches_covered": 100.0, "percent_branches_covered_display": "100"}, "missing_lines": [], "excluded_lines": [], "start_line": 17, "executed_branches": [], "missing_branches": []}, "": {"executed_lines": [7, 8, 10, 12, 13, 14, 17, 18, 21, 23, 24, 25, 26, 29, 30, 33, 38, 51, 52, 53, 54, 55, 56, 57, 58, 59, 60, 61, 62, 63, 64, 65, 66, 67, 68, 69, 70, 71, 72, 73, 76, 81, 82, 83, 84, 85, 86, 88, 89, 90, 93, 96, 97, 99, 100, 101, 102, 103, 106, 107, 108, 111, 114, 115, 116, 117, 118, 120, 121, 122, 124, 125, 126, 127, 129, 131, 133, 134, 137, 140, 142, 143], "summary": {"covered_lines": 82, "num_statements": 87, "percent_covered": 91.30434782608695, "percent_covered_display": "91", "missing_lines": 5, "excluded_lines": 0, "percent_statements_covered": 94.25287356321839, "percent_statements_covered_display": "94", "num_branches": 28, "num_partial_branches": 5, "covered_branches": 23, "missing_branches": 5, "percent_branches_covered": 82.14285714285714, "percent_branches_covered_display": "82"}, "missing_lines": [109, 128, 130, 132, 136], "excluded_lines": [], "start_line": 1, "executed_branches": [[60, 61], [60, 65], [71, 72], [71, 73], [82, 83], [82, 90], [83, 84], [83, 85], [88, 82], [88, 89], [99, 100], [99, 101], [101, 102], [101, 103], [106, 107], [106, 108], [108, 111], [124, -114], [124, 125], [127, 129], [129, 131], [131, 133], [133, 134]], "missing_branches": [[108, 109], [127, 128], [129, 130], [131, 132], [133, 136]]}}}, "engine/state.py": {"executed_lines": [6, 8, 10, 12, 13, 14, 15, 16, 17, 18, 19, 20, 23, 27, 28, 29, 34, 35, 36, 39, 40, 43, 44, 47, 48, 67, 68, 72, 73, 74, 75, 76, 77, 80, 81, 82, 83, 86, 88, 89, 90, 91, 92, 93, 96, 97, 98, 99], "summary": {"covered_lines": 48, "num_statements": 48, "percent_covered": 100.0, "percent_covered_display": "100", "missing_lines": 0, "excluded_lines": 0, "percent_statements_covered": 100.0, "percent_statements_covered_display": "100", "num_branches": 14, "num_partial_branches": 0, "covered_branches": 14, "missing_branches": 0, "percent_branches_covered": 100.0, "percent_branches_covered_display": "100"}, "missing_lines": [], "excluded_lines": [], "executed_branches": [[34, 35], [34, 36], [73, 74], [73, 75], [75, 76], [75, 77], [81, 82], [81, 83], [89, 90], [89, 91], [91, 92], [91, 93], [97, 98], [97, 99]], "missing_branches": [], "functions": {"verify_params": {"executed_lines": [28, 29, 34, 35, 36], "summary": {"covered_lines": 5, "num_statements": 5, "percent_covered": 100.0, "percent_covered_display": "100", "missing_lines": 0, "excluded_lines": 0, "percent_statements_covered": 100.0, "percent_statements_covered_display": "100", "num_branches": 2, "num_partial_branches": 0, "covered_branches": 2, "missing_branches": 0, "percent_branches_covered": 100.0, "percent_branches_covered_display": "100"}, "missing_lines": [], "excluded_lines": [], "start_line": 27, "executed_branches": [[34, 35], [34, 36]], "missing_branches": []}, "account_id": {"executed_lines": [40], "summary": {"covered_lines": 1, "num_statements": 1, "percent_covered": 100.0, "percent_covered_display": "100", "missing_lines": 0, "excluded_lines": 0, "percent_statements_covered": 100.0, "percent_statements_covered_display": "100", "num_branches": 0, "num_partial_branches": 0, "covered_branches": 0, "missing_branches": 0, "percent_branches_covered": 100.0, "percent_branches_covered_display": "100"}, "missing_lines": [], "excluded_lines": [], "start_line": 39, "executed_branches": [], "missing_branches": []}, "pair_id": {"executed_lines": [44], "summary": {"covered_lines": 1, "num_statements": 1, "percent_covered": 100.0, "percent_covered_display": "100", "missing_lines": 0, "excluded_lines": 0, "percent_statements_covered": 100.0, "percent_statements_covered_display": "100", "num_branches": 0, "num_partial_branches": 0, "covered_branches": 0, "missing_branches": 0, "percent_branches_covered": 100.0, "percent_branches_covered_display": "100"}, "missing_lines": [], "excluded_lines": [], "start_line": 43, "executed_branches": [], "missing_branches": []}, "new_account": {"executed_lines": [48], "summary": {"covered_lines": 1, "num_statements": 1, "percent_covered": 100.0, "percent_covered_display": "100", "missing_lines": 0, "excluded_lines": 0, "percent_statements_covered": 100.0, "percent_statements_covered_display": "100", "num_branches": 0, "num_partial_branches": 0, "covered_branches": 0, "missing_branches": 0, "percent_branches_covered": 100.0, "percent_branches_covered_display": "100"}, "missing_lines": [], "excluded_lines": [], "start_line": 47, "executed_branches": [], "missing_branches": []}, "init_accounts": {"executed_lines": [68], "summary": {"covered_lines": 1, "num_statements": 1, "percent_covered": 100.0, "percent_covered_display": "100", "missing_lines": 0, "excluded_lines": 0, "percent_statements_covered": 100.0, "percent_statements_covered_display": "100", "num_branches": 0, "num_partial_branches": 0, "covered_branches": 0, "missing_branches": 0, "percent_branches_covered": 100.0, "percent_branches_covered_display": "100"}, "missing_lines": [], "excluded_lines": [], "start_line": 67, "executed_branches": [], "missing_branches": []}, "side": {"executed_lines": [73, 74, 75, 76, 77], "summary": {"covered_lines": 5, "num_statements": 5, "percent_covered": 100.0, "percent_covered_display": "100", "missing_lines": 0, "excluded_lines": 0, "percent_statements_covered": 100.0, "percent_statements_covered_display": "100", "num_branches": 4, "num_partial_branches": 0, "covered_branches": 4, "missing_branches": 0, "percent_branches_covered": 100.0, "percent_branches_covered_display": "100"}, "missing_lines": [], "excluded_lines": [], "start_line": 72, "executed_branches": [[73, 74], [73, 75], [75, 76], [75, 77]], "missing_branches": []}, "equity_at": {"executed_lines": [81, 82, 83], "summary": {"covered_lines": 3, "num_statements": 3, "percent_covered": 100.0, "percent_covered_display": "100", "missing_lines": 0, "excluded_lines": 0, "percent_statements_covered": 100.0, "percent_statements_covered_display": "100", "num_branches": 2, "num_partial_branches": 0, "covered_branches": 2, "missing_branches": 0, "percent_branches_covered": 100.0, "percent_branches_covered_display": "100"}, "missing_lines": [], "excluded_lines": [], "start_line": 80, "executed_branches": [[81, 82], [81, 83]], "missing_branches": []}, "liq_threshold": {"executed_lines": [88, 89, 90, 91, 92, 93], "summary": {"covered_lines": 6, "num_statements": 6, "percent_covered": 100.0, "percent_covered_display": "100", "missing_lines": 0, "excluded_lines": 0, "percent_statements_covered": 100.0, "percent_statements_covered_display": "100", "num_branches": 4, "num_partial_branches": 0, "covered_branches": 4, "missing_branches": 0, "percent_branches_covered": 100.0, "percent_branches_covered_display": "100"}, "missing_lines": [], "excluded_lines": [], "start_line": 86, "executed_branches": [[89, 90], [89, 91], [91, 92], [91, 93]], "missing_branches": []}, "is_liquidatable": {"executed_lines": [97, 98, 99], "summary": {"covered_lines": 3, "num_statements": 3, "percent_covered": 100.0, "percent_covered_display": "100", "missing_lines": 0, "excluded_lines": 0, "percent_statements_covered": 100.0, "percent_statements_covered_display": "100", "num_branches": 2, "num_partial_branches": 0, "covered_branches": 2, "missing_branches": 0, "percent_branches_covered": 100.0, "percent_branches_covered_display": "100"}, "missing_lines": [], "excluded_lines": [], "start_line": 96, "executed_branches": [[97, 98], [97, 99]], "missing_branches": []}, "": {"executed_lines": [6, 8, 10, 12, 13, 14, 15, 16, 17, 18, 19, 20, 23, 27, 39, 43, 47, 67, 72, 80, 86, 96], "summary": {"covered_lines": 22, "num_statements": 22, "percent_covered": 100.0, "percent_covered_display": "100", "missing_lines": 0, "excluded_lines": 0, "percent_statements_covered": 100.0, "percent_statements_covered_display": "100", "num_branches": 0, "num_partial_branches": 0, "covered_branches": 0, "missing_branches": 0, "percent_branches_covered": 100.0, "percent_branches_covered_display": "100"}, "missing_lines": [], "excluded_lines": [], "start_line": 1, "executed_branches": [], "missing_branches": []}}, "classes": {"ParamsMismatch": {"executed_lines": [], "summary": {"covered_lines": 0, "num_statements": 0, "percent_covered": 100.0, "percent_covered_display": "100", "missing_lines": 0, "excluded_lines": 0, "percent_statements_covered": 100.0, "percent_statements_covered_display": "100", "num_branches": 0, "num_partial_branches": 0, "covered_branches": 0, "missing_branches": 0, "percent_branches_covered": 100.0, "percent_branches_covered_display": "100"}, "missing_lines": [], "excluded_lines": [], "start_line": 23, "executed_branches": [], "missing_branches": []}, "": {"executed_lines": [6, 8, 10, 12, 13, 14, 15, 16, 17, 18, 19, 20, 23, 27, 28, 29, 34, 35, 36, 39, 40, 43, 44, 47, 48, 67, 68, 72, 73, 74, 75, 76, 77, 80, 81, 82, 83, 86, 88, 89, 90, 91, 92, 93, 96, 97, 98, 99], "summary": {"covered_lines": 48, "num_statements": 48, "percent_covered": 100.0, "percent_covered_display": "100", "missing_lines": 0, "excluded_lines": 0, "percent_statements_covered": 100.0, "percent_statements_covered_display": "100", "num_branches": 14, "num_partial_branches": 0, "covered_branches": 14, "missing_branches": 0, "percent_branches_covered": 100.0, "percent_branches_covered_display": "100"}, "missing_lines": [], "excluded_lines": [], "start_line": 1, "executed_branches": [[34, 35], [34, 36], [73, 74], [73, 75], [75, 76], [75, 77], [81, 82], [81, 83], [89, 90], [89, 91], [91, 92], [91, 93], [97, 98], [97, 99]], "missing_branches": []}}}}, "totals": {"covered_lines": 1658, "num_statements": 1725, "percent_covered": 94.80744266551277, "percent_covered_display": "95", "missing_lines": 67, "excluded_lines": 0, "percent_statements_covered": 96.1159420289855, "percent_statements_covered_display": "96", "num_branches": 586, "num_partial_branches": 53, "covered_branches": 533, "missing_branches": 53, "percent_branches_covered": 90.95563139931741, "percent_branches_covered_display": "91"}}