<?xml version="1.0" encoding="utf-8"?><testsuites name="pytest tests"><testsuite name="pytest" errors="0" failures="0" skipped="0" tests="167" time="3.644" timestamp="2026-08-03T00:01:58.877106+03:00" hostname="zas-MacBook-Air.local"><testcase classname="tests.test_config_and_prompts" name="test_json_duplicate_keys_rejected" time="0.018" /><testcase classname="tests.test_config_and_prompts" name="test_canonical_files_parse" time="0.000" /><testcase classname="tests.test_config_and_prompts" name="test_manifest_verifies_and_detects_change" time="0.002" /><testcase classname="tests.test_config_and_prompts" name="test_param_change_changes_config_hash" time="0.000" /><testcase classname="tests.test_config_and_prompts" name="test_schema_has_no_intended_horizon" time="0.000" /><testcase classname="tests.test_config_and_prompts" name="test_prompt_rendering_deterministic" time="0.049" /><testcase classname="tests.test_config_and_prompts" name="test_raw_and_feature_differ_only_by_feature_block" time="0.002" /><testcase classname="tests.test_config_and_prompts" name="test_raw_prompt_has_no_derived_features" time="0.001" /><testcase classname="tests.test_config_and_prompts" name="test_removed_indicators_absent_from_feature_prompt" time="0.001" /><testcase classname="tests.test_config_and_prompts" name="test_no_prohibited_interpretation_words" time="0.003" /><testcase classname="tests.test_config_and_prompts" name="test_volume_disclosure_identical_in_both_arms" time="0.001" /><testcase classname="tests.test_config_and_prompts" name="test_model_freedom_and_hold_permission_in_system" time="0.001" /><testcase classname="tests.test_config_and_prompts" name="test_unrendered_placeholder_raises" time="0.000" /><testcase classname="tests.test_config_and_prompts" name="test_feature_block_contains_only_approved_outputs" time="0.001" /><testcase classname="tests.test_coverage_gaps" name="test_short_intracandle_stop_and_tp" time="0.000" /><testcase classname="tests.test_coverage_gaps" name="test_short_gap_stop_at_open" time="0.000" /><testcase classname="tests.test_coverage_gaps" name="test_flat_watch_condition_triggers_in_replay" time="0.000" /><testcase classname="tests.test_coverage_gaps" name="test_close_on_flat_is_noop_and_end_twice" time="0.000" /><testcase classname="tests.test_coverage_gaps" name="test_protective_none_when_flat" time="0.000" /><testcase classname="tests.test_coverage_gaps" name="test_persistence_watch_heartbeat_ledger" time="0.001" /><testcase classname="tests.test_coverage_gaps" name="test_reversal_blocked_when_terminal_after_close" time="0.000" /><testcase classname="tests.test_crash_recovery" name="test_crash_matrix_no_double_effects[after_prompts]" time="0.144" /><testcase classname="tests.test_crash_recovery" name="test_crash_matrix_no_double_effects[after_first_attempt]" time="0.143" /><testcase classname="tests.test_crash_recovery" name="test_crash_matrix_no_double_effects[after_validate]" time="0.143" /><testcase classname="tests.test_crash_recovery" name="test_crash_matrix_no_double_effects[after_execute]" time="0.145" /><testcase classname="tests.test_crash_recovery" name="test_crash_matrix_no_double_effects[after_finalize]" time="0.148" /><testcase classname="tests.test_crash_recovery" name="test_crash_matrix_no_double_effects[after_one_pair]" time="0.147" /><testcase classname="tests.test_crash_recovery" name="test_crash_matrix_no_double_effects[during_replay]" time="0.161" /><testcase classname="tests.test_crash_recovery" name="test_committed_pair_fees_charged_exactly_once" time="0.147" /><testcase classname="tests.test_crash_recovery" name="test_crash_before_finalize_persists_nothing" time="0.113" /><testcase classname="tests.test_crash_recovery" name="test_replay_watermark_prevents_double_application" time="0.292" /><testcase classname="tests.test_crash_recovery" name="test_idempotent_rerun_after_completion" time="0.164" /><testcase classname="tests.test_decisions_and_execution" name="test_valid_open_passes_and_charges_fee" time="0.000" /><testcase classname="tests.test_decisions_and_execution" name="test_flat_requires_zero_size" time="0.000" /><testcase classname="tests.test_decisions_and_execution" name="test_min_open_size_and_negative_and_nan" time="0.000" /><testcase classname="tests.test_decisions_and_execution" name="test_leverage_rejected_not_clamped" time="0.000" /><testcase classname="tests.test_decisions_and_execution" name="test_invalidation_lifecycle_rules" time="0.000" /><testcase classname="tests.test_decisions_and_execution" name="test_watch_condition_rules_and_stop_sides" time="0.000" /><testcase classname="tests.test_decisions_and_execution" name="test_condition_level_range" time="0.000" /><testcase classname="tests.test_decisions_and_execution" name="test_min_delta_no_execution" time="0.000" /><testcase classname="tests.test_decisions_and_execution" name="test_exact_increase_reduce_and_fees" time="0.000" /><testcase classname="tests.test_decisions_and_execution" name="test_reversal_two_fees_new_lifecycle" time="0.000" /><testcase classname="tests.test_decisions_and_execution" name="test_null_removes_resting_levels" time="0.000" /><testcase classname="tests.test_decisions_and_execution" name="test_quantity_rounds_down" time="0.000" /><testcase classname="tests.test_decisions_and_execution" name="test_decision_close_charges_fee_and_records_trade" time="0.000" /><testcase classname="tests.test_edge_and_oracles" name="test_short_gap_through_take_profit_fills_at_open" time="0.000" /><testcase classname="tests.test_edge_and_oracles" name="test_post_trigger_action_increased" time="0.000" /><testcase classname="tests.test_edge_and_oracles" name="test_aborted_pair_still_gets_market_driven_exits_and_latches" time="0.031" /><testcase classname="tests.test_edge_and_oracles" name="test_oracle_sma" time="0.000" /><testcase classname="tests.test_edge_and_oracles" name="test_oracle_rsi" time="0.000" /><testcase classname="tests.test_edge_and_oracles" name="test_oracle_atr" time="0.000" /><testcase classname="tests.test_edge_and_oracles" name="test_oracle_volume_and_ratio" time="0.000" /><testcase classname="tests.test_edge_and_oracles" name="test_oracle_vwap_and_pct" time="0.000" /><testcase classname="tests.test_edge_and_oracles" name="test_oracle_liquidation_thresholds" time="0.000" /><testcase classname="tests.test_edge_and_oracles" name="test_oracle_pnl_fees_weighted_entry" time="0.000" /><testcase classname="tests.test_features_and_marketdata" name="test_sma_exact" time="0.000" /><testcase classname="tests.test_features_and_marketdata" name="test_rsi_all_gains_and_insufficient" time="0.000" /><testcase classname="tests.test_features_and_marketdata" name="test_atr_flat_market_zero" time="0.000" /><testcase classname="tests.test_features_and_marketdata" name="test_volume_baseline_excludes_latest" time="0.000" /><testcase classname="tests.test_features_and_marketdata" name="test_volume_ratio_zero_baseline_na" time="0.000" /><testcase classname="tests.test_features_and_marketdata" name="test_vwap_includes_latest_and_zero_volume_na" time="0.000" /><testcase classname="tests.test_features_and_marketdata" name="test_features_computed_only_from_visible_window" time="0.000" /><testcase classname="tests.test_features_and_marketdata" name="test_snapshot_builds_from_fixtures" time="0.000" /><testcase classname="tests.test_features_and_marketdata" name="test_hourly_gap_rejected" time="0.000" /><testcase classname="tests.test_features_and_marketdata" name="test_short_hourly_history_rejected" time="0.000" /><testcase classname="tests.test_features_and_marketdata" name="test_daily_excludes_incomplete_current_day" time="0.000" /><testcase classname="tests.test_features_and_marketdata" name="test_1m_coverage_gap_rejected" time="0.000" /><testcase classname="tests.test_features_and_marketdata" name="test_execution_price_is_last_completed_1m_close" time="0.004" /><testcase classname="tests.test_fuzz_properties" name="test_fuzz_1000_sequences" time="0.089" /><testcase classname="tests.test_goldens_and_schemas" name="test_goldens_byte_identical_regeneration" time="0.023" /><testcase classname="tests.test_goldens_and_schemas" name="test_goldens_content_rules" time="0.023" /><testcase classname="tests.test_goldens_and_schemas" name="test_attempt_records_validate" time="0.089" /><testcase classname="tests.test_goldens_and_schemas" name="test_lifecycle_trade_dashboard_schemas" time="0.037" /><testcase classname="tests.test_metrics_full" name="test_direction_disagreement_and_conflicts" time="0.000" /><testcase classname="tests.test_metrics_full" name="test_size_difference_in_equity_multiples" time="0.000" /><testcase classname="tests.test_metrics_full" name="test_stop_and_target_usage_denominator_positioned_only" time="0.000" /><testcase classname="tests.test_metrics_full" name="test_committed_only_and_exclusions" time="0.000" /><testcase classname="tests.test_metrics_full" name="test_turnover_time_weighted" time="0.000" /><testcase classname="tests.test_metrics_full" name="test_invalidation_eligibility_and_compliance" time="0.000" /><testcase classname="tests.test_metrics_full" name="test_feature_reference_descriptive_only" time="0.000" /><testcase classname="tests.test_metrics_full" name="test_account_outcomes_and_invalidation_response_shapes" time="0.000" /><testcase classname="tests.test_replay_and_liquidation" name="test_gap_through_stop_fills_at_open" time="0.000" /><testcase classname="tests.test_replay_and_liquidation" name="test_gap_through_tp_fills_at_open" time="0.000" /><testcase classname="tests.test_replay_and_liquidation" name="test_intracandle_stop_fills_at_level" time="0.000" /><testcase classname="tests.test_replay_and_liquidation" name="test_protective_first_when_ambiguous" time="0.000" /><testcase classname="tests.test_replay_and_liquidation" name="test_protective_level_is_higher_of_stop_and_liq_for_long" time="0.000" /><testcase classname="tests.test_replay_and_liquidation" name="test_liquidation_formulas_and_residual_equity" time="0.000" /><testcase classname="tests.test_replay_and_liquidation" name="test_short_liquidation_and_terminal_zero" time="0.000" /><testcase classname="tests.test_replay_and_liquidation" name="test_liquidation_charges_fee" time="0.000" /><testcase classname="tests.test_replay_and_liquidation" name="test_intrabar_invalidation_latch_and_same_candle_exit" time="0.000" /><testcase classname="tests.test_replay_and_liquidation" name="test_candle_before_lifecycle_start_cannot_trigger" time="0.000" /><testcase classname="tests.test_replay_and_liquidation" name="test_1h_close_invalidation_only_at_completed_close" time="0.000" /><testcase classname="tests.test_replay_and_liquidation" name="test_ended_lifecycle_never_triggers" time="0.000" /><testcase classname="tests.test_rounds_persistence_dashboard" name="test_full_boundary_all_pairs_commit" time="0.030" /><testcase classname="tests.test_rounds_persistence_dashboard" name="test_prompts_pregenerated_before_first_call" time="0.030" /><testcase classname="tests.test_rounds_persistence_dashboard" name="test_pair_abort_isolates_and_preserves_state" time="0.029" /><testcase classname="tests.test_rounds_persistence_dashboard" name="test_transport_retries_then_abort" time="0.029" /><testcase classname="tests.test_rounds_persistence_dashboard" name="test_validation_retry_correction_commits" time="0.030" /><testcase classname="tests.test_rounds_persistence_dashboard" name="test_missing_coin_data_aborts_only_that_coin" time="0.027" /><testcase classname="tests.test_rounds_persistence_dashboard" name="test_deadline_aborts_remaining_pairs" time="0.021" /><testcase classname="tests.test_rounds_persistence_dashboard" name="test_terminal_split" time="0.028" /><testcase classname="tests.test_rounds_persistence_dashboard" name="test_wave_order_deterministic_and_rotating" time="0.000" /><testcase classname="tests.test_rounds_persistence_dashboard" name="test_coin_isolation_wrong_snapshot_raises" time="0.001" /><testcase classname="tests.test_rounds_persistence_dashboard" name="test_persistence_roundtrip_and_atomicity" time="0.001" /><testcase classname="tests.test_rounds_persistence_dashboard" name="test_duplicate_round_prevention" time="0.001" /><testcase classname="tests.test_rounds_persistence_dashboard" name="test_metrics_denominators_and_reliability" time="0.030" /><testcase classname="tests.test_rounds_persistence_dashboard" name="test_dashboard_payload_18_accounts" time="0.033" /><testcase classname="tests.test_ruling006" name="test_A_open_from_flat_capped_long_and_short" time="0.000" /><testcase classname="tests.test_ruling006" name="test_B_reversal_capped" time="0.000" /><testcase classname="tests.test_ruling006" name="test_C_same_side_increase_capped" time="0.000" /><testcase classname="tests.test_ruling006" name="test_D_exact_hold_allowed_above_5x" time="0.000" /><testcase classname="tests.test_ruling006" name="test_E_reduction_allowed_even_if_still_above_5x" time="0.000" /><testcase classname="tests.test_ruling006" name="test_F_above_5x_may_hold_or_reduce_but_not_increase" time="0.000" /><testcase classname="tests.test_ruling006" name="test_gap_through_liquidation_long_and_short" time="0.000" /><testcase classname="tests.test_ruling006" name="test_gap_wording_in_system_prompt_and_leverage_wording" time="0.000" /><testcase classname="tests.test_ruling006" name="test_replay_gap_now_sets_catchup_not_termination" time="0.070" /><testcase classname="tests.test_ruling006" name="test_coordinator_new_boundary_reset" time="0.060" /><testcase classname="tests.test_ruling007_boundary" name="test_plus_9_99_no_execution_long_short" time="0.000" /><testcase classname="tests.test_ruling007_boundary" name="test_exactly_plus_10_is_executable_increase_long_short" time="0.000" /><testcase classname="tests.test_ruling007_boundary" name="test_plus_10_01_is_executable_increase_long_short" time="0.000" /><testcase classname="tests.test_ruling007_boundary" name="test_minus_9_99_no_execution_long_short" time="0.000" /><testcase classname="tests.test_ruling007_boundary" name="test_exactly_minus_10_is_executable_reduction_long_short" time="0.000" /><testcase classname="tests.test_ruling007_boundary" name="test_minus_10_01_is_executable_reduction_long_short" time="0.000" /><testcase classname="tests.test_ruling007_boundary" name="test_exactly_plus_10_above_5x_rejected_long_short" time="0.000" /><testcase classname="tests.test_ruling007_boundary" name="test_exactly_minus_10_above_5x_accepted_long_short" time="0.000" /><testcase classname="tests.test_ruling008" name="test_schema_probes_rejected_without_crash[probe0]" time="0.000" /><testcase classname="tests.test_ruling008" name="test_schema_probes_rejected_without_crash[probe1]" time="0.000" /><testcase classname="tests.test_ruling008" name="test_schema_probes_rejected_without_crash[probe2]" time="0.000" /><testcase classname="tests.test_ruling008" name="test_schema_probes_rejected_without_crash[just a string]" time="0.000" /><testcase classname="tests.test_ruling008" name="test_schema_probes_rejected_without_crash[probe4]" time="0.000" /><testcase classname="tests.test_ruling008" name="test_schema_probes_rejected_without_crash[None]" time="0.000" /><testcase classname="tests.test_ruling008" name="test_schema_probes_rejected_without_crash[42]" time="0.000" /><testcase classname="tests.test_ruling008" name="test_schema_probes_rejected_without_crash[probe7]" time="0.000" /><testcase classname="tests.test_ruling008" name="test_schema_probes_rejected_without_crash[probe8]" time="0.000" /><testcase classname="tests.test_ruling008" name="test_schema_probes_rejected_without_crash[probe9]" time="0.000" /><testcase classname="tests.test_ruling008" name="test_schema_probes_rejected_without_crash[probe10]" time="0.000" /><testcase classname="tests.test_ruling008" name="test_schema_probes_rejected_without_crash[probe11]" time="0.000" /><testcase classname="tests.test_ruling008" name="test_schema_probes_rejected_without_crash[probe12]" time="0.000" /><testcase classname="tests.test_ruling008" name="test_schema_probe_through_coordinator_no_crash" time="0.029" /><testcase classname="tests.test_ruling008" name="test_schema_invalid_retry_corrected_commits" time="0.030" /><testcase classname="tests.test_ruling008" name="test_valid_twin_not_executed_when_pair_aborts" time="0.031" /><testcase classname="tests.test_ruling008" name="test_prompts_on_disk_before_first_call_and_reused" time="0.035" /><testcase classname="tests.test_ruling008" name="test_prompt_archive_failure_means_zero_calls" time="0.010" /><testcase classname="tests.test_ruling008" name="test_terminal_account_recorded_not_called" time="0.029" /><testcase classname="tests.test_ruling008" name="test_stale_hourly_daily_1m_rejected" time="0.043" /><testcase classname="tests.test_ruling008" name="test_malformed_candles_rejected" time="0.022" /><testcase classname="tests.test_ruling008" name="test_ten_hour_policy[35940-CATCHUP_REQUIRED]" time="0.034" /><testcase classname="tests.test_ruling008" name="test_ten_hour_policy[36000-CATCHUP_REQUIRED]" time="0.032" /><testcase classname="tests.test_ruling008" name="test_ten_hour_policy[36060-COIN_TERMINATED]" time="0.034" /><testcase classname="tests.test_ruling008" name="test_empty_and_wrong_interval_rejected" time="0.176" /><testcase classname="tests.test_ruling008" name="test_catchup_success_before_limit" time="0.097" /><testcase classname="tests.test_ruling008" name="test_four_total_transport_attempts" time="0.032" /><testcase classname="tests.test_ruling008" name="test_concurrency_peak_equals_limit_never_exceeds" time="0.029" /><testcase classname="tests.test_ruling008" name="test_shuffled_completion_order_identical_results" time="0.117" /><testcase classname="tests.test_ruling008" name="test_deadline_boundaries[719.0-True]" time="0.029" /><testcase classname="tests.test_ruling008" name="test_deadline_boundaries[720.0-False]" time="0.029" /><testcase classname="tests.test_ruling008" name="test_deadline_boundaries[721.0-False]" time="0.030" /><testcase classname="tests.test_ruling008" name="test_one_twin_late_aborts_only_that_pair" time="0.029" /><testcase classname="tests.test_ruling008" name="test_outbox_crash_recovery_consistent[after_checkpoint]" time="0.027" /><testcase classname="tests.test_ruling008" name="test_outbox_crash_recovery_consistent[between_publish_and_mark]" time="0.027" /><testcase classname="tests.test_ruling008" name="test_termination_event_persisted_to_ledger" time="0.033" /><testcase classname="tests.test_ruling008" name="test_attempt_files_durable_and_duplicate_safe" time="0.029" /><testcase classname="tests.test_ruling008" name="test_manifest_covers_code_and_detects_any_byte" time="0.013" /><testcase classname="tests.test_ruling008" name="test_params_mismatch_halts" time="0.001" /><testcase classname="tests.test_ruling008" name="test_three_lifecycles_all_queryable" time="0.000" /><testcase classname="tests.test_ruling008" name="test_hourly_watch_not_triggered_by_wick" time="0.000" /><testcase classname="tests.test_ruling008" name="test_state_corruption_matrix" time="0.002" /></testsuite></testsuites>