============================= test session starts ==============================
platform darwin -- Python 3.13.14, pytest-9.1.1, pluggy-1.6.0 -- /usr/local/bin/python3
cachedir: .pytest_cache
rootdir: /Users/za/trading-research-machine/btc-arena-v1
collecting ... collected 183 items

tests/test_config_and_prompts.py::test_json_duplicate_keys_rejected PASSED [  0%]
tests/test_config_and_prompts.py::test_canonical_files_parse PASSED      [  1%]
tests/test_config_and_prompts.py::test_manifest_verifies_and_detects_change PASSED [  1%]
tests/test_config_and_prompts.py::test_param_change_changes_config_hash PASSED [  2%]
tests/test_config_and_prompts.py::test_schema_has_no_intended_horizon PASSED [  2%]
tests/test_config_and_prompts.py::test_prompt_rendering_deterministic PASSED [  3%]
tests/test_config_and_prompts.py::test_raw_and_feature_differ_only_by_feature_block PASSED [  3%]
tests/test_config_and_prompts.py::test_raw_prompt_has_no_derived_features PASSED [  4%]
tests/test_config_and_prompts.py::test_removed_indicators_absent_from_feature_prompt PASSED [  4%]
tests/test_config_and_prompts.py::test_no_prohibited_interpretation_words PASSED [  5%]
tests/test_config_and_prompts.py::test_volume_disclosure_identical_in_both_arms PASSED [  6%]
tests/test_config_and_prompts.py::test_model_freedom_and_hold_permission_in_system PASSED [  6%]
tests/test_config_and_prompts.py::test_unrendered_placeholder_raises PASSED [  7%]
tests/test_config_and_prompts.py::test_feature_block_contains_only_approved_outputs PASSED [  7%]
tests/test_coverage_gaps.py::test_short_intracandle_stop_and_tp PASSED   [  8%]
tests/test_coverage_gaps.py::test_short_gap_stop_at_open PASSED          [  8%]
tests/test_coverage_gaps.py::test_flat_watch_condition_triggers_in_replay PASSED [  9%]
tests/test_coverage_gaps.py::test_close_on_flat_is_noop_and_end_twice PASSED [  9%]
tests/test_coverage_gaps.py::test_protective_none_when_flat PASSED       [ 10%]
tests/test_coverage_gaps.py::test_persistence_watch_heartbeat_ledger PASSED [ 10%]
tests/test_coverage_gaps.py::test_reversal_blocked_when_terminal_after_close PASSED [ 11%]
tests/test_crash_recovery.py::test_crash_matrix_no_double_effects[after_prompts] PASSED [ 12%]
tests/test_crash_recovery.py::test_crash_matrix_no_double_effects[after_first_attempt] PASSED [ 12%]
tests/test_crash_recovery.py::test_crash_matrix_no_double_effects[after_validate] PASSED [ 13%]
tests/test_crash_recovery.py::test_crash_matrix_no_double_effects[after_execute] PASSED [ 13%]
tests/test_crash_recovery.py::test_crash_matrix_no_double_effects[after_finalize] PASSED [ 14%]
tests/test_crash_recovery.py::test_crash_matrix_no_double_effects[after_one_pair] PASSED [ 14%]
tests/test_crash_recovery.py::test_crash_matrix_no_double_effects[during_replay] PASSED [ 15%]
tests/test_crash_recovery.py::test_committed_pair_fees_charged_exactly_once PASSED [ 15%]
tests/test_crash_recovery.py::test_crash_before_finalize_persists_nothing PASSED [ 16%]
tests/test_crash_recovery.py::test_replay_watermark_prevents_double_application PASSED [ 16%]
tests/test_crash_recovery.py::test_idempotent_rerun_after_completion PASSED [ 17%]
tests/test_decisions_and_execution.py::test_valid_open_passes_and_charges_fee PASSED [ 18%]
tests/test_decisions_and_execution.py::test_flat_requires_zero_size PASSED [ 18%]
tests/test_decisions_and_execution.py::test_min_open_size_and_negative_and_nan PASSED [ 19%]
tests/test_decisions_and_execution.py::test_leverage_rejected_not_clamped PASSED [ 19%]
tests/test_decisions_and_execution.py::test_invalidation_lifecycle_rules PASSED [ 20%]
tests/test_decisions_and_execution.py::test_watch_condition_rules_and_stop_sides PASSED [ 20%]
tests/test_decisions_and_execution.py::test_condition_level_range PASSED [ 21%]
tests/test_decisions_and_execution.py::test_min_delta_no_execution PASSED [ 21%]
tests/test_decisions_and_execution.py::test_exact_increase_reduce_and_fees PASSED [ 22%]
tests/test_decisions_and_execution.py::test_reversal_two_fees_new_lifecycle PASSED [ 22%]
tests/test_decisions_and_execution.py::test_null_removes_resting_levels PASSED [ 23%]
tests/test_decisions_and_execution.py::test_quantity_rounds_down PASSED  [ 24%]
tests/test_decisions_and_execution.py::test_decision_close_charges_fee_and_records_trade PASSED [ 24%]
tests/test_edge_and_oracles.py::test_short_gap_through_take_profit_fills_at_open PASSED [ 25%]
tests/test_edge_and_oracles.py::test_post_trigger_action_increased PASSED [ 25%]
tests/test_edge_and_oracles.py::test_aborted_pair_still_gets_market_driven_exits_and_latches PASSED [ 26%]
tests/test_edge_and_oracles.py::test_oracle_sma PASSED                   [ 26%]
tests/test_edge_and_oracles.py::test_oracle_rsi PASSED                   [ 27%]
tests/test_edge_and_oracles.py::test_oracle_atr PASSED                   [ 27%]
tests/test_edge_and_oracles.py::test_oracle_volume_and_ratio PASSED      [ 28%]
tests/test_edge_and_oracles.py::test_oracle_vwap_and_pct PASSED          [ 28%]
tests/test_edge_and_oracles.py::test_oracle_liquidation_thresholds PASSED [ 29%]
tests/test_edge_and_oracles.py::test_oracle_pnl_fees_weighted_entry PASSED [ 30%]
tests/test_features_and_marketdata.py::test_sma_exact PASSED             [ 30%]
tests/test_features_and_marketdata.py::test_rsi_all_gains_and_insufficient PASSED [ 31%]
tests/test_features_and_marketdata.py::test_atr_flat_market_zero PASSED  [ 31%]
tests/test_features_and_marketdata.py::test_volume_baseline_excludes_latest PASSED [ 32%]
tests/test_features_and_marketdata.py::test_volume_ratio_zero_baseline_na PASSED [ 32%]
tests/test_features_and_marketdata.py::test_vwap_includes_latest_and_zero_volume_na PASSED [ 33%]
tests/test_features_and_marketdata.py::test_features_computed_only_from_visible_window PASSED [ 33%]
tests/test_features_and_marketdata.py::test_snapshot_builds_from_fixtures PASSED [ 34%]
tests/test_features_and_marketdata.py::test_hourly_gap_rejected PASSED   [ 34%]
tests/test_features_and_marketdata.py::test_short_hourly_history_rejected PASSED [ 35%]
tests/test_features_and_marketdata.py::test_daily_excludes_incomplete_current_day PASSED [ 36%]
tests/test_features_and_marketdata.py::test_1m_coverage_gap_rejected PASSED [ 36%]
tests/test_features_and_marketdata.py::test_execution_price_is_last_completed_1m_close PASSED [ 37%]
tests/test_fuzz_properties.py::test_fuzz_1000_sequences PASSED           [ 37%]
tests/test_goldens_and_schemas.py::test_goldens_byte_identical_regeneration PASSED [ 38%]
tests/test_goldens_and_schemas.py::test_goldens_content_rules PASSED     [ 38%]
tests/test_goldens_and_schemas.py::test_attempt_records_validate PASSED  [ 39%]
tests/test_goldens_and_schemas.py::test_lifecycle_trade_dashboard_schemas PASSED [ 39%]
tests/test_metrics_full.py::test_direction_disagreement_and_conflicts PASSED [ 40%]
tests/test_metrics_full.py::test_size_difference_in_equity_multiples PASSED [ 40%]
tests/test_metrics_full.py::test_stop_and_target_usage_denominator_positioned_only PASSED [ 41%]
tests/test_metrics_full.py::test_committed_only_and_exclusions PASSED    [ 42%]
tests/test_metrics_full.py::test_turnover_time_weighted PASSED           [ 42%]
tests/test_metrics_full.py::test_invalidation_eligibility_and_compliance PASSED [ 43%]
tests/test_metrics_full.py::test_feature_reference_descriptive_only PASSED [ 43%]
tests/test_metrics_full.py::test_account_outcomes_and_invalidation_response_shapes PASSED [ 44%]
tests/test_replay_and_liquidation.py::test_gap_through_stop_fills_at_open PASSED [ 44%]
tests/test_replay_and_liquidation.py::test_gap_through_tp_fills_at_open PASSED [ 45%]
tests/test_replay_and_liquidation.py::test_intracandle_stop_fills_at_level PASSED [ 45%]
tests/test_replay_and_liquidation.py::test_protective_first_when_ambiguous PASSED [ 46%]
tests/test_replay_and_liquidation.py::test_protective_level_is_higher_of_stop_and_liq_for_long PASSED [ 46%]
tests/test_replay_and_liquidation.py::test_liquidation_formulas_and_residual_equity PASSED [ 47%]
tests/test_replay_and_liquidation.py::test_short_liquidation_and_terminal_zero PASSED [ 48%]
tests/test_replay_and_liquidation.py::test_liquidation_charges_fee PASSED [ 48%]
tests/test_replay_and_liquidation.py::test_intrabar_invalidation_latch_and_same_candle_exit PASSED [ 49%]
tests/test_replay_and_liquidation.py::test_candle_before_lifecycle_start_cannot_trigger PASSED [ 49%]
tests/test_replay_and_liquidation.py::test_1h_close_invalidation_only_at_completed_close PASSED [ 50%]
tests/test_replay_and_liquidation.py::test_ended_lifecycle_never_triggers PASSED [ 50%]
tests/test_rounds_persistence_dashboard.py::test_full_boundary_all_pairs_commit PASSED [ 51%]
tests/test_rounds_persistence_dashboard.py::test_prompts_pregenerated_before_first_call PASSED [ 51%]
tests/test_rounds_persistence_dashboard.py::test_pair_abort_isolates_and_preserves_state PASSED [ 52%]
tests/test_rounds_persistence_dashboard.py::test_transport_retries_then_abort PASSED [ 53%]
tests/test_rounds_persistence_dashboard.py::test_validation_retry_correction_commits PASSED [ 53%]
tests/test_rounds_persistence_dashboard.py::test_missing_coin_data_aborts_only_that_coin PASSED [ 54%]
tests/test_rounds_persistence_dashboard.py::test_deadline_aborts_remaining_pairs PASSED [ 54%]
tests/test_rounds_persistence_dashboard.py::test_terminal_split PASSED   [ 55%]
tests/test_rounds_persistence_dashboard.py::test_wave_order_deterministic_and_rotating PASSED [ 55%]
tests/test_rounds_persistence_dashboard.py::test_coin_isolation_wrong_snapshot_raises PASSED [ 56%]
tests/test_rounds_persistence_dashboard.py::test_persistence_roundtrip_and_atomicity PASSED [ 56%]
tests/test_rounds_persistence_dashboard.py::test_duplicate_round_prevention PASSED [ 57%]
tests/test_rounds_persistence_dashboard.py::test_metrics_denominators_and_reliability PASSED [ 57%]
tests/test_rounds_persistence_dashboard.py::test_dashboard_payload_18_accounts PASSED [ 58%]
tests/test_ruling006.py::test_A_open_from_flat_capped_long_and_short PASSED [ 59%]
tests/test_ruling006.py::test_B_reversal_capped PASSED                   [ 59%]
tests/test_ruling006.py::test_C_same_side_increase_capped PASSED         [ 60%]
tests/test_ruling006.py::test_D_exact_hold_allowed_above_5x PASSED       [ 60%]
tests/test_ruling006.py::test_E_reduction_allowed_even_if_still_above_5x PASSED [ 61%]
tests/test_ruling006.py::test_F_above_5x_may_hold_or_reduce_but_not_increase PASSED [ 61%]
tests/test_ruling006.py::test_gap_through_liquidation_long_and_short PASSED [ 62%]
tests/test_ruling006.py::test_gap_wording_in_system_prompt_and_leverage_wording PASSED [ 62%]
tests/test_ruling006.py::test_replay_gap_now_sets_catchup_not_termination PASSED [ 63%]
tests/test_ruling006.py::test_coordinator_new_boundary_reset PASSED      [ 63%]
tests/test_ruling007_boundary.py::test_plus_9_99_no_execution_long_short PASSED [ 64%]
tests/test_ruling007_boundary.py::test_exactly_plus_10_is_executable_increase_long_short PASSED [ 65%]
tests/test_ruling007_boundary.py::test_plus_10_01_is_executable_increase_long_short PASSED [ 65%]
tests/test_ruling007_boundary.py::test_minus_9_99_no_execution_long_short PASSED [ 66%]
tests/test_ruling007_boundary.py::test_exactly_minus_10_is_executable_reduction_long_short PASSED [ 66%]
tests/test_ruling007_boundary.py::test_minus_10_01_is_executable_reduction_long_short PASSED [ 67%]
tests/test_ruling007_boundary.py::test_exactly_plus_10_above_5x_rejected_long_short PASSED [ 67%]
tests/test_ruling007_boundary.py::test_exactly_minus_10_above_5x_accepted_long_short PASSED [ 68%]
tests/test_ruling008.py::test_schema_probes_rejected_without_crash[probe0] PASSED [ 68%]
tests/test_ruling008.py::test_schema_probes_rejected_without_crash[probe1] PASSED [ 69%]
tests/test_ruling008.py::test_schema_probes_rejected_without_crash[probe2] PASSED [ 69%]
tests/test_ruling008.py::test_schema_probes_rejected_without_crash[just a string] PASSED [ 70%]
tests/test_ruling008.py::test_schema_probes_rejected_without_crash[probe4] PASSED [ 71%]
tests/test_ruling008.py::test_schema_probes_rejected_without_crash[None] PASSED [ 71%]
tests/test_ruling008.py::test_schema_probes_rejected_without_crash[42] PASSED [ 72%]
tests/test_ruling008.py::test_schema_probes_rejected_without_crash[probe7] PASSED [ 72%]
tests/test_ruling008.py::test_schema_probes_rejected_without_crash[probe8] PASSED [ 73%]
tests/test_ruling008.py::test_schema_probes_rejected_without_crash[probe9] PASSED [ 73%]
tests/test_ruling008.py::test_schema_probes_rejected_without_crash[probe10] PASSED [ 74%]
tests/test_ruling008.py::test_schema_probes_rejected_without_crash[probe11] PASSED [ 74%]
tests/test_ruling008.py::test_schema_probes_rejected_without_crash[probe12] PASSED [ 75%]
tests/test_ruling008.py::test_schema_probe_through_coordinator_no_crash PASSED [ 75%]
tests/test_ruling008.py::test_schema_invalid_retry_corrected_commits PASSED [ 76%]
tests/test_ruling008.py::test_valid_twin_not_executed_when_pair_aborts PASSED [ 77%]
tests/test_ruling008.py::test_prompts_on_disk_before_first_call_and_reused PASSED [ 77%]
tests/test_ruling008.py::test_prompt_archive_failure_means_zero_calls PASSED [ 78%]
tests/test_ruling008.py::test_terminal_account_recorded_not_called PASSED [ 78%]
tests/test_ruling008.py::test_stale_hourly_daily_1m_rejected PASSED      [ 79%]
tests/test_ruling008.py::test_malformed_candles_rejected PASSED          [ 79%]
tests/test_ruling008.py::test_ten_hour_policy[35940-CATCHUP_REQUIRED] PASSED [ 80%]
tests/test_ruling008.py::test_ten_hour_policy[36000-CATCHUP_REQUIRED] PASSED [ 80%]
tests/test_ruling008.py::test_ten_hour_policy[36060-COIN_TERMINATED] PASSED [ 81%]
tests/test_ruling008.py::test_empty_and_wrong_interval_rejected PASSED   [ 81%]
tests/test_ruling008.py::test_catchup_success_before_limit PASSED        [ 82%]
tests/test_ruling008.py::test_four_total_transport_attempts PASSED       [ 83%]
tests/test_ruling008.py::test_concurrency_peak_equals_limit_never_exceeds PASSED [ 83%]
tests/test_ruling008.py::test_shuffled_completion_order_identical_results PASSED [ 84%]
tests/test_ruling008.py::test_deadline_boundaries[719.0-True] PASSED     [ 84%]
tests/test_ruling008.py::test_deadline_boundaries[720.0-False] PASSED    [ 85%]
tests/test_ruling008.py::test_deadline_boundaries[721.0-False] PASSED    [ 85%]
tests/test_ruling008.py::test_one_twin_late_aborts_only_that_pair PASSED [ 86%]
tests/test_ruling008.py::test_outbox_crash_recovery_consistent[after_checkpoint] PASSED [ 86%]
tests/test_ruling008.py::test_outbox_crash_recovery_consistent[between_publish_and_mark] PASSED [ 87%]
tests/test_ruling008.py::test_termination_event_persisted_to_ledger PASSED [ 87%]
tests/test_ruling008.py::test_attempt_files_durable_and_duplicate_safe PASSED [ 88%]
tests/test_ruling008.py::test_manifest_covers_code_and_detects_any_byte PASSED [ 89%]
tests/test_ruling008.py::test_params_mismatch_halts PASSED               [ 89%]
tests/test_ruling008.py::test_three_lifecycles_all_queryable PASSED      [ 90%]
tests/test_ruling008.py::test_hourly_watch_not_triggered_by_wick PASSED  [ 90%]
tests/test_ruling008.py::test_state_corruption_matrix PASSED             [ 91%]
tests/test_ruling009.py::test_mutation_halts_before_any_request[engine source-engine/execution.py] PASSED [ 91%]
tests/test_ruling009.py::test_mutation_halts_before_any_request[production script-scripts/run_pilot_12h.py] PASSED [ 92%]
tests/test_ruling009.py::test_mutation_halts_before_any_request[config-config/v1/experiment.json] PASSED [ 92%]
tests/test_ruling009.py::test_mutation_halts_before_any_request[prompt-prompts/v1/system.txt] PASSED [ 93%]
tests/test_ruling009.py::test_mutation_halts_before_any_request[decision schema-schemas/v1/decision.schema.json] PASSED [ 93%]
tests/test_ruling009.py::test_mutation_halts_before_any_request[records schema-schemas/v1/records.schema.json] PASSED [ 94%]
tests/test_ruling009.py::test_missing_launch_manifest_halts PASSED       [ 95%]
tests/test_ruling009.py::test_manifest_is_loaded_not_rebuilt PASSED      [ 95%]
tests/test_ruling009.py::test_missing_checksum_rejected PASSED           [ 96%]
tests/test_ruling009.py::test_incorrect_checksum_rejected PASSED         [ 96%]
tests/test_ruling009.py::test_missing_account_rejected PASSED            [ 97%]
tests/test_ruling009.py::test_missing_account_with_valid_checksum_rejected PASSED [ 97%]
tests/test_ruling009.py::test_extra_account_rejected PASSED              [ 98%]
tests/test_ruling009.py::test_changed_balance_checksum_removed_rejected PASSED [ 98%]
tests/test_ruling009.py::test_invalid_identity_rejected_not_keyerror PASSED [ 99%]
tests/test_ruling009.py::test_unverified_loader_is_isolated PASSED       [100%]

============================= slowest 20 durations =============================
0.30s call     tests/test_crash_recovery.py::test_replay_watermark_prevents_double_application
0.17s call     tests/test_ruling008.py::test_empty_and_wrong_interval_rejected
0.17s call     tests/test_crash_recovery.py::test_idempotent_rerun_after_completion
0.17s call     tests/test_crash_recovery.py::test_crash_matrix_no_double_effects[during_replay]
0.16s call     tests/test_crash_recovery.py::test_committed_pair_fees_charged_exactly_once
0.15s call     tests/test_crash_recovery.py::test_crash_matrix_no_double_effects[after_finalize]
0.15s call     tests/test_crash_recovery.py::test_crash_matrix_no_double_effects[after_one_pair]
0.15s call     tests/test_crash_recovery.py::test_crash_matrix_no_double_effects[after_execute]
0.15s call     tests/test_crash_recovery.py::test_crash_matrix_no_double_effects[after_first_attempt]
0.15s call     tests/test_crash_recovery.py::test_crash_matrix_no_double_effects[after_prompts]
0.14s call     tests/test_crash_recovery.py::test_crash_matrix_no_double_effects[after_validate]
0.12s call     tests/test_ruling008.py::test_shuffled_completion_order_identical_results
0.11s call     tests/test_crash_recovery.py::test_crash_before_finalize_persists_nothing
0.11s call     tests/test_goldens_and_schemas.py::test_attempt_records_validate
0.10s call     tests/test_ruling008.py::test_catchup_success_before_limit
0.09s call     tests/test_fuzz_properties.py::test_fuzz_1000_sequences
0.07s call     tests/test_ruling006.py::test_replay_gap_now_sets_catchup_not_termination
0.07s call     tests/test_ruling006.py::test_coordinator_new_boundary_reset
0.05s setup    tests/test_config_and_prompts.py::test_prompt_rendering_deterministic
0.04s call     tests/test_ruling008.py::test_stale_hourly_daily_1m_rejected
============================= 183 passed in 3.96s ==============================
